TN:
SF:src/aligned_workspace.cpp
FN:20,44,_ZN10tensorkiln6detail16AlignedWorkspaceC2Em
FN:46,53,_ZN10tensorkiln6detail16AlignedWorkspaceC2EOS1_
FN:55,55,_ZN10tensorkiln6detail16AlignedWorkspaceD2Ev
FN:57,59,_ZN10tensorkiln6detail16AlignedWorkspace5bytesEv
FN:61,63,_ZNK10tensorkiln6detail16AlignedWorkspace5bytesEv
FN:65,82,_ZNK10tensorkiln6detail16AlignedWorkspace13guards_intactEv
FN:76,78,_ZZNK10tensorkiln6detail16AlignedWorkspace13guards_intactEvENKUlSt4byteE_clES2_
FN:79,81,_ZZNK10tensorkiln6detail16AlignedWorkspace13guards_intactEvENKUlSt4byteE0_clES2_
FN:84,88,_ZN10tensorkiln6detail16AlignedWorkspace23corrupt_prefix_for_testEv
FN:90,94,_ZN10tensorkiln6detail16AlignedWorkspace23corrupt_suffix_for_testEv
FN:96,105,_ZN10tensorkiln6detail16AlignedWorkspace7releaseEv
FNDA:2,_ZN10tensorkiln6detail16AlignedWorkspace23corrupt_prefix_for_testEv
FNDA:2,_ZN10tensorkiln6detail16AlignedWorkspace23corrupt_suffix_for_testEv
FNDA:5460,_ZN10tensorkiln6detail16AlignedWorkspace5bytesEv
FNDA:267,_ZN10tensorkiln6detail16AlignedWorkspace7releaseEv
FNDA:0,_ZN10tensorkiln6detail16AlignedWorkspaceC2EOS1_
FNDA:267,_ZN10tensorkiln6detail16AlignedWorkspaceC2Em
FNDA:267,_ZN10tensorkiln6detail16AlignedWorkspaceD2Ev
FNDA:2845,_ZNK10tensorkiln6detail16AlignedWorkspace13guards_intactEv
FNDA:2101,_ZNK10tensorkiln6detail16AlignedWorkspace5bytesEv
FNDA:181761,_ZZNK10tensorkiln6detail16AlignedWorkspace13guards_intactEvENKUlSt4byteE0_clES2_
FNDA:181888,_ZZNK10tensorkiln6detail16AlignedWorkspace13guards_intactEvENKUlSt4byteE_clES2_
FNF:11
FNH:10
BRDA:22,0,0,2
BRDA:22,0,1,265
BRDA:26,0,0,0
BRDA:26,0,1,265
BRDA:38,0,0,0
BRDA:38,0,1,265
BRDA:66,0,0,3
BRDA:66,0,1,2842
BRDA:67,0,0,3
BRDA:67,0,1,0
BRDA:67,0,2,3
BRDA:67,0,3,0
BRDA:69,0,0,0
BRDA:69,0,1,2842
BRDA:70,0,0,0
BRDA:70,0,1,2842
BRDA:78,0,0,2841
BRDA:78,0,1,1
BRDA:79,0,0,2840
BRDA:79,0,1,1
BRDA:85,0,0,1
BRDA:85,0,1,1
BRDA:91,0,0,1
BRDA:91,0,1,1
BRDA:97,0,0,265
BRDA:97,0,1,2
BRF:26
BRH:20
DA:20,267
DA:21,267
DA:22,267
DA:23,2
DA:25,265
DA:26,265
DA:28,0
DA:31,265
DA:32,265
DA:34,265
DA:37,265
DA:38,265
DA:42,265
DA:43,265
DA:46,0
DA:47,0
DA:48,0
DA:49,0
DA:50,0
DA:51,0
DA:52,0
DA:53,0
DA:55,267
DA:57,5460
DA:58,5460
DA:61,2101
DA:62,2101
DA:65,2845
DA:66,2845
DA:67,3
DA:69,2842
DA:70,2842
DA:71,2842
DA:72,2842
DA:74,2842
DA:75,2842
DA:76,2842
DA:77,181888
DA:78,5683
DA:79,2841
DA:80,181761
DA:81,2842
DA:84,2
DA:85,2
DA:86,1
DA:88,2
DA:90,2
DA:91,2
DA:92,1
DA:94,2
DA:96,267
DA:97,267
DA:98,265
DA:99,265
DA:102,267
DA:103,267
DA:104,267
DA:105,267
LF:58
LH:49
end_of_record
TN:
SF:src/aligned_workspace.hpp
FN:21,23,_ZNK10tensorkiln6detail16AlignedWorkspace13logical_bytesEv
FNDA:3699,_ZNK10tensorkiln6detail16AlignedWorkspace13logical_bytesEv
FNF:1
FNH:1
DA:21,3699
DA:22,3699
LF:2
LH:2
end_of_record
TN:
SF:src/arena.cpp
FN:11,23,_ZN10tensorkiln15ArenaAllocationC2Ejmmmjj
FN:25,27,_ZN10tensorkiln9ArenaPlanC2ENS_11ArenaLimitsENS_14ArenaPlanStatsESt6vectorINS_15ArenaAllocationESaIS4_EE
FN:29,37,_ZNK10tensorkiln9ArenaPlan13allocation_atEj
FN:39,66,_ZNK10tensorkiln9ArenaPlan4dumpB5cxx11Ev
FNDA:69601,_ZN10tensorkiln15ArenaAllocationC2Ejmmmjj
FNDA:1947,_ZN10tensorkiln9ArenaPlanC2ENS_11ArenaLimitsENS_14ArenaPlanStatsESt6vectorINS_15ArenaAllocationESaIS4_EE
FNDA:435991,_ZNK10tensorkiln9ArenaPlan13allocation_atEj
FNDA:557,_ZNK10tensorkiln9ArenaPlan4dumpB5cxx11Ev
FNF:4
FNH:4
BRDA:32,0,0,435989
BRDA:32,0,1,2
BRDA:32,0,2,0
BRDA:32,0,3,435989
BRDA:32,0,4,2
BRDA:32,0,5,435989
BRDA:40,0,0,557
BRDA:40,e0,1,0
BRDA:41,0,0,557
BRDA:41,0,2,557
BRDA:41,0,4,557
BRDA:41,e0,1,0
BRDA:41,e0,3,0
BRDA:41,e0,5,0
BRDA:42,0,0,557
BRDA:42,e0,1,0
BRDA:43,0,0,557
BRDA:43,0,2,557
BRDA:43,e0,1,0
BRDA:43,e0,3,0
BRDA:44,0,0,557
BRDA:44,e0,1,0
BRDA:45,0,0,557
BRDA:45,0,2,557
BRDA:45,0,4,557
BRDA:45,e0,1,0
BRDA:45,e0,3,0
BRDA:45,e0,5,0
BRDA:46,0,0,557
BRDA:46,0,2,557
BRDA:46,e0,1,0
BRDA:46,e0,3,0
BRDA:47,0,0,557
BRDA:47,e0,1,0
BRDA:48,0,0,557
BRDA:48,0,2,557
BRDA:48,e0,1,0
BRDA:48,e0,3,0
BRDA:49,0,0,557
BRDA:49,e0,1,0
BRDA:50,0,0,557
BRDA:50,0,2,557
BRDA:50,e0,1,0
BRDA:50,e0,3,0
BRDA:51,0,0,557
BRDA:51,e0,1,0
BRDA:52,0,0,557
BRDA:52,0,2,557
BRDA:52,e0,1,0
BRDA:52,e0,3,0
BRDA:53,0,0,557
BRDA:53,e0,1,0
BRDA:54,0,0,557
BRDA:54,0,2,557
BRDA:54,0,4,557
BRDA:54,e0,1,0
BRDA:54,e0,3,0
BRDA:54,e0,5,0
BRDA:55,0,0,41092
BRDA:55,0,1,557
BRDA:56,0,0,41092
BRDA:56,0,2,41092
BRDA:56,e0,1,0
BRDA:56,e0,3,0
BRDA:57,0,0,41092
BRDA:57,0,2,41092
BRDA:57,0,4,41092
BRDA:57,e0,1,0
BRDA:57,e0,3,0
BRDA:57,e0,5,0
BRDA:58,0,0,41092
BRDA:58,0,2,41092
BRDA:58,0,4,41092
BRDA:58,e0,1,0
BRDA:58,e0,3,0
BRDA:58,e0,5,0
BRDA:59,0,0,41092
BRDA:59,0,2,41092
BRDA:59,0,4,41092
BRDA:59,e0,1,0
BRDA:59,e0,3,0
BRDA:59,e0,5,0
BRDA:60,0,0,41092
BRDA:60,0,2,41092
BRDA:60,e0,1,0
BRDA:60,e0,3,0
BRDA:61,0,0,41092
BRDA:61,e0,1,0
BRDA:62,0,0,41092
BRDA:62,0,2,41092
BRDA:62,e0,1,0
BRDA:62,e0,3,0
BRDA:64,0,0,557
BRDA:64,e0,1,0
BRF:94
BRH:50
DA:11,69601
DA:17,69601
DA:18,69601
DA:19,69601
DA:20,69601
DA:21,69601
DA:22,69601
DA:23,69601
DA:25,1947
DA:26,1947
DA:27,1947
DA:29,435991
DA:31,435991
DA:32,871980
DA:33,435989
DA:34,2
DA:36,435989
DA:39,557
DA:40,557
DA:41,1114
DA:42,557
DA:43,1114
DA:44,1114
DA:45,1671
DA:46,1114
DA:47,1114
DA:48,2228
DA:49,1114
DA:50,2228
DA:51,1114
DA:52,2228
DA:53,1114
DA:54,1671
DA:55,41649
DA:56,82184
DA:57,164368
DA:58,164368
DA:59,164368
DA:60,164368
DA:61,82184
DA:62,123276
DA:64,557
DA:65,557
DA:66,0
LF:44
LH:43
end_of_record
TN:
SF:src/arena_planner.cpp
FN:31,42,_ZNK10tensorkiln12_GLOBAL__N_116ActiveBlockLaterclERKNS0_11ActiveBlockES4_
FN:45,47,_ZN10tensorkiln12_GLOBAL__N_112buffer_labelEj
FN:49,52,_ZN10tensorkiln12_GLOBAL__N_117planner_invariantENSt7__cxx1112basic_stringIcSt11char_traitsIcESaIcEEE
FN:54,62,_ZN10tensorkiln12_GLOBAL__N_111checked_addEmmRm
FN:66,138,_ZN10tensorkiln12_GLOBAL__N_114FreeBlockIndex7releaseEmm
FN:140,172,_ZN10tensorkiln12_GLOBAL__N_114FreeBlockIndex13take_best_fitEmRSt8optionalImE
FN:174,195,_ZN10tensorkiln12_GLOBAL__N_114FreeBlockIndex19take_frontier_blockEmRSt8optionalISt4pairImmEE
FN:200,210,_ZN10tensorkiln12_GLOBAL__N_114FreeBlockIndex5eraseESt17_Rb_tree_iteratorISt4pairIKmmEE
FN:218,323,_ZN10tensorkiln12ArenaPlanner3runESt4spanIKNS_18ArenaBufferRequestELm18446744073709551615EENS_11ArenaLimitsE
FN:234,243,_ZZN10tensorkiln12ArenaPlanner3runESt4spanIKNS_18ArenaBufferRequestELm18446744073709551615EENS_11ArenaLimitsEENKUlmmE_clEmm
FNDA:788,_ZN10tensorkiln12ArenaPlanner3runESt4spanIKNS_18ArenaBufferRequestELm18446744073709551615EENS_11ArenaLimitsE
FNDA:84638,_ZN10tensorkiln12_GLOBAL__N_111checked_addEmmRm
FNDA:0,_ZN10tensorkiln12_GLOBAL__N_112buffer_labelEj
FNDA:38431,_ZN10tensorkiln12_GLOBAL__N_114FreeBlockIndex13take_best_fitEmRSt8optionalImE
FNDA:10016,_ZN10tensorkiln12_GLOBAL__N_114FreeBlockIndex19take_frontier_blockEmRSt8optionalISt4pairImmEE
FNDA:15048,_ZN10tensorkiln12_GLOBAL__N_114FreeBlockIndex5eraseESt17_Rb_tree_iteratorISt4pairIKmmEE
FNDA:44563,_ZN10tensorkiln12_GLOBAL__N_114FreeBlockIndex7releaseEmm
FNDA:0,_ZN10tensorkiln12_GLOBAL__N_117planner_invariantENSt7__cxx1112basic_stringIcSt11char_traitsIcESaIcEEE
FNDA:166761,_ZNK10tensorkiln12_GLOBAL__N_116ActiveBlockLaterclERKNS0_11ActiveBlockES4_
FNDA:325413,_ZZN10tensorkiln12ArenaPlanner3runESt4spanIKNS_18ArenaBufferRequestELm18446744073709551615EENS_11ArenaLimitsEENKUlmmE_clEmm
FNF:10
FNH:8
BRDA:34,0,0,144825
BRDA:34,0,1,21936
BRDA:38,0,0,21936
BRDA:38,0,1,0
BRDA:46,0,0,-
BRDA:46,e0,1,-
BRDA:51,0,0,-
BRDA:51,e0,1,-
BRDA:57,0,0,0
BRDA:57,0,1,84638
BRDA:69,0,0,44563
BRDA:69,0,1,0
BRDA:70,0,0,44563
BRDA:70,0,1,0
BRDA:71,0,0,0
BRDA:71,0,1,44563
BRDA:72,0,0,-
BRDA:72,0,2,-
BRDA:72,e0,1,-
BRDA:72,e0,3,-
BRDA:78,0,0,44563
BRDA:78,e0,1,0
BRDA:79,0,0,23848
BRDA:79,0,1,20715
BRDA:82,0,0,0
BRDA:82,0,1,23848
BRDA:83,0,0,-
BRDA:83,0,2,-
BRDA:83,e0,1,-
BRDA:83,e0,3,-
BRDA:86,0,0,0
BRDA:86,0,1,23848
BRDA:87,0,0,-
BRDA:87,0,2,-
BRDA:87,e0,1,-
BRDA:87,e0,3,-
BRDA:90,0,0,9285
BRDA:90,0,1,14563
BRDA:91,0,0,0
BRDA:91,0,1,9285
BRDA:92,0,0,-
BRDA:92,0,2,-
BRDA:92,e0,1,-
BRDA:92,e0,3,-
BRDA:96,0,0,9285
BRDA:96,0,2,0
BRDA:96,0,3,9285
BRDA:96,e0,1,0
BRDA:97,0,0,-
BRDA:97,e0,1,-
BRDA:98,0,0,9285
BRDA:98,0,1,0
BRDA:102,0,0,44563
BRDA:102,e0,1,0
BRDA:103,0,0,24330
BRDA:103,0,1,20233
BRDA:105,0,0,0
BRDA:105,0,1,24330
BRDA:106,0,0,-
BRDA:106,0,2,-
BRDA:106,e0,1,-
BRDA:106,e0,3,-
BRDA:109,0,0,0
BRDA:109,0,1,24330
BRDA:110,0,0,-
BRDA:110,0,2,-
BRDA:110,e0,1,-
BRDA:110,e0,3,-
BRDA:113,0,0,5652
BRDA:113,0,1,18678
BRDA:114,0,0,0
BRDA:114,0,1,5652
BRDA:115,0,0,-
BRDA:115,0,2,-
BRDA:115,e0,1,-
BRDA:115,e0,3,-
BRDA:118,0,0,5652
BRDA:118,0,2,0
BRDA:118,0,3,5652
BRDA:118,e0,1,0
BRDA:119,0,0,-
BRDA:119,e0,1,-
BRDA:120,0,0,5652
BRDA:120,0,1,0
BRDA:125,0,0,44563
BRDA:125,e0,1,0
BRDA:126,0,0,0
BRDA:126,0,1,44563
BRDA:127,0,0,-
BRDA:127,0,2,-
BRDA:127,e0,1,-
BRDA:127,e0,3,-
BRDA:131,0,0,44563
BRDA:131,e0,1,0
BRDA:132,0,0,0
BRDA:132,0,1,44563
BRDA:133,0,0,-
BRDA:133,e0,1,-
BRDA:134,0,0,-
BRDA:134,0,2,-
BRDA:134,e0,1,-
BRDA:134,e0,3,-
BRDA:144,0,0,38431
BRDA:144,e0,1,0
BRDA:145,0,0,10016
BRDA:145,0,1,28415
BRDA:151,0,0,28415
BRDA:151,e0,1,0
BRDA:152,0,0,28415
BRDA:152,0,1,0
BRDA:152,0,2,0
BRDA:152,0,3,28415
BRDA:152,0,4,0
BRDA:152,0,5,28415
BRDA:153,0,0,-
BRDA:153,0,2,-
BRDA:153,e0,1,-
BRDA:153,e0,3,-
BRDA:156,0,0,28415
BRDA:156,e0,1,0
BRDA:157,0,0,28415
BRDA:157,e0,1,0
BRDA:159,0,0,9122
BRDA:159,0,1,19293
BRDA:161,0,0,0
BRDA:161,0,1,9122
BRDA:162,0,0,-
BRDA:162,0,2,-
BRDA:162,e0,1,-
BRDA:162,e0,3,-
BRDA:165,0,0,0
BRDA:165,0,1,9122
BRDA:166,0,0,9122
BRDA:166,e0,1,0
BRDA:167,0,0,-
BRDA:167,e0,1,-
BRDA:168,0,0,9122
BRDA:168,0,1,0
BRDA:178,0,0,7631
BRDA:178,0,1,2385
BRDA:183,0,0,0
BRDA:183,0,1,2385
BRDA:184,0,0,-
BRDA:184,0,2,-
BRDA:184,e0,1,-
BRDA:184,e0,3,-
BRDA:187,0,0,2274
BRDA:187,0,1,111
BRDA:194,0,0,111
BRDA:194,e0,1,0
BRDA:202,0,0,15048
BRDA:202,e0,1,0
BRDA:203,0,0,0
BRDA:203,0,1,15048
BRDA:204,0,0,-
BRDA:204,0,2,-
BRDA:204,e0,1,-
BRDA:204,e0,3,-
BRDA:207,0,0,15048
BRDA:207,e0,1,0
BRDA:208,0,0,15048
BRDA:208,e0,1,0
BRDA:221,0,0,788
BRDA:221,e0,1,0
BRDA:222,0,0,3
BRDA:222,0,1,785
BRDA:223,0,0,3
BRDA:223,0,2,3
BRDA:223,e0,1,0
BRDA:223,e0,3,0
BRDA:228,0,0,785
BRDA:228,e0,1,0
BRDA:229,0,0,38431
BRDA:229,0,1,785
BRDA:232,0,0,785
BRDA:232,e0,1,0
BRDA:239,0,0,315737
BRDA:239,0,1,9676
BRDA:250,0,0,785
BRDA:250,e0,1,0
BRDA:253,0,0,38431
BRDA:253,0,1,785
BRDA:256,0,0,73085
BRDA:256,0,1,787
BRDA:256,0,2,35441
BRDA:256,0,3,38431
BRDA:258,0,0,35441
BRDA:258,0,1,37644
BRDA:260,0,0,35441
BRDA:260,e0,1,0
BRDA:261,0,0,0
BRDA:261,0,1,35441
BRDA:262,0,0,35441
BRDA:262,e0,1,0
BRDA:263,0,0,-
BRDA:263,0,2,-
BRDA:263,e0,1,-
BRDA:263,e0,3,-
BRDA:264,0,0,35441
BRDA:264,0,1,0
BRDA:268,0,0,0
BRDA:268,0,1,38431
BRDA:270,0,0,38431
BRDA:270,e0,1,0
BRDA:271,0,0,-
BRDA:271,0,2,-
BRDA:271,e0,1,-
BRDA:271,e0,3,-
BRDA:272,0,0,38431
BRDA:272,0,1,0
BRDA:274,0,0,28415
BRDA:274,0,1,10016
BRDA:278,0,0,0
BRDA:278,0,1,10016
BRDA:279,0,0,10016
BRDA:279,e0,1,0
BRDA:280,0,0,-
BRDA:280,0,2,-
BRDA:280,e0,1,-
BRDA:280,e0,3,-
BRDA:281,0,0,10016
BRDA:281,0,1,0
BRDA:283,0,0,111
BRDA:283,0,1,9905
BRDA:285,0,0,0
BRDA:285,0,1,111
BRDA:286,0,0,-
BRDA:286,0,2,-
BRDA:286,e0,1,-
BRDA:286,e0,3,-
BRDA:287,0,0,-
BRDA:287,e0,1,-
BRDA:293,0,0,0
BRDA:293,0,1,10016
BRDA:294,0,0,-
BRDA:294,e0,1,-
BRDA:296,0,0,-
BRDA:296,e0,1,-
BRDA:297,0,0,-
BRDA:297,0,2,-
BRDA:297,e0,1,-
BRDA:297,e0,3,-
BRDA:301,0,0,38431
BRDA:301,e0,1,0
BRDA:306,0,0,38431
BRDA:306,e0,1,0
BRDA:310,0,0,785
BRDA:310,e0,1,0
BRDA:311,0,0,783
BRDA:311,0,1,2
BRDA:315,0,0,0
BRDA:315,0,1,2
BRDA:315,0,2,2
BRDA:315,0,3,0
BRDA:316,0,0,-
BRDA:316,0,1,-
BRDA:319,0,0,-
BRDA:319,e0,1,-
BRDA:320,0,0,-
BRDA:320,e0,1,-
BRDA:321,0,0,-
BRDA:321,0,2,-
BRDA:321,0,4,-
BRDA:321,e0,1,-
BRDA:321,e0,3,-
BRDA:321,e0,5,-
BRDA:322,0,0,-
BRDA:322,e0,1,-
BRF:268
BRH:101
DA:31,166761
DA:33,166761
DA:34,166761
DA:35,144825
DA:36,144825
DA:38,21936
DA:39,21936
DA:41,0
DA:45,0
DA:46,0
DA:49,0
DA:51,0
DA:54,84638
DA:57,84638
DA:58,0
DA:60,84638
DA:61,84638
DA:66,44563
DA:69,44563
DA:70,44563
DA:71,44563
DA:72,0
DA:73,0
DA:76,44563
DA:77,44563
DA:78,44563
DA:79,44563
DA:80,23848
DA:81,23848
DA:82,23848
DA:83,0
DA:84,0
DA:86,23848
DA:87,0
DA:88,0
DA:90,23848
DA:91,9285
DA:92,0
DA:93,0
DA:95,9285
DA:96,9285
DA:97,0
DA:98,9285
DA:102,44563
DA:103,44563
DA:104,24330
DA:105,24330
DA:106,0
DA:107,0
DA:109,24330
DA:110,0
DA:111,0
DA:113,24330
DA:114,5652
DA:115,0
DA:116,0
DA:118,5652
DA:119,0
DA:120,5652
DA:125,44563
DA:126,44563
DA:127,0
DA:128,0
DA:131,44563
DA:132,44563
DA:133,0
DA:134,0
DA:135,0
DA:137,44563
DA:140,38431
DA:143,38431
DA:144,38431
DA:145,38431
DA:146,10016
DA:149,28415
DA:150,28415
DA:151,28415
DA:152,28415
DA:153,0
DA:154,0
DA:156,28415
DA:157,28415
DA:159,28415
DA:160,9122
DA:161,9122
DA:162,0
DA:163,0
DA:165,9122
DA:166,9122
DA:167,0
DA:168,9122
DA:170,28415
DA:171,28415
DA:174,10016
DA:177,10016
DA:178,10016
DA:179,7631
DA:181,2385
DA:182,2385
DA:183,2385
DA:184,0
DA:185,0
DA:187,2385
DA:188,2274
DA:190,222
DA:191,111
DA:192,111
DA:193,111
DA:194,111
DA:200,15048
DA:202,15048
DA:203,15048
DA:204,0
DA:205,0
DA:207,15048
DA:208,15048
DA:209,15048
DA:218,788
DA:221,788
DA:222,788
DA:223,3
DA:226,785
DA:228,785
DA:229,39216
DA:230,38431
DA:232,785
DA:234,325413
DA:236,325413
DA:238,325413
DA:239,325413
DA:240,315737
DA:242,9676
DA:247,785
DA:248,785
DA:249,785
DA:250,785
DA:251,785
DA:253,39216
DA:254,38431
DA:255,38431
DA:256,146957
DA:257,73085
DA:258,73085
DA:259,35441
DA:260,35441
DA:261,35441
DA:262,35441
DA:263,0
DA:264,35441
DA:267,38431
DA:268,38431
DA:269,38431
DA:270,38431
DA:271,0
DA:272,38431
DA:273,38431
DA:274,38431
DA:275,28415
DA:277,10016
DA:278,10016
DA:279,10016
DA:280,0
DA:281,10016
DA:282,10016
DA:283,10016
DA:284,111
DA:285,111
DA:286,0
DA:287,0
DA:289,111
DA:291,9905
DA:293,10016
DA:294,0
DA:296,0
DA:297,0
DA:301,38431
DA:302,38431
DA:303,38431
DA:306,38431
DA:310,785
DA:311,785
DA:312,783
DA:314,2
DA:315,2
DA:316,0
DA:317,2
DA:319,0
DA:320,0
DA:321,0
DA:322,0
DA:323,788
LF:191
LH:142
end_of_record
TN:
SF:src/arena_support.cpp
FN:13,15,_ZN10tensorkiln6detail12_GLOBAL__N_112buffer_labelEm
FN:17,25,_ZN10tensorkiln6detail12_GLOBAL__N_111checked_addEmmRm
FN:29,31,_ZN10tensorkiln6detail11arena_errorENS_9ErrorCodeENSt7__cxx1112basic_stringIcSt11char_traitsIcESaIcEEE
FN:33,109,_ZN10tensorkiln6detail22prepare_arena_requestsESt4spanIKNS_18ArenaBufferRequestELm18446744073709551615EENS_11ArenaLimitsE
FNDA:75,_ZN10tensorkiln6detail11arena_errorENS_9ErrorCodeENSt7__cxx1112basic_stringIcSt11char_traitsIcESaIcEEE
FNDA:216115,_ZN10tensorkiln6detail12_GLOBAL__N_111checked_addEmmRm
FNDA:7,_ZN10tensorkiln6detail12_GLOBAL__N_112buffer_labelEm
FNDA:2807,_ZN10tensorkiln6detail22prepare_arena_requestsESt4spanIKNS_18ArenaBufferRequestELm18446744073709551615EENS_11ArenaLimitsE
FNF:4
FNH:4
BRDA:14,0,0,7
BRDA:14,0,2,7
BRDA:14,e0,1,0
BRDA:14,e0,3,0
BRDA:20,0,0,2
BRDA:20,0,1,216113
BRDA:37,0,0,2807
BRDA:37,0,1,0
BRDA:37,0,2,3
BRDA:37,0,3,2804
BRDA:38,0,0,3
BRDA:38,0,1,2804
BRDA:41,0,0,3
BRDA:41,0,2,3
BRDA:41,0,4,3
BRDA:41,e0,1,0
BRDA:41,e0,3,0
BRDA:41,e0,5,0
BRDA:42,0,0,3
BRDA:42,e0,1,0
BRDA:43,0,0,3
BRDA:43,e0,1,0
BRDA:47,0,0,2804
BRDA:47,e0,1,0
BRDA:51,0,0,108063
BRDA:51,0,1,2797
BRDA:53,0,0,2
BRDA:53,0,1,108061
BRDA:56,0,0,2
BRDA:56,0,2,2
BRDA:56,0,4,2
BRDA:56,e0,1,0
BRDA:56,e0,3,0
BRDA:56,e0,5,0
BRDA:57,0,0,2
BRDA:57,e0,1,0
BRDA:59,0,0,2
BRDA:59,0,1,108059
BRDA:62,0,0,2
BRDA:62,0,2,2
BRDA:62,0,4,2
BRDA:62,e0,1,0
BRDA:62,e0,3,0
BRDA:62,e0,5,0
BRDA:63,0,0,2
BRDA:63,e0,1,0
BRDA:64,0,0,2
BRDA:64,0,2,2
BRDA:64,e0,1,0
BRDA:64,e0,3,0
BRDA:65,0,0,2
BRDA:65,e0,1,0
BRDA:66,0,0,2
BRDA:66,e0,1,0
BRDA:69,0,0,1
BRDA:69,0,1,108058
BRDA:73,0,0,1
BRDA:73,0,2,1
BRDA:73,0,4,1
BRDA:73,0,6,1
BRDA:73,e0,1,0
BRDA:73,e0,3,0
BRDA:73,e0,5,0
BRDA:73,e0,7,0
BRDA:74,0,0,1
BRDA:74,0,2,1
BRDA:74,e0,1,0
BRDA:74,e0,3,0
BRDA:75,0,0,1
BRDA:75,e0,1,0
BRDA:82,0,0,1
BRDA:82,0,1,108057
BRDA:85,0,0,1
BRDA:85,e0,1,0
BRDA:86,0,0,1
BRDA:86,0,2,1
BRDA:86,e0,1,0
BRDA:86,e0,3,0
BRDA:89,0,0,1
BRDA:89,0,1,108056
BRDA:92,0,0,1
BRDA:92,e0,1,0
BRDA:93,0,0,1
BRDA:93,0,2,1
BRDA:93,e0,1,0
BRDA:93,e0,3,0
BRDA:100,0,0,108056
BRDA:100,e0,1,0
BRDA:104,0,0,0
BRDA:104,0,1,0
BRDA:108,0,0,2797
BRDA:108,e0,1,0
BRF:92
BRH:54
DA:13,7
DA:14,7
DA:17,216115
DA:20,216115
DA:21,2
DA:23,216113
DA:24,216113
DA:29,75
DA:30,75
DA:33,2807
DA:36,2807
DA:37,5614
DA:38,2807
DA:39,6
DA:41,6
DA:42,6
DA:43,9
DA:46,2804
DA:47,2804
DA:48,2804
DA:49,2804
DA:51,110860
DA:52,108063
DA:53,108063
DA:54,4
DA:56,4
DA:57,2
DA:59,108061
DA:60,4
DA:62,4
DA:63,4
DA:64,8
DA:65,8
DA:66,2
DA:68,216118
DA:69,108059
DA:71,2
DA:73,2
DA:74,4
DA:75,1
DA:77,108058
DA:78,108058
DA:81,108058
DA:82,108058
DA:83,2
DA:85,2
DA:86,3
DA:88,108057
DA:89,108057
DA:90,2
DA:92,2
DA:93,3
DA:95,108056
DA:96,108056
DA:97,108056
DA:99,108056
DA:100,108056
DA:104,5594
DA:105,2797
DA:108,2797
DA:109,2804
LF:61
LH:61
end_of_record
TN:
SF:src/arena_verifier.cpp
FN:26,28,_ZN10tensorkiln12_GLOBAL__N_112buffer_labelEj
FN:30,34,_ZN10tensorkiln12_GLOBAL__N_115placement_errorENS_9ErrorCodeENSt7__cxx1112basic_stringIcSt11char_traitsIcESaIcEEE
FN:36,54,_ZN10tensorkiln12_GLOBAL__N_113overlap_errorERKNS_15ArenaAllocationES3_
FN:58,278,_ZN10tensorkiln22ArenaPlacementVerifier6verifyESt4spanIKNS_18ArenaBufferRequestELm18446744073709551615EES1_IKNS_14ArenaPlacementELm18446744073709551615EENS_11ArenaLimitsE
FN:144,154,_ZZN10tensorkiln22ArenaPlacementVerifier6verifyESt4spanIKNS_18ArenaBufferRequestELm18446744073709551615EES1_IKNS_14ArenaPlacementELm18446744073709551615EENS_11ArenaLimitsEENKUlmmE_clEmm
FN:159,169,_ZZN10tensorkiln22ArenaPlacementVerifier6verifyESt4spanIKNS_18ArenaBufferRequestELm18446744073709551615EES1_IKNS_14ArenaPlacementELm18446744073709551615EENS_11ArenaLimitsEENKUlmmE0_clEmm
FNDA:108,_ZN10tensorkiln12_GLOBAL__N_112buffer_labelEj
FNDA:50,_ZN10tensorkiln12_GLOBAL__N_113overlap_errorERKNS_15ArenaAllocationES3_
FNDA:65,_ZN10tensorkiln12_GLOBAL__N_115placement_errorENS_9ErrorCodeENSt7__cxx1112basic_stringIcSt11char_traitsIcESaIcEEE
FNDA:2019,_ZN10tensorkiln22ArenaPlacementVerifier6verifyESt4spanIKNS_18ArenaBufferRequestELm18446744073709551615EES1_IKNS_14ArenaPlacementELm18446744073709551615EENS_11ArenaLimitsE
FNDA:653661,_ZZN10tensorkiln22ArenaPlacementVerifier6verifyESt4spanIKNS_18ArenaBufferRequestELm18446744073709551615EES1_IKNS_14ArenaPlacementELm18446744073709551615EENS_11ArenaLimitsEENKUlmmE0_clEmm
FNDA:556959,_ZZN10tensorkiln22ArenaPlacementVerifier6verifyESt4spanIKNS_18ArenaBufferRequestELm18446744073709551615EES1_IKNS_14ArenaPlacementELm18446744073709551615EENS_11ArenaLimitsEENKUlmmE_clEmm
FNF:6
FNH:6
BRDA:27,0,0,108
BRDA:27,e0,1,0
BRDA:33,0,0,65
BRDA:33,0,2,65
BRDA:33,e0,1,0
BRDA:33,e0,3,0
BRDA:40,0,0,50
BRDA:40,0,2,50
BRDA:40,0,4,50
BRDA:40,0,6,50
BRDA:40,e0,1,0
BRDA:40,e0,3,0
BRDA:40,e0,5,0
BRDA:40,e0,7,0
BRDA:41,0,0,50
BRDA:41,0,2,50
BRDA:41,e0,1,0
BRDA:41,e0,3,0
BRDA:42,0,0,50
BRDA:42,e0,1,0
BRDA:43,0,0,50
BRDA:43,0,2,50
BRDA:43,0,4,50
BRDA:43,e0,1,0
BRDA:43,e0,3,0
BRDA:43,e0,5,0
BRDA:44,0,0,50
BRDA:44,e0,1,0
BRDA:45,0,0,50
BRDA:45,e0,1,0
BRDA:46,0,0,50
BRDA:46,0,2,50
BRDA:46,0,4,50
BRDA:46,0,6,50
BRDA:46,e0,1,0
BRDA:46,e0,3,0
BRDA:46,e0,5,0
BRDA:46,e0,7,0
BRDA:47,0,0,50
BRDA:47,0,2,50
BRDA:47,e0,1,0
BRDA:47,e0,3,0
BRDA:48,0,0,50
BRDA:48,e0,1,0
BRDA:49,0,0,50
BRDA:49,0,2,50
BRDA:49,e0,1,0
BRDA:49,e0,3,0
BRDA:50,0,0,50
BRDA:50,0,2,50
BRDA:50,e0,1,0
BRDA:50,e0,3,0
BRDA:51,0,0,50
BRDA:51,0,2,50
BRDA:51,e0,1,0
BRDA:51,e0,3,0
BRDA:52,0,0,50
BRDA:52,e0,1,0
BRDA:53,0,0,50
BRDA:53,e0,1,0
BRDA:62,0,0,2019
BRDA:62,e0,1,0
BRDA:63,0,0,7
BRDA:63,0,1,2012
BRDA:64,0,0,7
BRDA:64,0,2,7
BRDA:64,e0,1,0
BRDA:64,e0,3,0
BRDA:69,0,0,3
BRDA:69,0,1,2009
BRDA:72,0,0,3
BRDA:72,0,2,3
BRDA:72,0,4,3
BRDA:72,e0,1,0
BRDA:72,e0,3,0
BRDA:72,e0,5,0
BRDA:73,0,0,3
BRDA:73,e0,1,0
BRDA:74,0,0,3
BRDA:74,0,2,3
BRDA:74,e0,1,0
BRDA:74,e0,3,0
BRDA:78,0,0,2009
BRDA:78,e0,1,0
BRDA:80,0,0,69612
BRDA:80,0,1,2001
BRDA:84,0,0,2
BRDA:84,0,1,69610
BRDA:87,0,0,2
BRDA:87,0,2,2
BRDA:87,0,4,2
BRDA:87,e0,1,0
BRDA:87,e0,3,0
BRDA:87,e0,5,0
BRDA:88,0,0,2
BRDA:88,e0,1,0
BRDA:89,0,0,2
BRDA:89,0,2,2
BRDA:89,e0,1,0
BRDA:89,e0,3,0
BRDA:91,0,0,2
BRDA:91,0,1,69608
BRDA:94,0,0,2
BRDA:94,0,2,2
BRDA:94,0,4,2
BRDA:94,e0,1,0
BRDA:94,e0,3,0
BRDA:94,e0,5,0
BRDA:95,0,0,2
BRDA:95,e0,1,0
BRDA:97,0,0,3
BRDA:97,0,1,69605
BRDA:100,0,0,3
BRDA:100,0,2,3
BRDA:100,0,4,3
BRDA:100,e0,1,0
BRDA:100,e0,3,0
BRDA:100,e0,5,0
BRDA:101,0,0,3
BRDA:101,0,2,3
BRDA:101,0,4,3
BRDA:101,e0,1,0
BRDA:101,e0,3,0
BRDA:101,e0,5,0
BRDA:102,0,0,3
BRDA:102,e0,1,0
BRDA:107,0,0,1
BRDA:107,0,1,69604
BRDA:110,0,0,1
BRDA:110,0,2,1
BRDA:110,0,4,1
BRDA:110,e0,1,0
BRDA:110,e0,3,0
BRDA:110,e0,5,0
BRDA:111,0,0,1
BRDA:111,0,2,1
BRDA:111,0,4,1
BRDA:111,e0,1,0
BRDA:111,e0,3,0
BRDA:111,e0,5,0
BRDA:112,0,0,1
BRDA:112,0,2,1
BRDA:112,0,4,1
BRDA:112,e0,1,0
BRDA:112,e0,3,0
BRDA:112,e0,5,0
BRDA:113,0,0,1
BRDA:113,e0,1,0
BRDA:119,0,0,2001
BRDA:119,e0,1,0
BRDA:121,0,0,69601
BRDA:121,0,1,2001
BRDA:123,0,0,0
BRDA:123,0,1,69601
BRDA:126,0,0,-
BRDA:126,0,2,-
BRDA:126,e0,1,-
BRDA:126,e0,3,-
BRDA:127,0,0,-
BRDA:127,e0,1,-
BRDA:128,0,0,-
BRDA:128,e0,1,-
BRDA:134,0,0,69601
BRDA:134,e0,1,0
BRDA:140,0,0,2001
BRDA:140,e0,1,0
BRDA:142,0,0,2001
BRDA:142,e0,1,0
BRDA:147,0,0,541353
BRDA:147,0,1,15606
BRDA:156,0,0,2001
BRDA:156,e0,1,0
BRDA:157,0,0,2001
BRDA:157,e0,1,0
BRDA:162,0,0,609877
BRDA:162,0,1,43784
BRDA:176,0,0,69137
BRDA:176,0,1,1951
BRDA:178,0,0,131369
BRDA:178,0,1,0
BRDA:180,0,0,69137
BRDA:180,0,1,62232
BRDA:183,0,0,62232
BRDA:183,e0,1,0
BRDA:184,0,0,62232
BRDA:184,0,1,0
BRDA:185,0,0,62232
BRDA:185,0,1,0
BRDA:185,0,2,0
BRDA:185,0,3,62232
BRDA:186,0,0,0
BRDA:186,0,1,62232
BRDA:189,0,0,-
BRDA:189,e0,1,-
BRDA:190,0,0,-
BRDA:190,0,2,-
BRDA:190,e0,1,-
BRDA:190,e0,3,-
BRDA:193,0,0,62232
BRDA:193,e0,1,0
BRDA:199,0,0,69137
BRDA:199,e0,1,0
BRDA:200,0,0,53570
BRDA:200,0,1,15567
BRDA:202,0,0,17
BRDA:202,0,1,53553
BRDA:204,0,0,17
BRDA:204,e0,1,0
BRDA:207,0,0,36281
BRDA:207,0,1,32839
BRDA:207,0,2,33
BRDA:207,0,3,36248
BRDA:207,0,4,33
BRDA:207,0,5,69087
BRDA:208,0,0,33
BRDA:208,e0,1,0
BRDA:211,0,0,69087
BRDA:211,e0,1,0
BRDA:213,0,0,0
BRDA:213,0,1,69087
BRDA:215,0,0,-
BRDA:215,e0,1,-
BRDA:218,0,0,0
BRDA:218,0,1,69087
BRDA:222,0,0,-
BRDA:222,e0,1,-
BRDA:223,0,0,-
BRDA:223,0,2,-
BRDA:223,e0,1,-
BRDA:223,e0,3,-
BRDA:230,0,0,6531
BRDA:230,0,1,1951
BRDA:232,0,0,6531
BRDA:232,e0,1,0
BRDA:233,0,0,6531
BRDA:233,0,1,0
BRDA:234,0,0,6531
BRDA:234,0,1,0
BRDA:234,0,2,0
BRDA:234,0,3,6531
BRDA:235,0,0,0
BRDA:235,0,1,6531
BRDA:238,0,0,-
BRDA:238,e0,1,-
BRDA:239,0,0,-
BRDA:239,0,2,-
BRDA:239,e0,1,-
BRDA:239,e0,3,-
BRDA:242,0,0,6531
BRDA:242,e0,1,0
BRDA:245,0,0,1951
BRDA:245,0,1,0
BRDA:245,0,2,0
BRDA:245,0,3,1951
BRDA:245,0,4,0
BRDA:245,0,5,1951
BRDA:248,0,0,-
BRDA:248,0,2,-
BRDA:248,e0,1,-
BRDA:248,e0,3,-
BRDA:251,0,0,4
BRDA:251,0,1,1947
BRDA:254,0,0,4
BRDA:254,0,2,4
BRDA:254,0,4,4
BRDA:254,e0,1,0
BRDA:254,e0,3,0
BRDA:254,e0,5,0
BRDA:255,0,0,4
BRDA:255,e0,1,0
BRDA:256,0,0,4
BRDA:256,0,2,4
BRDA:256,e0,1,0
BRDA:256,e0,3,0
BRDA:258,0,0,0
BRDA:258,0,1,1947
BRDA:262,0,0,-
BRDA:262,0,2,-
BRDA:262,0,4,-
BRDA:262,e0,1,-
BRDA:262,e0,3,-
BRDA:262,e0,5,-
BRDA:263,0,0,-
BRDA:263,e0,1,-
BRDA:264,0,0,-
BRDA:264,0,2,-
BRDA:264,e0,1,-
BRDA:264,e0,3,-
BRDA:277,0,0,1947
BRDA:277,0,2,1947
BRDA:277,e0,1,0
BRDA:277,e0,3,0
BRF:292
BRH:143
DA:26,108
DA:27,108
DA:30,65
DA:33,65
DA:36,50
DA:40,100
DA:41,200
DA:42,100
DA:43,200
DA:44,150
DA:45,150
DA:46,200
DA:47,200
DA:48,100
DA:49,200
DA:50,200
DA:51,200
DA:52,200
DA:53,100
DA:58,2019
DA:62,2019
DA:63,2019
DA:64,7
DA:67,2012
DA:69,2012
DA:72,6
DA:73,6
DA:74,9
DA:78,2009
DA:79,2009
DA:80,71613
DA:81,69612
DA:82,69612
DA:83,69612
DA:84,69612
DA:87,4
DA:88,4
DA:89,6
DA:91,69610
DA:94,4
DA:95,2
DA:97,69608
DA:100,6
DA:101,12
DA:102,3
DA:105,69605
DA:106,139210
DA:107,69605
DA:110,2
DA:111,4
DA:112,4
DA:113,1
DA:115,69604
DA:118,2001
DA:119,2001
DA:120,2001
DA:121,71602
DA:123,69601
DA:126,0
DA:127,0
DA:128,0
DA:130,69601
DA:131,69601
DA:132,69601
DA:133,69601
DA:134,69601
DA:135,69601
DA:136,69601
DA:137,69601
DA:140,2001
DA:141,2001
DA:142,2001
DA:144,556959
DA:145,556959
DA:146,556959
DA:147,1113918
DA:148,556959
DA:149,541353
DA:150,541353
DA:152,15606
DA:153,15606
DA:156,2001
DA:157,2001
DA:159,653661
DA:160,653661
DA:161,653661
DA:162,1307322
DA:163,653661
DA:164,609877
DA:165,609877
DA:167,43784
DA:168,43784
DA:171,2001
DA:172,2001
DA:173,2001
DA:174,2001
DA:176,71088
DA:177,69137
DA:178,131369
DA:179,131369
DA:180,131369
DA:181,69137
DA:183,62232
DA:184,124464
DA:185,124464
DA:186,62232
DA:189,0
DA:190,0
DA:192,62232
DA:193,62232
DA:194,62232
DA:198,69137
DA:199,69137
DA:200,69137
DA:201,53570
DA:202,53570
DA:204,17
DA:207,69120
DA:208,33
DA:210,69087
DA:211,69087
DA:212,69087
DA:213,69087
DA:215,0
DA:217,69087
DA:218,138174
DA:219,69087
DA:222,0
DA:223,0
DA:225,69087
DA:226,69087
DA:227,69087
DA:230,8482
DA:231,6531
DA:232,6531
DA:233,13062
DA:234,13062
DA:235,6531
DA:238,0
DA:239,0
DA:241,6531
DA:242,6531
DA:243,6531
DA:245,1951
DA:248,0
DA:251,1951
DA:254,8
DA:255,8
DA:256,12
DA:258,1947
DA:259,1947
DA:262,0
DA:263,0
DA:264,0
DA:268,1947
DA:271,1947
DA:272,1947
DA:275,1947
DA:277,1947
DA:278,2019
LF:160
LH:146
end_of_record
TN:
SF:src/cli_app.cpp
FN:72,75,_ZN10tensorkiln3cli12_GLOBAL__N_110CliFailureC2EiNSt7__cxx1112basic_stringIcSt11char_traitsIcESaIcEEES8_
FN:77,77,_ZNK10tensorkiln3cli12_GLOBAL__N_110CliFailure9exit_codeEv
FN:78,78,_ZNK10tensorkiln3cli12_GLOBAL__N_110CliFailure4codeEv
FN:85,87,_ZN10tensorkiln3cli12_GLOBAL__N_113usage_failureENSt7__cxx1112basic_stringIcSt11char_traitsIcESaIcEEES7_
FN:89,96,_ZN10tensorkiln3cli12_GLOBAL__N_113build_failureESt17basic_string_viewIcSt11char_traitsIcEERKNS_10DiagnosticE
FN:99,104,_ZN10tensorkiln3cli12_GLOBAL__N_16unwrapINS_10TensorTypeEEET_NS_6ResultIS4_EESt17basic_string_viewIcSt11char_traitsIcEE
FN:99,104,_ZN10tensorkiln3cli12_GLOBAL__N_16unwrapINS_13ExecutionPlanEEET_NS_6ResultIS4_EESt17basic_string_viewIcSt11char_traitsIcEE
FN:99,104,_ZN10tensorkiln3cli12_GLOBAL__N_16unwrapINS_13VerifiedGraphEEET_NS_6ResultIS4_EESt17basic_string_viewIcSt11char_traitsIcEE
FN:99,104,_ZN10tensorkiln3cli12_GLOBAL__N_16unwrapINS_5ShapeEEET_NS_6ResultIS4_EESt17basic_string_viewIcSt11char_traitsIcEE
FN:99,104,_ZN10tensorkiln3cli12_GLOBAL__N_16unwrapINS_7ValueIdEEET_NS_6ResultIS4_EESt17basic_string_viewIcSt11char_traitsIcEE
FN:99,104,_ZN10tensorkiln3cli12_GLOBAL__N_16unwrapINS_8OutputIdEEET_NS_6ResultIS4_EESt17basic_string_viewIcSt11char_traitsIcEE
FN:107,116,_ZN10tensorkiln3cli12_GLOBAL__N_117unwrap_diagnosticINS_11BoundInputsEEET_NS_6ResultIS4_EESt17basic_string_viewIcSt11char_traitsIcEE
FN:107,116,_ZN10tensorkiln3cli12_GLOBAL__N_117unwrap_diagnosticINS_15ReferenceResultEEET_NS_6ResultIS4_EESt17basic_string_viewIcSt11char_traitsIcEE
FN:118,123,_ZN10tensorkiln3cli12_GLOBAL__N_13f32ESt16initializer_listIlE
FN:125,153,_ZN10tensorkiln3cli12_GLOBAL__N_122build_dense_relu_graphEv
FN:155,210,_ZN10tensorkiln3cli12_GLOBAL__N_121build_reglu_mlp_graphEv
FN:213,234,_ZN10tensorkiln3cli12_GLOBAL__N_117workload_registryEv
FN:236,242,_ZN10tensorkiln3cli12_GLOBAL__N_125workload_contract_failureERKNS1_18WorkloadDescriptorESt17basic_string_viewIcSt11char_traitsIcEE
FN:244,251,_ZN10tensorkiln3cli12_GLOBAL__N_125tensor_matches_descriptorERKNS_10TensorTypeERKNS1_16TensorDescriptorE
FN:253,293,_ZN10tensorkiln3cli12_GLOBAL__N_121build_validated_graphERKNS1_18WorkloadDescriptorE
FN:295,299,_ZN10tensorkiln3cli12_GLOBAL__N_126validate_workload_registryEv
FN:301,305,_ZN10tensorkiln3cli12_GLOBAL__N_110build_planERKNS1_18WorkloadDescriptorE
FN:307,345,_ZN10tensorkiln3cli12_GLOBAL__N_117write_json_stringERSoSt17basic_string_viewIcSt11char_traitsIcEE
FN:347,359,_ZN10tensorkiln3cli12_GLOBAL__N_120requests_json_errorsESt4spanIKSt17basic_string_viewIcSt11char_traitsIcEELm18446744073709551615EE
FN:361,383,_ZN10tensorkiln3cli12_GLOBAL__N_126validate_argument_envelopeESt4spanIKSt17basic_string_viewIcSt11char_traitsIcEELm18446744073709551615EE
FN:385,399,_ZN10tensorkiln3cli12_GLOBAL__N_111write_errorERSoRKNS1_10CliFailureEb
FN:401,405,_ZN10tensorkiln3cli12_GLOBAL__N_121make_canonical_streamEv
FN:407,422,_ZN10tensorkiln3cli12_GLOBAL__N_17publishERSoRKNSt7__cxx1112basic_stringIcSt11char_traitsIcESaIcEEE
FN:424,449,_ZN10tensorkiln3cli12_GLOBAL__N_110write_helpERSo
FN:451,460,_ZN10tensorkiln3cli12_GLOBAL__N_112parse_formatESt17basic_string_viewIcSt11char_traitsIcEE
FN:471,484,_ZN10tensorkiln3cli12_GLOBAL__N_120require_option_valueESt4spanIKSt17basic_string_viewIcSt11char_traitsIcEELm18446744073709551615EERmS6_
FN:486,587,_ZN10tensorkiln3cli12_GLOBAL__N_113parse_optionsESt4spanIKSt17basic_string_viewIcSt11char_traitsIcEELm18446744073709551615EEbb
FN:589,605,_ZN10tensorkiln3cli12_GLOBAL__N_122require_known_workloadERKNS1_14CommandOptionsESt17basic_string_viewIcSt11char_traitsIcEE
FN:612,624,_ZN10tensorkiln3cli12_GLOBAL__N_115parse_hex_digitEc
FN:626,637,_ZN10tensorkiln3cli12_GLOBAL__N_114parse_f32_bitsESt17basic_string_viewIcSt11char_traitsIcEE
FN:639,686,_ZN10tensorkiln3cli12_GLOBAL__N_120parse_workload_inputERKNS1_14CommandOptionsERKNS1_18WorkloadDescriptorE
FN:688,698,_ZN10tensorkiln3cli12_GLOBAL__N_116write_shape_jsonERSoSt4spanIKlLm18446744073709551615EE
FN:700,710,_ZN10tensorkiln3cli12_GLOBAL__N_116write_shape_textERSoSt4spanIKlLm18446744073709551615EE
FN:712,719,_ZN10tensorkiln3cli12_GLOBAL__N_117write_tensor_jsonERSoRKNS1_16TensorDescriptorE
FN:721,732,_ZN10tensorkiln3cli12_GLOBAL__N_119write_workload_jsonERSoRKNS1_18WorkloadDescriptorE
FN:734,755,_ZN10tensorkiln3cli12_GLOBAL__N_110write_listENS1_12OutputFormatERSo
FN:757,767,_ZN10tensorkiln3cli12_GLOBAL__N_121write_plan_stats_jsonERSoRKNS_18ExecutionPlanStatsE
FN:769,784,_ZN10tensorkiln3cli12_GLOBAL__N_118write_kernels_jsonERSoRKNS_13ExecutionPlanE
FN:786,798,_ZN10tensorkiln3cli12_GLOBAL__N_114write_raw_bitsERSoj
FN:800,812,_ZN10tensorkiln3cli12_GLOBAL__N_115write_bits_jsonERSoSt4spanIKjLm18446744073709551615EE
FN:814,822,_ZN10tensorkiln3cli12_GLOBAL__N_115write_bits_textERSoSt4spanIKjLm18446744073709551615EE
FN:824,848,_ZN10tensorkiln3cli12_GLOBAL__N_118write_inspect_textERKNS1_18WorkloadDescriptorERKNS_13ExecutionPlanERSo
FN:850,865,_ZN10tensorkiln3cli12_GLOBAL__N_118write_inspect_jsonERKNS1_18WorkloadDescriptorERKNS_13ExecutionPlanERSo
FN:867,897,_ZN10tensorkiln3cli12_GLOBAL__N_118write_execute_textERKNS1_18WorkloadDescriptorERKNS_13ExecutionPlanERKNS1_13WorkloadInputESt4spanIKjLm18446744073709551615EEmRSo
FN:899,933,_ZN10tensorkiln3cli12_GLOBAL__N_118write_execute_jsonERKNS1_18WorkloadDescriptorERKNS_13ExecutionPlanERKNS1_13WorkloadInputESt4spanIKjLm18446744073709551615EEmRSo
FN:935,943,_ZN10tensorkiln3cli12_GLOBAL__N_123is_declared_output_typeERKNS_10TensorTypeERKNS1_16TensorDescriptorE
FN:945,1034,_ZN10tensorkiln3cli12_GLOBAL__N_116execute_workloadERKNS1_14CommandOptionsERKNS1_18WorkloadDescriptorERSo
FN:1036,1082,_ZN10tensorkiln3cli12_GLOBAL__N_18run_implESt4spanIKSt17basic_string_viewIcSt11char_traitsIcEELm18446744073709551615EERSo
FN:1086,1120,_ZN10tensorkiln3cli3runESt4spanIKSt17basic_string_viewIcSt11char_traitsIcEELm18446744073709551615EERSoS8_
FNDA:34,_ZN10tensorkiln3cli12_GLOBAL__N_110CliFailureC2EiNSt7__cxx1112basic_stringIcSt11char_traitsIcESaIcEEES8_
FNDA:30,_ZN10tensorkiln3cli12_GLOBAL__N_110build_planERKNS1_18WorkloadDescriptorE
FNDA:2,_ZN10tensorkiln3cli12_GLOBAL__N_110write_helpERSo
FNDA:5,_ZN10tensorkiln3cli12_GLOBAL__N_110write_listENS1_12OutputFormatERSo
FNDA:34,_ZN10tensorkiln3cli12_GLOBAL__N_111write_errorERSoRKNS1_10CliFailureEb
FNDA:49,_ZN10tensorkiln3cli12_GLOBAL__N_112parse_formatESt17basic_string_viewIcSt11char_traitsIcEE
FNDA:0,_ZN10tensorkiln3cli12_GLOBAL__N_113build_failureESt17basic_string_viewIcSt11char_traitsIcEERKNS_10DiagnosticE
FNDA:62,_ZN10tensorkiln3cli12_GLOBAL__N_113parse_optionsESt4spanIKSt17basic_string_viewIcSt11char_traitsIcEELm18446744073709551615EEbb
FNDA:32,_ZN10tensorkiln3cli12_GLOBAL__N_113usage_failureENSt7__cxx1112basic_stringIcSt11char_traitsIcESaIcEEES7_
FNDA:126,_ZN10tensorkiln3cli12_GLOBAL__N_114parse_f32_bitsESt17basic_string_viewIcSt11char_traitsIcEE
FNDA:194,_ZN10tensorkiln3cli12_GLOBAL__N_114write_raw_bitsERSoj
FNDA:1000,_ZN10tensorkiln3cli12_GLOBAL__N_115parse_hex_digitEc
FNDA:30,_ZN10tensorkiln3cli12_GLOBAL__N_115write_bits_jsonERSoSt4spanIKjLm18446744073709551615EE
FNDA:4,_ZN10tensorkiln3cli12_GLOBAL__N_115write_bits_textERSoSt4spanIKjLm18446744073709551615EE
FNDA:32,_ZN10tensorkiln3cli12_GLOBAL__N_116execute_workloadERKNS1_14CommandOptionsERKNS1_18WorkloadDescriptorERSo
FNDA:96,_ZN10tensorkiln3cli12_GLOBAL__N_116write_shape_jsonERSoSt4spanIKlLm18446744073709551615EE
FNDA:8,_ZN10tensorkiln3cli12_GLOBAL__N_116write_shape_textERSoSt4spanIKlLm18446744073709551615EE
FNDA:18,_ZN10tensorkiln3cli12_GLOBAL__N_117unwrap_diagnosticINS_11BoundInputsEEET_NS_6ResultIS4_EESt17basic_string_viewIcSt11char_traitsIcEE
FNDA:17,_ZN10tensorkiln3cli12_GLOBAL__N_117unwrap_diagnosticINS_15ReferenceResultEEET_NS_6ResultIS4_EESt17basic_string_viewIcSt11char_traitsIcEE
FNDA:57,_ZN10tensorkiln3cli12_GLOBAL__N_117workload_registryEv
FNDA:372,_ZN10tensorkiln3cli12_GLOBAL__N_117write_json_stringERSoSt17basic_string_viewIcSt11char_traitsIcEE
FNDA:66,_ZN10tensorkiln3cli12_GLOBAL__N_117write_tensor_jsonERSoRKNS1_16TensorDescriptorE
FNDA:15,_ZN10tensorkiln3cli12_GLOBAL__N_118write_execute_jsonERKNS1_18WorkloadDescriptorERKNS_13ExecutionPlanERKNS1_13WorkloadInputESt4spanIKjLm18446744073709551615EEmRSo
FNDA:2,_ZN10tensorkiln3cli12_GLOBAL__N_118write_execute_textERKNS1_18WorkloadDescriptorERKNS_13ExecutionPlanERKNS1_13WorkloadInputESt4spanIKjLm18446744073709551615EEmRSo
FNDA:10,_ZN10tensorkiln3cli12_GLOBAL__N_118write_inspect_jsonERKNS1_18WorkloadDescriptorERKNS_13ExecutionPlanERSo
FNDA:2,_ZN10tensorkiln3cli12_GLOBAL__N_118write_inspect_textERKNS1_18WorkloadDescriptorERKNS_13ExecutionPlanERSo
FNDA:25,_ZN10tensorkiln3cli12_GLOBAL__N_118write_kernels_jsonERSoRKNS_13ExecutionPlanE
FNDA:33,_ZN10tensorkiln3cli12_GLOBAL__N_119write_workload_jsonERSoRKNS1_18WorkloadDescriptorE
FNDA:32,_ZN10tensorkiln3cli12_GLOBAL__N_120parse_workload_inputERKNS1_14CommandOptionsERKNS1_18WorkloadDescriptorE
FNDA:69,_ZN10tensorkiln3cli12_GLOBAL__N_120requests_json_errorsESt4spanIKSt17basic_string_viewIcSt11char_traitsIcEELm18446744073709551615EE
FNDA:29,_ZN10tensorkiln3cli12_GLOBAL__N_120require_option_valueESt4spanIKSt17basic_string_viewIcSt11char_traitsIcEELm18446744073709551615EERmS6_
FNDA:15,_ZN10tensorkiln3cli12_GLOBAL__N_121build_reglu_mlp_graphEv
FNDA:40,_ZN10tensorkiln3cli12_GLOBAL__N_121build_validated_graphERKNS1_18WorkloadDescriptorE
FNDA:103,_ZN10tensorkiln3cli12_GLOBAL__N_121make_canonical_streamEv
FNDA:25,_ZN10tensorkiln3cli12_GLOBAL__N_121write_plan_stats_jsonERSoRKNS_18ExecutionPlanStatsE
FNDA:25,_ZN10tensorkiln3cli12_GLOBAL__N_122build_dense_relu_graphEv
FNDA:49,_ZN10tensorkiln3cli12_GLOBAL__N_122require_known_workloadERKNS1_14CommandOptionsESt17basic_string_viewIcSt11char_traitsIcEE
FNDA:34,_ZN10tensorkiln3cli12_GLOBAL__N_123is_declared_output_typeERKNS_10TensorTypeERKNS1_16TensorDescriptorE
FNDA:80,_ZN10tensorkiln3cli12_GLOBAL__N_125tensor_matches_descriptorERKNS_10TensorTypeERKNS1_16TensorDescriptorE
FNDA:0,_ZN10tensorkiln3cli12_GLOBAL__N_125workload_contract_failureERKNS1_18WorkloadDescriptorESt17basic_string_viewIcSt11char_traitsIcEE
FNDA:69,_ZN10tensorkiln3cli12_GLOBAL__N_126validate_argument_envelopeESt4spanIKSt17basic_string_viewIcSt11char_traitsIcEELm18446744073709551615EE
FNDA:5,_ZN10tensorkiln3cli12_GLOBAL__N_126validate_workload_registryEv
FNDA:150,_ZN10tensorkiln3cli12_GLOBAL__N_13f32ESt16initializer_listIlE
FNDA:150,_ZN10tensorkiln3cli12_GLOBAL__N_16unwrapINS_10TensorTypeEEET_NS_6ResultIS4_EESt17basic_string_viewIcSt11char_traitsIcEE
FNDA:30,_ZN10tensorkiln3cli12_GLOBAL__N_16unwrapINS_13ExecutionPlanEEET_NS_6ResultIS4_EESt17basic_string_viewIcSt11char_traitsIcEE
FNDA:40,_ZN10tensorkiln3cli12_GLOBAL__N_16unwrapINS_13VerifiedGraphEEET_NS_6ResultIS4_EESt17basic_string_viewIcSt11char_traitsIcEE
FNDA:150,_ZN10tensorkiln3cli12_GLOBAL__N_16unwrapINS_5ShapeEEET_NS_6ResultIS4_EESt17basic_string_viewIcSt11char_traitsIcEE
FNDA:315,_ZN10tensorkiln3cli12_GLOBAL__N_16unwrapINS_7ValueIdEEET_NS_6ResultIS4_EESt17basic_string_viewIcSt11char_traitsIcEE
FNDA:40,_ZN10tensorkiln3cli12_GLOBAL__N_16unwrapINS_8OutputIdEEET_NS_6ResultIS4_EESt17basic_string_viewIcSt11char_traitsIcEE
FNDA:70,_ZN10tensorkiln3cli12_GLOBAL__N_17publishERSoRKNSt7__cxx1112basic_stringIcSt11char_traitsIcESaIcEEE
FNDA:69,_ZN10tensorkiln3cli12_GLOBAL__N_18run_implESt4spanIKSt17basic_string_viewIcSt11char_traitsIcEELm18446744073709551615EERSo
FNDA:69,_ZN10tensorkiln3cli3runESt4spanIKSt17basic_string_viewIcSt11char_traitsIcEELm18446744073709551615EERSoS8_
FNDA:34,_ZNK10tensorkiln3cli12_GLOBAL__N_110CliFailure4codeEv
FNDA:32,_ZNK10tensorkiln3cli12_GLOBAL__N_110CliFailure9exit_codeEv
FNF:54
FNH:52
BRDA:86,0,0,32
BRDA:86,e0,1,0
BRDA:93,0,0,-
BRDA:93,0,2,-
BRDA:93,0,4,-
BRDA:93,e0,1,-
BRDA:93,e0,3,-
BRDA:93,e0,5,-
BRDA:94,0,0,-
BRDA:94,0,2,-
BRDA:94,0,4,-
BRDA:94,e0,1,-
BRDA:94,e0,3,-
BRDA:94,e0,5,-
BRDA:95,0,0,-
BRDA:95,0,2,-
BRDA:95,e0,1,-
BRDA:95,e0,3,-
BRDA:100,0,0,0
BRDA:100,0,1,725
BRDA:109,0,0,0
BRDA:109,0,1,35
BRDA:111,0,0,-
BRDA:111,0,2,-
BRDA:111,0,4,-
BRDA:111,e0,1,-
BRDA:111,e0,3,-
BRDA:111,e0,5,-
BRDA:112,0,0,-
BRDA:112,e0,1,-
BRDA:113,0,0,-
BRDA:113,e0,1,-
BRDA:120,0,0,150
BRDA:120,0,2,150
BRDA:120,e0,1,0
BRDA:120,e0,3,0
BRDA:121,0,0,150
BRDA:121,0,2,150
BRDA:121,e0,1,0
BRDA:121,e0,3,0
BRDA:126,0,0,25
BRDA:126,e0,1,0
BRDA:128,0,0,25
BRDA:128,0,2,25
BRDA:128,0,4,25
BRDA:128,0,6,25
BRDA:128,e0,1,0
BRDA:128,e0,3,0
BRDA:128,e0,5,0
BRDA:128,e0,7,0
BRDA:137,0,0,25
BRDA:137,e0,1,0
BRDA:138,0,0,25
BRDA:138,0,2,25
BRDA:138,0,4,25
BRDA:138,e0,1,0
BRDA:138,e0,3,0
BRDA:138,e0,5,0
BRDA:141,0,0,25
BRDA:141,0,2,25
BRDA:141,e0,1,0
BRDA:141,e0,3,0
BRDA:143,0,0,25
BRDA:143,e0,1,0
BRDA:144,0,0,25
BRDA:144,0,2,25
BRDA:144,0,4,25
BRDA:144,e0,1,0
BRDA:144,e0,3,0
BRDA:144,e0,5,0
BRDA:147,0,0,25
BRDA:147,0,2,25
BRDA:147,e0,1,0
BRDA:147,e0,3,0
BRDA:149,0,0,25
BRDA:149,0,2,25
BRDA:149,e0,1,0
BRDA:149,e0,3,0
BRDA:151,0,0,25
BRDA:151,0,2,25
BRDA:151,0,4,25
BRDA:151,e0,1,0
BRDA:151,e0,3,0
BRDA:151,e0,5,0
BRDA:152,0,0,25
BRDA:152,0,2,25
BRDA:152,e0,1,0
BRDA:152,e0,3,0
BRDA:156,0,0,15
BRDA:156,e0,1,0
BRDA:158,0,0,15
BRDA:158,0,2,15
BRDA:158,0,4,15
BRDA:158,0,6,15
BRDA:158,e0,1,0
BRDA:158,e0,3,0
BRDA:158,e0,5,0
BRDA:158,e0,7,0
BRDA:165,0,0,15
BRDA:165,e0,1,0
BRDA:166,0,0,15
BRDA:166,0,2,15
BRDA:166,0,4,15
BRDA:166,e0,1,0
BRDA:166,e0,3,0
BRDA:166,e0,5,0
BRDA:169,0,0,15
BRDA:169,0,2,15
BRDA:169,e0,1,0
BRDA:169,e0,3,0
BRDA:176,0,0,15
BRDA:176,e0,1,0
BRDA:177,0,0,15
BRDA:177,0,2,15
BRDA:177,0,4,15
BRDA:177,e0,1,0
BRDA:177,e0,3,0
BRDA:177,e0,5,0
BRDA:180,0,0,15
BRDA:180,0,2,15
BRDA:180,e0,1,0
BRDA:180,e0,3,0
BRDA:182,0,0,15
BRDA:182,0,2,15
BRDA:182,e0,1,0
BRDA:182,e0,3,0
BRDA:189,0,0,15
BRDA:189,e0,1,0
BRDA:190,0,0,15
BRDA:190,0,2,15
BRDA:190,0,4,15
BRDA:190,e0,1,0
BRDA:190,e0,3,0
BRDA:190,e0,5,0
BRDA:192,0,0,15
BRDA:192,e0,1,0
BRDA:193,0,0,15
BRDA:193,e0,1,0
BRDA:200,0,0,15
BRDA:200,e0,1,0
BRDA:201,0,0,15
BRDA:201,0,2,15
BRDA:201,0,4,15
BRDA:201,e0,1,0
BRDA:201,e0,3,0
BRDA:201,e0,5,0
BRDA:203,0,0,15
BRDA:203,e0,1,0
BRDA:204,0,0,15
BRDA:204,e0,1,0
BRDA:206,0,0,15
BRDA:206,0,2,15
BRDA:206,e0,1,0
BRDA:206,e0,3,0
BRDA:208,0,0,15
BRDA:208,0,2,15
BRDA:208,0,4,15
BRDA:208,e0,1,0
BRDA:208,e0,3,0
BRDA:208,e0,5,0
BRDA:209,0,0,15
BRDA:209,0,2,15
BRDA:209,e0,1,0
BRDA:209,e0,3,0
BRDA:240,0,0,-
BRDA:240,0,2,-
BRDA:240,0,4,-
BRDA:240,e0,1,-
BRDA:240,e0,3,-
BRDA:240,e0,5,-
BRDA:241,0,0,-
BRDA:241,0,2,-
BRDA:241,0,4,-
BRDA:241,0,6,-
BRDA:241,e0,1,-
BRDA:241,e0,3,-
BRDA:241,e0,5,-
BRDA:241,e0,7,-
BRDA:248,0,0,80
BRDA:248,0,1,0
BRDA:248,0,2,80
BRDA:248,0,3,0
BRDA:249,0,0,80
BRDA:249,0,1,0
BRDA:250,0,0,80
BRDA:250,0,1,0
BRDA:258,0,0,315
BRDA:258,0,1,40
BRDA:260,0,0,275
BRDA:260,0,1,40
BRDA:263,0,0,0
BRDA:263,0,1,40
BRDA:270,0,0,40
BRDA:270,0,1,0
BRDA:270,0,2,0
BRDA:270,0,3,40
BRDA:274,0,0,40
BRDA:274,0,1,0
BRDA:274,0,2,0
BRDA:274,0,3,40
BRDA:275,0,0,0
BRDA:275,0,1,40
BRDA:281,0,0,0
BRDA:281,0,1,40
BRDA:287,0,0,40
BRDA:287,0,1,0
BRDA:287,0,2,40
BRDA:287,0,3,0
BRDA:287,0,4,0
BRDA:287,0,5,40
BRDA:288,0,0,0
BRDA:288,0,1,40
BRDA:296,0,0,10
BRDA:296,0,1,5
BRDA:297,0,0,10
BRDA:297,e0,1,0
BRDA:303,0,0,30
BRDA:303,e0,1,0
BRDA:304,0,0,30
BRDA:304,0,2,30
BRDA:304,e0,1,0
BRDA:304,e0,3,0
BRDA:309,0,0,372
BRDA:309,e0,1,0
BRDA:310,0,0,21366
BRDA:310,0,1,372
BRDA:312,0,0,0
BRDA:312,0,1,0
BRDA:312,0,2,0
BRDA:312,0,3,0
BRDA:312,0,4,294
BRDA:312,0,5,0
BRDA:312,0,6,0
BRDA:312,0,7,21072
BRDA:314,0,0,-
BRDA:314,e0,1,-
BRDA:317,0,0,-
BRDA:317,e0,1,-
BRDA:320,0,0,-
BRDA:320,e0,1,-
BRDA:323,0,0,-
BRDA:323,e0,1,-
BRDA:326,0,0,294
BRDA:326,e0,1,0
BRDA:329,0,0,-
BRDA:329,e0,1,-
BRDA:332,0,0,-
BRDA:332,e0,1,-
BRDA:335,0,0,0
BRDA:335,0,1,21072
BRDA:337,0,0,-
BRDA:337,0,2,-
BRDA:337,0,4,-
BRDA:337,e0,1,-
BRDA:337,e0,3,-
BRDA:337,e0,5,-
BRDA:339,0,0,21072
BRDA:339,e0,1,0
BRDA:344,0,0,372
BRDA:344,e0,1,0
BRDA:349,0,0,238
BRDA:349,0,1,19
BRDA:350,0,0,47
BRDA:350,0,1,191
BRDA:353,0,0,4
BRDA:353,0,1,187
BRDA:353,0,2,3
BRDA:353,0,3,1
BRDA:353,0,4,3
BRDA:353,0,5,0
BRDA:354,0,0,3
BRDA:354,0,1,188
BRDA:363,0,0,0
BRDA:363,0,1,69
BRDA:364,0,0,-
BRDA:364,0,2,-
BRDA:364,e0,1,-
BRDA:364,e0,3,-
BRDA:368,0,0,243
BRDA:368,0,1,67
BRDA:369,0,0,242
BRDA:369,0,1,1
BRDA:369,0,2,1
BRDA:369,0,3,242
BRDA:370,0,0,0
BRDA:370,0,1,242
BRDA:371,0,0,1
BRDA:371,0,2,1
BRDA:371,e0,1,0
BRDA:371,e0,3,0
BRDA:375,0,0,4932
BRDA:375,0,1,241
BRDA:377,0,0,4932
BRDA:377,0,1,0
BRDA:377,0,2,1
BRDA:377,0,3,4931
BRDA:378,0,0,1
BRDA:378,0,2,1
BRDA:378,e0,1,0
BRDA:378,e0,3,0
BRDA:387,0,0,12
BRDA:387,0,1,22
BRDA:397,0,0,22
BRDA:397,e0,1,0
BRDA:403,0,0,103
BRDA:403,0,2,103
BRDA:403,e0,1,0
BRDA:403,e0,3,0
BRDA:410,0,0,0
BRDA:410,0,1,70
BRDA:415,0,0,70
BRDA:415,e0,1,0
BRDA:417,0,0,70
BRDA:417,e0,1,0
BRDA:452,0,0,2
BRDA:452,0,1,47
BRDA:455,0,0,47
BRDA:455,0,1,0
BRDA:458,0,0,-
BRDA:458,0,2,-
BRDA:458,e0,1,-
BRDA:458,e0,3,-
BRDA:474,0,0,1
BRDA:474,0,1,28
BRDA:475,0,0,1
BRDA:475,e0,1,0
BRDA:476,0,0,1
BRDA:476,0,2,1
BRDA:476,e0,1,0
BRDA:476,e0,3,0
BRDA:479,0,0,28
BRDA:479,0,1,0
BRDA:479,0,2,0
BRDA:479,0,3,28
BRDA:479,0,4,0
BRDA:479,0,5,28
BRDA:480,0,0,-
BRDA:480,e0,1,-
BRDA:481,0,0,-
BRDA:481,0,2,-
BRDA:481,e0,1,-
BRDA:481,e0,3,-
BRDA:490,0,0,139
BRDA:490,0,1,54
BRDA:492,0,0,4
BRDA:492,0,1,135
BRDA:493,0,0,0
BRDA:493,0,1,4
BRDA:494,0,0,-
BRDA:494,0,2,-
BRDA:494,e0,1,-
BRDA:494,e0,3,-
BRDA:498,0,0,3
BRDA:498,0,2,3
BRDA:498,e0,1,1
BRDA:498,e0,3,0
BRDA:501,0,0,47
BRDA:501,0,1,88
BRDA:502,0,0,0
BRDA:502,0,1,47
BRDA:503,0,0,-
BRDA:503,0,2,-
BRDA:503,e0,1,-
BRDA:503,e0,3,-
BRDA:506,0,0,47
BRDA:506,e0,1,0
BRDA:507,0,0,1
BRDA:507,0,1,46
BRDA:508,0,0,1
BRDA:508,0,2,1
BRDA:508,e0,1,0
BRDA:508,e0,3,0
BRDA:511,0,0,46
BRDA:511,e0,1,0
BRDA:514,0,0,20
BRDA:514,0,1,68
BRDA:515,0,0,0
BRDA:515,0,1,20
BRDA:516,0,0,-
BRDA:516,0,2,-
BRDA:516,e0,1,-
BRDA:516,e0,3,-
BRDA:519,0,0,1
BRDA:519,0,1,19
BRDA:520,0,0,1
BRDA:520,0,2,1
BRDA:520,e0,1,0
BRDA:520,e0,3,0
BRDA:524,0,0,19
BRDA:524,e0,1,0
BRDA:527,0,0,32
BRDA:527,0,1,36
BRDA:528,0,0,0
BRDA:528,0,1,32
BRDA:529,0,0,-
BRDA:529,0,2,-
BRDA:529,e0,1,-
BRDA:529,e0,3,-
BRDA:532,0,0,0
BRDA:532,0,1,32
BRDA:533,0,0,-
BRDA:533,0,2,-
BRDA:533,e0,1,-
BRDA:533,e0,3,-
BRDA:536,0,0,32
BRDA:536,e0,1,0
BRDA:537,0,0,0
BRDA:537,0,1,32
BRDA:538,0,0,-
BRDA:538,0,2,-
BRDA:538,e0,1,-
BRDA:538,e0,3,-
BRDA:543,0,0,7
BRDA:543,0,1,29
BRDA:544,0,0,0
BRDA:544,0,1,7
BRDA:545,0,0,-
BRDA:545,0,2,-
BRDA:545,e0,1,-
BRDA:545,e0,3,-
BRDA:548,0,0,1
BRDA:548,0,1,6
BRDA:549,0,0,1
BRDA:549,0,2,1
BRDA:549,e0,1,0
BRDA:549,e0,3,0
BRDA:554,0,0,6
BRDA:554,e0,1,0
BRDA:557,0,0,27
BRDA:557,0,1,2
BRDA:558,0,0,2
BRDA:558,0,1,25
BRDA:559,0,0,2
BRDA:559,0,2,2
BRDA:559,e0,1,0
BRDA:559,e0,3,0
BRDA:562,0,0,0
BRDA:562,0,1,25
BRDA:563,0,0,-
BRDA:563,0,2,-
BRDA:563,e0,1,-
BRDA:563,e0,3,-
BRDA:567,0,0,25
BRDA:567,e0,1,0
BRDA:568,0,0,0
BRDA:568,0,1,25
BRDA:569,0,0,-
BRDA:569,0,2,-
BRDA:569,e0,1,-
BRDA:569,e0,3,-
BRDA:574,0,0,0
BRDA:574,0,1,2
BRDA:575,0,0,-
BRDA:575,0,2,-
BRDA:575,e0,1,-
BRDA:575,e0,3,-
BRDA:578,0,0,1
BRDA:578,0,1,1
BRDA:579,0,0,1
BRDA:579,e0,1,0
BRDA:580,0,0,1
BRDA:580,0,2,1
BRDA:580,0,4,1
BRDA:580,e0,1,0
BRDA:580,e0,3,0
BRDA:580,e0,5,0
BRDA:582,0,0,1
BRDA:582,e0,1,0
BRDA:583,0,0,1
BRDA:583,e0,1,0
BRDA:584,0,0,1
BRDA:584,0,2,1
BRDA:584,e0,1,0
BRDA:584,e0,3,0
BRDA:591,0,0,2
BRDA:591,0,1,47
BRDA:592,0,0,2
BRDA:592,e0,1,0
BRDA:593,0,0,2
BRDA:593,0,2,2
BRDA:593,e0,1,0
BRDA:593,e0,3,0
BRDA:594,0,0,2
BRDA:594,e0,1,0
BRDA:595,0,0,2
BRDA:595,0,2,2
BRDA:595,0,4,2
BRDA:595,e0,1,0
BRDA:595,e0,3,0
BRDA:595,e0,5,0
BRDA:596,0,0,2
BRDA:596,0,2,2
BRDA:596,e0,1,0
BRDA:596,e0,3,0
BRDA:598,0,0,66
BRDA:598,0,1,3
BRDA:599,0,0,44
BRDA:599,0,1,22
BRDA:603,0,0,3
BRDA:603,e0,1,0
BRDA:604,0,0,3
BRDA:604,0,2,3
BRDA:604,0,4,3
BRDA:604,e0,1,0
BRDA:604,e0,3,0
BRDA:604,e0,5,0
BRDA:613,0,0,1000
BRDA:613,0,1,0
BRDA:613,0,2,932
BRDA:613,0,3,68
BRDA:616,0,0,64
BRDA:616,0,1,4
BRDA:616,0,2,60
BRDA:616,0,3,4
BRDA:619,0,0,8
BRDA:619,0,1,0
BRDA:619,0,2,4
BRDA:619,0,3,4
BRDA:622,0,0,4
BRDA:622,0,2,4
BRDA:622,e0,1,0
BRDA:622,e0,3,0
BRDA:628,0,0,125
BRDA:628,0,1,1
BRDA:628,0,2,0
BRDA:628,0,3,125
BRDA:628,0,4,1
BRDA:628,0,5,125
BRDA:629,0,0,1
BRDA:629,0,2,1
BRDA:629,e0,1,0
BRDA:629,e0,3,0
BRDA:633,0,0,125
BRDA:633,0,2,1000
BRDA:633,0,3,121
BRDA:633,e0,1,0
BRDA:634,0,0,996
BRDA:634,e0,1,4
BRDA:641,0,0,2
BRDA:641,0,1,30
BRDA:642,0,0,2
BRDA:642,e0,1,0
BRDA:644,0,0,2
BRDA:644,e0,1,0
BRDA:645,0,0,2
BRDA:645,0,2,2
BRDA:645,0,4,2
BRDA:645,e0,1,0
BRDA:645,e0,3,0
BRDA:645,e0,5,0
BRDA:646,0,0,2
BRDA:646,0,2,2
BRDA:646,e0,1,0
BRDA:646,e0,3,0
BRDA:650,0,0,30
BRDA:650,0,2,30
BRDA:650,e0,1,0
BRDA:650,e0,3,0
BRDA:651,0,0,3
BRDA:651,0,1,27
BRDA:652,0,0,3
BRDA:652,e0,1,0
BRDA:653,0,0,3
BRDA:653,e0,1,0
BRDA:654,0,0,3
BRDA:654,0,2,3
BRDA:654,e0,1,0
BRDA:654,e0,3,0
BRDA:657,0,0,27
BRDA:657,e0,1,0
BRDA:659,0,0,1723
BRDA:659,0,1,27
BRDA:660,0,0,133
BRDA:660,0,1,1590
BRDA:664,0,0,4
BRDA:664,0,1,23
BRDA:665,0,0,4
BRDA:665,e0,1,0
BRDA:666,0,0,4
BRDA:666,0,2,4
BRDA:666,0,4,4
BRDA:666,e0,1,0
BRDA:666,e0,3,0
BRDA:666,e0,5,0
BRDA:667,0,0,4
BRDA:667,e0,1,0
BRDA:668,0,0,4
BRDA:668,0,2,4
BRDA:668,e0,1,0
BRDA:668,e0,3,0
BRDA:675,0,0,23
BRDA:675,0,2,23
BRDA:675,0,4,0
BRDA:675,0,5,0
BRDA:675,e0,1,0
BRDA:675,e0,3,0
BRDA:677,0,0,126
BRDA:677,0,1,18
BRDA:680,0,0,19
BRDA:680,0,1,107
BRDA:681,0,0,126
BRDA:681,0,2,121
BRDA:681,e0,1,0
BRDA:681,e0,3,5
BRDA:691,0,0,192
BRDA:691,0,1,96
BRDA:692,0,0,96
BRDA:692,0,1,96
BRDA:703,0,0,16
BRDA:703,0,1,8
BRDA:704,0,0,8
BRDA:704,0,1,8
BRDA:736,0,0,1
BRDA:736,0,1,4
BRDA:738,0,0,2
BRDA:738,0,1,1
BRDA:748,0,0,8
BRDA:748,0,1,4
BRDA:749,0,0,4
BRDA:749,0,1,4
BRDA:772,0,0,105
BRDA:772,0,1,25
BRDA:774,0,0,80
BRDA:774,0,1,25
BRDA:778,0,0,105
BRDA:778,e0,1,0
BRDA:779,0,0,105
BRDA:779,e0,1,0
BRDA:791,0,0,1552
BRDA:791,0,1,194
BRDA:796,0,0,194
BRDA:796,e0,1,0
BRDA:803,0,0,174
BRDA:803,0,1,30
BRDA:804,0,0,144
BRDA:804,0,1,30
BRDA:816,0,0,20
BRDA:816,0,1,4
BRDA:817,0,0,16
BRDA:817,0,1,4
BRDA:843,0,0,6
BRDA:843,0,1,2
BRDA:845,0,0,2
BRDA:845,0,1,4
BRDA:845,0,2,6
BRDA:845,0,4,6
BRDA:845,e0,3,0
BRDA:845,e0,5,0
BRDA:847,0,0,2
BRDA:847,0,2,2
BRDA:847,e0,1,0
BRDA:847,e0,3,0
BRDA:853,0,0,10
BRDA:853,e0,1,0
BRDA:854,0,0,10
BRDA:854,e0,1,0
BRDA:855,0,0,10
BRDA:855,e0,1,0
BRDA:856,0,0,10
BRDA:856,e0,1,0
BRDA:857,0,0,10
BRDA:857,e0,1,0
BRDA:858,0,0,10
BRDA:858,e0,1,0
BRDA:859,0,0,10
BRDA:859,e0,1,0
BRDA:860,0,0,10
BRDA:860,e0,1,0
BRDA:861,0,0,10
BRDA:861,e0,1,0
BRDA:862,0,0,10
BRDA:862,e0,1,0
BRDA:863,0,0,10
BRDA:863,e0,1,0
BRDA:864,0,0,10
BRDA:864,e0,1,0
BRDA:879,0,0,2
BRDA:879,e0,1,0
BRDA:889,0,0,6
BRDA:889,0,1,2
BRDA:891,0,0,2
BRDA:891,0,1,4
BRDA:891,0,2,6
BRDA:891,0,4,6
BRDA:891,e0,3,0
BRDA:891,e0,5,0
BRDA:920,0,0,15
BRDA:920,e0,1,0
BRDA:940,0,0,34
BRDA:940,0,1,0
BRDA:941,0,0,34
BRDA:941,0,1,0
BRDA:942,0,0,34
BRDA:942,0,1,0
BRDA:948,0,0,18
BRDA:948,e0,1,14
BRDA:949,0,0,18
BRDA:949,e0,1,0
BRDA:951,0,0,18
BRDA:951,e0,1,0
BRDA:952,0,0,0
BRDA:952,0,1,18
BRDA:954,0,0,-
BRDA:954,0,2,-
BRDA:954,0,4,-
BRDA:954,e0,1,-
BRDA:954,e0,3,-
BRDA:954,e0,5,-
BRDA:961,0,0,18
BRDA:961,0,2,18
BRDA:961,e0,1,0
BRDA:961,e0,3,0
BRDA:963,0,0,1
BRDA:963,0,1,17
BRDA:966,0,0,1
BRDA:966,e0,1,0
BRDA:967,0,0,1
BRDA:967,0,2,1
BRDA:967,0,4,1
BRDA:967,e0,1,0
BRDA:967,e0,3,0
BRDA:967,e0,5,0
BRDA:970,0,0,17
BRDA:970,e0,1,0
BRDA:973,0,0,17
BRDA:973,0,1,0
BRDA:973,0,2,0
BRDA:973,0,3,17
BRDA:973,0,4,0
BRDA:973,0,5,17
BRDA:976,0,0,-
BRDA:976,0,2,-
BRDA:976,0,4,-
BRDA:976,e0,1,-
BRDA:976,e0,3,-
BRDA:976,e0,5,-
BRDA:980,0,0,0
BRDA:980,0,1,17
BRDA:982,0,0,-
BRDA:982,e0,1,-
BRDA:983,0,0,-
BRDA:983,0,2,-
BRDA:983,0,4,-
BRDA:983,0,6,-
BRDA:983,e0,1,-
BRDA:983,e0,3,-
BRDA:983,e0,5,-
BRDA:983,e0,7,-
BRDA:985,0,0,17
BRDA:985,0,1,0
BRDA:985,0,2,0
BRDA:985,0,3,17
BRDA:986,0,0,0
BRDA:986,0,1,17
BRDA:989,0,0,-
BRDA:989,0,2,-
BRDA:989,0,4,-
BRDA:989,e0,1,-
BRDA:989,e0,3,-
BRDA:989,e0,5,-
BRDA:991,0,0,92
BRDA:991,0,1,17
BRDA:1001,0,0,17
BRDA:1001,e0,1,0
BRDA:1002,0,0,17
BRDA:1002,e0,1,0
BRDA:1004,0,0,0
BRDA:1004,0,1,17
BRDA:1006,0,0,-
BRDA:1006,e0,1,-
BRDA:1007,0,0,-
BRDA:1007,0,2,-
BRDA:1007,0,4,-
BRDA:1007,0,6,-
BRDA:1007,e0,1,-
BRDA:1007,e0,3,-
BRDA:1007,e0,5,-
BRDA:1007,e0,7,-
BRDA:1009,0,0,17
BRDA:1009,0,1,0
BRDA:1009,0,2,0
BRDA:1009,0,3,17
BRDA:1010,0,0,0
BRDA:1010,0,1,17
BRDA:1013,0,0,-
BRDA:1013,0,2,-
BRDA:1013,0,4,-
BRDA:1013,e0,1,-
BRDA:1013,e0,3,-
BRDA:1013,e0,5,-
BRDA:1016,0,0,92
BRDA:1016,0,1,17
BRDA:1019,0,0,0
BRDA:1019,0,1,92
BRDA:1022,0,0,-
BRDA:1022,e0,1,-
BRDA:1023,0,0,-
BRDA:1023,0,2,-
BRDA:1023,0,4,-
BRDA:1023,e0,1,-
BRDA:1023,e0,3,-
BRDA:1023,e0,5,-
BRDA:1027,0,0,2
BRDA:1027,0,1,15
BRDA:1028,0,0,2
BRDA:1028,e0,1,0
BRDA:1031,0,0,15
BRDA:1031,e0,1,0
BRDA:1039,0,0,67
BRDA:1039,e0,1,2
BRDA:1040,0,0,0
BRDA:1040,0,1,67
BRDA:1041,0,0,-
BRDA:1041,0,2,-
BRDA:1041,e0,1,-
BRDA:1041,e0,3,-
BRDA:1044,0,0,7
BRDA:1044,0,1,60
BRDA:1044,0,2,5
BRDA:1044,0,3,2
BRDA:1045,0,0,0
BRDA:1045,0,1,5
BRDA:1045,0,2,2
BRDA:1045,0,3,65
BRDA:1046,0,0,2
BRDA:1046,e0,1,0
BRDA:1052,0,0,9
BRDA:1052,0,1,56
BRDA:1053,0,0,5
BRDA:1053,e0,1,4
BRDA:1054,0,0,5
BRDA:1054,e0,1,0
BRDA:1057,0,0,20
BRDA:1057,0,1,36
BRDA:1058,0,0,17
BRDA:1058,e0,1,3
BRDA:1060,0,0,12
BRDA:1060,e0,1,5
BRDA:1061,0,0,12
BRDA:1061,e0,1,0
BRDA:1062,0,0,2
BRDA:1062,0,1,10
BRDA:1063,0,0,2
BRDA:1063,e0,1,0
BRDA:1065,0,0,10
BRDA:1065,e0,1,0
BRDA:1069,0,0,33
BRDA:1069,0,1,3
BRDA:1070,0,0,32
BRDA:1070,e0,1,1
BRDA:1072,0,0,32
BRDA:1072,e0,1,0
BRDA:1073,0,0,17
BRDA:1073,e0,1,15
BRDA:1076,0,0,1
BRDA:1076,0,1,2
BRDA:1077,0,0,1
BRDA:1077,e0,1,0
BRDA:1078,0,0,1
BRDA:1078,0,2,1
BRDA:1078,0,4,1
BRDA:1078,e0,1,0
BRDA:1078,e0,3,0
BRDA:1078,e0,5,0
BRDA:1080,0,0,2
BRDA:1080,e0,1,0
BRDA:1081,0,0,2
BRDA:1081,0,2,2
BRDA:1081,0,4,2
BRDA:1081,e0,1,0
BRDA:1081,e0,3,0
BRDA:1081,e0,5,0
BRDA:1090,0,0,69
BRDA:1090,e0,1,0
BRDA:1091,0,0,36
BRDA:1091,e0,1,33
BRDA:1092,0,0,36
BRDA:1092,0,2,35
BRDA:1092,0,3,1
BRDA:1092,e0,1,0
BRDA:1097,0,0,1
BRDA:1097,0,2,1
BRDA:1097,0,4,1
BRDA:1097,e0,1,0
BRDA:1097,e0,3,0
BRDA:1097,e0,5,0
BRDA:1098,0,0,1
BRDA:1098,e0,1,0
BRDA:1099,0,0,1
BRDA:1099,e0,1,0
BRDA:1100,0,0,1
BRDA:1100,e0,1,0
BRDA:1102,0,0,33
BRDA:1102,0,1,0
BRDA:1103,0,0,33
BRDA:1103,e0,1,0
BRDA:1104,0,0,33
BRDA:1104,e0,1,0
BRDA:1105,0,0,33
BRDA:1105,0,2,32
BRDA:1105,0,3,1
BRDA:1105,e0,1,0
BRDA:1112,0,0,0
BRDA:1112,0,2,0
BRDA:1112,0,4,0
BRDA:1112,e0,1,0
BRDA:1112,e0,3,0
BRDA:1112,e0,5,0
BRDA:1113,0,0,0
BRDA:1113,e0,1,0
BRDA:1114,0,0,0
BRDA:1114,e0,1,0
BRDA:1115,0,0,0
BRDA:1115,0,2,0
BRDA:1115,0,3,0
BRDA:1115,e0,1,0
BRF:916
BRH:454
DA:72,34
DA:73,34
DA:74,34
DA:75,34
DA:77,32
DA:78,34
DA:85,32
DA:86,32
DA:89,0
DA:93,0
DA:94,0
DA:95,0
DA:99,725
DA:100,725
DA:101,0
DA:103,725
DA:107,35
DA:109,35
DA:110,0
DA:111,0
DA:112,0
DA:113,0
DA:115,35
DA:118,150
DA:120,150
DA:121,300
DA:122,300
DA:125,25
DA:126,25
DA:128,50
DA:129,25
DA:137,50
DA:138,75
DA:141,25
DA:142,25
DA:143,50
DA:144,75
DA:147,25
DA:149,25
DA:151,50
DA:152,50
DA:153,25
DA:155,15
DA:156,15
DA:158,30
DA:160,15
DA:165,30
DA:166,45
DA:169,15
DA:170,15
DA:176,30
DA:177,45
DA:180,15
DA:182,15
DA:184,15
DA:189,30
DA:190,45
DA:192,30
DA:193,30
DA:194,15
DA:200,30
DA:201,45
DA:203,30
DA:204,30
DA:206,15
DA:208,30
DA:209,30
DA:210,15
DA:213,57
DA:233,57
DA:236,0
DA:240,0
DA:241,0
DA:244,80
DA:246,80
DA:247,80
DA:248,160
DA:249,240
DA:250,160
DA:253,40
DA:255,40
DA:256,40
DA:257,40
DA:258,355
DA:259,315
DA:260,315
DA:261,275
DA:263,40
DA:264,0
DA:267,40
DA:268,40
DA:270,40
DA:271,0
DA:274,80
DA:275,40
DA:276,40
DA:277,0
DA:281,40
DA:282,0
DA:285,40
DA:286,40
DA:287,80
DA:288,40
DA:289,0
DA:292,40
DA:293,0
DA:295,5
DA:296,15
DA:297,10
DA:299,5
DA:301,30
DA:303,30
DA:304,60
DA:305,30
DA:307,372
DA:308,372
DA:309,372
DA:310,21738
DA:311,21366
DA:312,21366
DA:313,0
DA:314,0
DA:315,0
DA:316,0
DA:317,0
DA:318,0
DA:319,0
DA:320,0
DA:321,0
DA:322,0
DA:323,0
DA:324,0
DA:325,294
DA:326,294
DA:327,294
DA:328,0
DA:329,0
DA:330,0
DA:331,0
DA:332,0
DA:333,0
DA:334,21072
DA:335,21072
DA:336,0
DA:337,0
DA:339,21072
DA:341,21072
DA:344,372
DA:345,372
DA:347,69
DA:349,257
DA:350,238
DA:351,47
DA:353,194
DA:354,194
DA:355,3
DA:358,19
DA:361,69
DA:363,69
DA:364,0
DA:367,69
DA:368,310
DA:369,485
DA:370,242
DA:371,4
DA:374,242
DA:375,5173
DA:376,4932
DA:377,4932
DA:378,4
DA:383,67
DA:385,34
DA:387,34
DA:388,12
DA:389,12
DA:390,12
DA:392,22
DA:393,22
DA:394,22
DA:395,22
DA:396,22
DA:397,22
DA:398,22
DA:401,103
DA:402,103
DA:403,103
DA:404,103
DA:405,0
DA:407,70
DA:409,70
DA:410,70
DA:411,70
DA:412,0
DA:415,70
DA:416,70
DA:417,70
DA:418,0
DA:419,0
DA:420,0
DA:421,70
DA:424,2
DA:448,2
DA:449,2
DA:451,49
DA:452,49
DA:453,2
DA:455,47
DA:456,47
DA:458,0
DA:471,29
DA:474,29
DA:475,2
DA:476,4
DA:478,28
DA:479,28
DA:480,0
DA:481,0
DA:483,28
DA:486,62
DA:489,62
DA:490,193
DA:491,139
DA:492,139
DA:493,4
DA:494,0
DA:496,4
DA:497,3
DA:498,4
DA:499,3
DA:501,135
DA:502,47
DA:503,0
DA:505,47
DA:506,47
DA:507,47
DA:508,4
DA:511,46
DA:512,46
DA:513,46
DA:514,88
DA:515,20
DA:516,0
DA:519,20
DA:520,4
DA:522,19
DA:524,19
DA:525,19
DA:527,68
DA:528,32
DA:529,0
DA:532,32
DA:533,0
DA:535,32
DA:536,32
DA:537,32
DA:538,0
DA:541,32
DA:543,36
DA:544,7
DA:545,0
DA:548,7
DA:549,4
DA:552,6
DA:554,6
DA:555,6
DA:557,29
DA:558,27
DA:559,8
DA:562,25
DA:563,0
DA:566,25
DA:567,25
DA:568,25
DA:569,0
DA:572,25
DA:574,2
DA:575,0
DA:578,2
DA:579,2
DA:580,5
DA:582,2
DA:583,3
DA:584,6
DA:586,54
DA:589,49
DA:591,49
DA:592,4
DA:593,8
DA:594,6
DA:595,16
DA:596,12
DA:598,69
DA:599,66
DA:600,44
DA:603,6
DA:604,15
DA:612,1000
DA:613,1000
DA:614,932
DA:616,68
DA:617,60
DA:619,8
DA:620,4
DA:622,16
DA:626,126
DA:628,126
DA:629,4
DA:632,125
DA:633,1121
DA:634,1000
DA:636,121
DA:639,32
DA:641,32
DA:642,4
DA:644,6
DA:645,16
DA:646,12
DA:650,30
DA:651,30
DA:652,6
DA:653,9
DA:654,18
DA:657,27
DA:658,27
DA:659,1750
DA:660,1723
DA:661,133
DA:664,27
DA:665,8
DA:666,20
DA:667,12
DA:668,24
DA:673,23
DA:674,23
DA:675,69
DA:676,23
DA:677,144
DA:678,126
DA:680,126
DA:681,126
DA:682,121
DA:683,121
DA:685,36
DA:686,35
DA:688,96
DA:690,96
DA:691,288
DA:692,192
DA:693,96
DA:695,192
DA:697,96
DA:698,96
DA:700,8
DA:702,8
DA:703,24
DA:704,16
DA:705,8
DA:707,16
DA:709,8
DA:710,8
DA:712,66
DA:714,66
DA:715,66
DA:716,66
DA:717,66
DA:718,66
DA:719,66
DA:721,33
DA:723,33
DA:724,33
DA:725,33
DA:726,33
DA:727,33
DA:728,33
DA:729,33
DA:730,33
DA:731,33
DA:732,33
DA:734,5
DA:735,5
DA:736,5
DA:737,1
DA:738,3
DA:739,2
DA:741,1
DA:742,1
DA:744,4
DA:745,4
DA:746,4
DA:747,4
DA:748,24
DA:749,8
DA:750,4
DA:752,8
DA:754,4
DA:757,25
DA:759,25
DA:760,25
DA:761,25
DA:762,25
DA:763,25
DA:764,25
DA:765,25
DA:766,25
DA:767,25
DA:769,25
DA:771,25
DA:772,130
DA:773,105
DA:774,105
DA:775,80
DA:777,105
DA:778,105
DA:779,105
DA:780,105
DA:781,105
DA:783,25
DA:784,25
DA:786,194
DA:787,194
DA:788,194
DA:789,194
DA:790,194
DA:791,1746
DA:792,1552
DA:793,1552
DA:794,1552
DA:796,194
DA:797,194
DA:798,194
DA:800,30
DA:802,30
DA:803,204
DA:804,174
DA:805,144
DA:807,174
DA:808,174
DA:809,174
DA:811,30
DA:812,30
DA:814,4
DA:816,24
DA:817,20
DA:818,16
DA:820,20
DA:822,4
DA:824,2
DA:827,2
DA:832,2
DA:833,2
DA:834,2
DA:835,2
DA:836,2
DA:837,2
DA:838,2
DA:839,2
DA:840,2
DA:841,2
DA:842,2
DA:843,8
DA:844,6
DA:845,6
DA:847,2
DA:848,2
DA:850,10
DA:853,10
DA:854,10
DA:855,10
DA:856,10
DA:857,10
DA:858,10
DA:859,10
DA:860,10
DA:861,10
DA:862,10
DA:863,10
DA:864,10
DA:865,10
DA:867,2
DA:876,2
DA:877,2
DA:878,2
DA:879,2
DA:880,2
DA:881,2
DA:882,2
DA:883,2
DA:884,2
DA:885,2
DA:886,2
DA:887,2
DA:888,2
DA:889,8
DA:890,6
DA:891,6
DA:894,2
DA:895,2
DA:896,2
DA:897,2
DA:899,15
DA:904,15
DA:905,15
DA:906,15
DA:907,15
DA:908,15
DA:909,15
DA:910,15
DA:911,15
DA:913,15
DA:914,15
DA:915,15
DA:916,15
DA:917,15
DA:918,15
DA:919,15
DA:920,15
DA:921,15
DA:922,15
DA:923,15
DA:924,15
DA:925,15
DA:926,15
DA:928,15
DA:929,15
DA:932,15
DA:933,15
DA:935,34
DA:938,34
DA:939,34
DA:940,34
DA:941,68
DA:942,68
DA:945,32
DA:948,32
DA:949,18
DA:951,18
DA:952,18
DA:954,0
DA:959,18
DA:961,18
DA:962,18
DA:963,18
DA:966,1
DA:967,4
DA:970,17
DA:972,17
DA:973,17
DA:976,0
DA:979,17
DA:980,17
DA:982,0
DA:983,0
DA:985,34
DA:986,34
DA:989,0
DA:991,109
DA:992,92
DA:993,184
DA:995,17
DA:999,17
DA:1000,17
DA:1001,34
DA:1002,17
DA:1003,17
DA:1004,17
DA:1006,0
DA:1007,0
DA:1009,34
DA:1010,34
DA:1013,0
DA:1016,109
DA:1018,92
DA:1019,92
DA:1022,0
DA:1023,0
DA:1027,17
DA:1028,2
DA:1031,15
DA:1034,20
DA:1036,69
DA:1039,69
DA:1040,67
DA:1041,0
DA:1044,79
DA:1045,79
DA:1046,2
DA:1047,2
DA:1050,65
DA:1051,65
DA:1052,65
DA:1053,9
DA:1054,5
DA:1055,5
DA:1057,56
DA:1058,20
DA:1060,17
DA:1061,12
DA:1062,12
DA:1063,2
DA:1065,10
DA:1067,12
DA:1068,12
DA:1069,36
DA:1070,33
DA:1072,32
DA:1073,32
DA:1074,17
DA:1076,3
DA:1077,2
DA:1078,5
DA:1080,4
DA:1081,10
DA:1086,69
DA:1088,69
DA:1090,69
DA:1091,69
DA:1092,36
DA:1093,35
DA:1097,3
DA:1098,1
DA:1099,1
DA:1100,1
DA:1101,1
DA:1102,102
DA:1103,33
DA:1104,33
DA:1105,33
DA:1106,32
DA:1108,1
DA:1109,33
DA:1112,0
DA:1113,0
DA:1114,0
DA:1115,0
DA:1116,0
DA:1118,0
DA:1119,0
LF:637
LH:562
end_of_record
TN:
SF:src/compiler_support.cpp
FN:23,28,_ZN10tensorkiln6detail12_GLOBAL__N_112replay_errorERKNS_4NodeERKNS_10DiagnosticE
FN:30,36,_ZN10tensorkiln6detail12_GLOBAL__N_111arity_errorERKNS_4NodeEm
FN:38,50,_ZN10tensorkiln6detail12_GLOBAL__N_115same_float_bitsESt4spanIKfLm18446744073709551615EES4_
FN:52,63,_ZN10tensorkiln6detail12_GLOBAL__N_117append_source_setERNSt7__cxx1112basic_stringIcSt11char_traitsIcESaIcEEESt4spanIKNS_16SourceDefinitionELm18446744073709551615EE
FN:67,72,_ZN10tensorkiln6detail15invariant_errorENSt7__cxx1112basic_stringIcSt11char_traitsIcESaIcEEE
FN:74,79,_ZN10tensorkiln6detail16provenance_errorENSt7__cxx1112basic_stringIcSt11char_traitsIcESaIcEEE
FN:81,83,_ZN10tensorkiln6detail10node_labelB5cxx11ENS_6NodeIdE
FN:85,87,_ZN10tensorkiln6detail11value_labelB5cxx11ENS_7ValueIdE
FN:89,146,_ZN10tensorkiln6detail16replay_operationERNS_12GraphBuilderERKNS_4NodeESt4spanIKNS_7ValueIdELm18446744073709551615EE
FN:94,99,_ZZN10tensorkiln6detail16replay_operationERNS_12GraphBuilderERKNS_4NodeESt4spanIKNS_7ValueIdELm18446744073709551615EEENKUlRKNS_7InputOpEE_clESC_
FN:100,107,_ZZN10tensorkiln6detail16replay_operationERNS_12GraphBuilderERKNS_4NodeESt4spanIKNS_7ValueIdELm18446744073709551615EEENKUlRKNS_10ConstantOpEE_clESC_
FN:108,113,_ZZN10tensorkiln6detail16replay_operationERNS_12GraphBuilderERKNS_4NodeESt4spanIKNS_7ValueIdELm18446744073709551615EEENKUlRKNS_5AddOpEE_clESC_
FN:114,119,_ZZN10tensorkiln6detail16replay_operationERNS_12GraphBuilderERKNS_4NodeESt4spanIKNS_7ValueIdELm18446744073709551615EEENKUlRKNS_5MulOpEE_clESC_
FN:120,125,_ZZN10tensorkiln6detail16replay_operationERNS_12GraphBuilderERKNS_4NodeESt4spanIKNS_7ValueIdELm18446744073709551615EEENKUlRKNS_8MatMulOpEE_clESC_
FN:126,131,_ZZN10tensorkiln6detail16replay_operationERNS_12GraphBuilderERKNS_4NodeESt4spanIKNS_7ValueIdELm18446744073709551615EEENKUlRKNS_6ReluOpEE_clESC_
FN:132,138,_ZZN10tensorkiln6detail16replay_operationERNS_12GraphBuilderERKNS_4NodeESt4spanIKNS_7ValueIdELm18446744073709551615EEENKUlRKNS_9SoftmaxOpEE_clESC_
FN:148,206,_ZN10tensorkiln6detail22validate_replayed_nodeERKNS_4NodeES3_St4spanIKSt8optionalINS_7ValueIdEELm18446744073709551615EE
FN:178,181,_ZZN10tensorkiln6detail22validate_replayed_nodeERKNS_4NodeES3_St4spanIKSt8optionalINS_7ValueIdEELm18446744073709551615EEENKUlRKNS_7InputOpEE_clESC_
FN:182,190,_ZZN10tensorkiln6detail22validate_replayed_nodeERKNS_4NodeES3_St4spanIKSt8optionalINS_7ValueIdEELm18446744073709551615EEENKUlRKNS_10ConstantOpEE_clESC_
FN:191,191,_ZZN10tensorkiln6detail22validate_replayed_nodeERKNS_4NodeES3_St4spanIKSt8optionalINS_7ValueIdEELm18446744073709551615EEENKUlRKNS_5AddOpEE_clESC_
FN:192,192,_ZZN10tensorkiln6detail22validate_replayed_nodeERKNS_4NodeES3_St4spanIKSt8optionalINS_7ValueIdEELm18446744073709551615EEENKUlRKNS_5MulOpEE_clESC_
FN:193,193,_ZZN10tensorkiln6detail22validate_replayed_nodeERKNS_4NodeES3_St4spanIKSt8optionalINS_7ValueIdEELm18446744073709551615EEENKUlRKNS_8MatMulOpEE_clESC_
FN:194,194,_ZZN10tensorkiln6detail22validate_replayed_nodeERKNS_4NodeES3_St4spanIKSt8optionalINS_7ValueIdEELm18446744073709551615EEENKUlRKNS_6ReluOpEE_clESC_
FN:195,198,_ZZN10tensorkiln6detail22validate_replayed_nodeERKNS_4NodeES3_St4spanIKSt8optionalINS_7ValueIdEELm18446744073709551615EEENKUlRKNS_9SoftmaxOpEE_clESC_
FN:208,214,_ZN10tensorkiln6detail23append_provenance_entryERNSt7__cxx1112basic_stringIcSt11char_traitsIcESaIcEEERKNS_14NodeProvenanceE
FN:216,237,_ZN10tensorkiln6detail33validate_source_provenance_domainERKNS_13VerifiedGraphERKNS_15GraphProvenanceE
FNDA:18401,_ZN10tensorkiln6detail10node_labelB5cxx11ENS_6NodeIdE
FNDA:18384,_ZN10tensorkiln6detail11value_labelB5cxx11ENS_7ValueIdE
FNDA:0,_ZN10tensorkiln6detail12_GLOBAL__N_111arity_errorERKNS_4NodeEm
FNDA:0,_ZN10tensorkiln6detail12_GLOBAL__N_112replay_errorERKNS_4NodeERKNS_10DiagnosticE
FNDA:583,_ZN10tensorkiln6detail12_GLOBAL__N_115same_float_bitsESt4spanIKfLm18446744073709551615EES4_
FNDA:6382,_ZN10tensorkiln6detail12_GLOBAL__N_117append_source_setERNSt7__cxx1112basic_stringIcSt11char_traitsIcESaIcEEESt4spanIKNS_16SourceDefinitionELm18446744073709551615EE
FNDA:0,_ZN10tensorkiln6detail15invariant_errorENSt7__cxx1112basic_stringIcSt11char_traitsIcESaIcEEE
FNDA:4,_ZN10tensorkiln6detail16provenance_errorENSt7__cxx1112basic_stringIcSt11char_traitsIcESaIcEEE
FNDA:7692,_ZN10tensorkiln6detail16replay_operationERNS_12GraphBuilderERKNS_4NodeESt4spanIKNS_7ValueIdELm18446744073709551615EE
FNDA:7692,_ZN10tensorkiln6detail22validate_replayed_nodeERKNS_4NodeES3_St4spanIKSt8optionalINS_7ValueIdEELm18446744073709551615EE
FNDA:6382,_ZN10tensorkiln6detail23append_provenance_entryERNSt7__cxx1112basic_stringIcSt11char_traitsIcESaIcEEERKNS_14NodeProvenanceE
FNDA:9,_ZN10tensorkiln6detail33validate_source_provenance_domainERKNS_13VerifiedGraphERKNS_15GraphProvenanceE
FNDA:583,_ZZN10tensorkiln6detail16replay_operationERNS_12GraphBuilderERKNS_4NodeESt4spanIKNS_7ValueIdELm18446744073709551615EEENKUlRKNS_10ConstantOpEE_clESC_
FNDA:1960,_ZZN10tensorkiln6detail16replay_operationERNS_12GraphBuilderERKNS_4NodeESt4spanIKNS_7ValueIdELm18446744073709551615EEENKUlRKNS_5AddOpEE_clESC_
FNDA:1552,_ZZN10tensorkiln6detail16replay_operationERNS_12GraphBuilderERKNS_4NodeESt4spanIKNS_7ValueIdELm18446744073709551615EEENKUlRKNS_5MulOpEE_clESC_
FNDA:2491,_ZZN10tensorkiln6detail16replay_operationERNS_12GraphBuilderERKNS_4NodeESt4spanIKNS_7ValueIdELm18446744073709551615EEENKUlRKNS_6ReluOpEE_clESC_
FNDA:766,_ZZN10tensorkiln6detail16replay_operationERNS_12GraphBuilderERKNS_4NodeESt4spanIKNS_7ValueIdELm18446744073709551615EEENKUlRKNS_7InputOpEE_clESC_
FNDA:337,_ZZN10tensorkiln6detail16replay_operationERNS_12GraphBuilderERKNS_4NodeESt4spanIKNS_7ValueIdELm18446744073709551615EEENKUlRKNS_8MatMulOpEE_clESC_
FNDA:3,_ZZN10tensorkiln6detail16replay_operationERNS_12GraphBuilderERKNS_4NodeESt4spanIKNS_7ValueIdELm18446744073709551615EEENKUlRKNS_9SoftmaxOpEE_clESC_
FNDA:583,_ZZN10tensorkiln6detail22validate_replayed_nodeERKNS_4NodeES3_St4spanIKSt8optionalINS_7ValueIdEELm18446744073709551615EEENKUlRKNS_10ConstantOpEE_clESC_
FNDA:1960,_ZZN10tensorkiln6detail22validate_replayed_nodeERKNS_4NodeES3_St4spanIKSt8optionalINS_7ValueIdEELm18446744073709551615EEENKUlRKNS_5AddOpEE_clESC_
FNDA:1552,_ZZN10tensorkiln6detail22validate_replayed_nodeERKNS_4NodeES3_St4spanIKSt8optionalINS_7ValueIdEELm18446744073709551615EEENKUlRKNS_5MulOpEE_clESC_
FNDA:2491,_ZZN10tensorkiln6detail22validate_replayed_nodeERKNS_4NodeES3_St4spanIKSt8optionalINS_7ValueIdEELm18446744073709551615EEENKUlRKNS_6ReluOpEE_clESC_
FNDA:766,_ZZN10tensorkiln6detail22validate_replayed_nodeERKNS_4NodeES3_St4spanIKSt8optionalINS_7ValueIdEELm18446744073709551615EEENKUlRKNS_7InputOpEE_clESC_
FNDA:337,_ZZN10tensorkiln6detail22validate_replayed_nodeERKNS_4NodeES3_St4spanIKSt8optionalINS_7ValueIdEELm18446744073709551615EEENKUlRKNS_8MatMulOpEE_clESC_
FNDA:3,_ZZN10tensorkiln6detail22validate_replayed_nodeERKNS_4NodeES3_St4spanIKSt8optionalINS_7ValueIdEELm18446744073709551615EEENKUlRKNS_9SoftmaxOpEE_clESC_
FNF:26
FNH:23
BRDA:26,0,0,-
BRDA:26,0,2,-
BRDA:26,0,4,-
BRDA:26,0,6,-
BRDA:26,e0,1,-
BRDA:26,e0,3,-
BRDA:26,e0,5,-
BRDA:26,e0,7,-
BRDA:27,0,0,-
BRDA:27,0,2,-
BRDA:27,0,4,-
BRDA:27,e0,1,-
BRDA:27,e0,3,-
BRDA:27,e0,5,-
BRDA:33,0,0,-
BRDA:33,0,2,-
BRDA:33,0,4,-
BRDA:33,e0,1,-
BRDA:33,e0,3,-
BRDA:33,e0,5,-
BRDA:34,0,0,-
BRDA:34,0,2,-
BRDA:34,0,4,-
BRDA:34,e0,1,-
BRDA:34,e0,3,-
BRDA:34,e0,5,-
BRDA:35,0,0,-
BRDA:35,0,2,-
BRDA:35,e0,1,-
BRDA:35,e0,3,-
BRDA:40,0,0,0
BRDA:40,0,1,583
BRDA:43,0,0,1039
BRDA:43,0,1,583
BRDA:44,0,0,0
BRDA:44,0,1,1039
BRDA:55,0,0,12000
BRDA:55,0,1,6382
BRDA:56,0,0,5618
BRDA:56,0,1,6382
BRDA:59,0,0,12000
BRDA:59,0,2,12000
BRDA:59,0,4,12000
BRDA:59,0,6,12000
BRDA:59,e0,1,0
BRDA:59,e0,3,0
BRDA:59,e0,5,0
BRDA:59,e0,7,0
BRDA:60,0,0,12000
BRDA:60,0,2,12000
BRDA:60,e0,1,0
BRDA:60,e0,3,0
BRDA:82,0,0,18401
BRDA:82,e0,1,0
BRDA:86,0,0,18384
BRDA:86,e0,1,0
BRDA:95,0,0,0
BRDA:95,0,1,766
BRDA:98,0,0,766
BRDA:98,0,2,766
BRDA:98,e0,1,0
BRDA:98,e0,3,0
BRDA:101,0,0,0
BRDA:101,0,1,583
BRDA:106,0,0,583
BRDA:106,0,2,583
BRDA:106,e0,1,0
BRDA:106,e0,3,0
BRDA:109,0,0,0
BRDA:109,0,1,1960
BRDA:115,0,0,0
BRDA:115,0,1,1552
BRDA:121,0,0,0
BRDA:121,0,1,337
BRDA:127,0,0,0
BRDA:127,0,1,2491
BRDA:133,0,0,0
BRDA:133,0,1,3
BRDA:140,0,0,7692
BRDA:140,e0,1,0
BRDA:142,0,0,0
BRDA:142,0,1,7692
BRDA:143,0,0,-
BRDA:143,0,2,-
BRDA:143,e0,1,-
BRDA:143,e0,3,-
BRDA:151,0,0,0
BRDA:151,0,1,7692
BRDA:153,0,0,-
BRDA:153,0,2,-
BRDA:153,0,4,-
BRDA:153,0,6,-
BRDA:153,e0,1,-
BRDA:153,e0,3,-
BRDA:153,e0,5,-
BRDA:153,e0,7,-
BRDA:154,0,0,-
BRDA:154,0,2,-
BRDA:154,0,4,-
BRDA:154,e0,1,-
BRDA:154,e0,3,-
BRDA:154,e0,5,-
BRDA:155,0,0,-
BRDA:155,e0,1,-
BRDA:157,0,0,0
BRDA:157,0,1,7692
BRDA:158,0,0,-
BRDA:158,0,2,-
BRDA:158,0,4,-
BRDA:158,e0,1,-
BRDA:158,e0,3,-
BRDA:158,e0,5,-
BRDA:161,0,0,10192
BRDA:161,0,1,7692
BRDA:165,0,0,10192
BRDA:165,0,1,0
BRDA:165,0,2,10192
BRDA:165,0,3,0
BRDA:166,0,0,0
BRDA:166,0,1,10192
BRDA:166,0,2,0
BRDA:166,0,3,10192
BRDA:167,0,0,-
BRDA:167,0,2,-
BRDA:167,0,4,-
BRDA:167,e0,1,-
BRDA:167,e0,3,-
BRDA:167,e0,5,-
BRDA:171,0,0,0
BRDA:171,0,1,7692
BRDA:172,0,0,-
BRDA:172,0,2,-
BRDA:172,0,4,-
BRDA:172,e0,1,-
BRDA:172,e0,3,-
BRDA:172,e0,5,-
BRDA:177,0,0,7692
BRDA:177,e0,1,0
BRDA:187,0,0,583
BRDA:187,0,1,0
BRDA:187,0,2,583
BRDA:187,0,3,0
BRDA:187,0,4,583
BRDA:187,0,5,0
BRDA:201,0,0,0
BRDA:201,0,1,7692
BRDA:202,0,0,-
BRDA:202,0,2,-
BRDA:202,0,4,-
BRDA:202,e0,1,-
BRDA:202,e0,3,-
BRDA:202,e0,5,-
BRDA:210,0,0,6382
BRDA:210,0,2,6382
BRDA:210,0,4,6382
BRDA:210,0,6,6382
BRDA:210,e0,1,0
BRDA:210,e0,3,0
BRDA:210,e0,5,0
BRDA:210,e0,7,0
BRDA:211,0,0,6382
BRDA:211,0,2,6382
BRDA:211,0,4,6382
BRDA:211,e0,1,0
BRDA:211,e0,3,0
BRDA:211,e0,5,0
BRDA:218,0,0,2
BRDA:218,0,1,7
BRDA:220,0,0,2
BRDA:220,e0,1,0
BRDA:221,0,0,2
BRDA:221,0,2,2
BRDA:221,e0,1,0
BRDA:221,e0,3,0
BRDA:222,0,0,2
BRDA:222,0,2,2
BRDA:222,0,4,2
BRDA:222,e0,1,0
BRDA:222,e0,3,0
BRDA:222,e0,5,0
BRDA:225,0,0,33
BRDA:225,0,1,5
BRDA:229,0,0,31
BRDA:229,0,1,2
BRDA:229,0,2,31
BRDA:229,0,3,0
BRDA:229,0,4,0
BRDA:229,0,5,31
BRDA:231,0,0,2
BRDA:231,e0,1,0
BRDA:232,0,0,2
BRDA:232,0,2,2
BRDA:232,0,4,2
BRDA:232,e0,1,0
BRDA:232,e0,3,0
BRDA:232,e0,5,0
BRDA:233,0,0,2
BRDA:233,e0,1,0
BRF:198
BRH:69
DA:23,0
DA:26,0
DA:27,0
DA:30,0
DA:32,0
DA:33,0
DA:34,0
DA:35,0
DA:38,583
DA:40,583
DA:41,0
DA:43,1622
DA:44,2078
DA:45,1039
DA:46,0
DA:49,583
DA:52,6382
DA:54,6382
DA:55,18382
DA:56,12000
DA:57,5618
DA:59,24000
DA:60,36000
DA:62,6382
DA:63,6382
DA:67,0
DA:68,0
DA:70,0
DA:71,0
DA:74,4
DA:75,4
DA:77,4
DA:78,4
DA:81,18401
DA:82,18401
DA:85,18384
DA:86,18384
DA:89,7692
DA:93,0
DA:94,766
DA:95,766
DA:96,0
DA:98,766
DA:100,583
DA:101,583
DA:102,0
DA:105,583
DA:106,1166
DA:108,1960
DA:109,1960
DA:110,0
DA:112,1960
DA:114,1552
DA:115,1552
DA:116,0
DA:118,1552
DA:120,337
DA:121,337
DA:122,0
DA:124,337
DA:126,2491
DA:127,2491
DA:128,0
DA:130,2491
DA:132,3
DA:133,3
DA:134,0
DA:137,3
DA:140,7692
DA:142,7692
DA:143,0
DA:145,7692
DA:146,7692
DA:148,7692
DA:151,7692
DA:152,0
DA:153,0
DA:154,0
DA:155,0
DA:157,7692
DA:158,0
DA:159,0
DA:161,17884
DA:163,10192
DA:164,10192
DA:165,20384
DA:166,20384
DA:167,0
DA:168,0
DA:171,7692
DA:172,0
DA:173,0
DA:176,15384
DA:177,7692
DA:178,766
DA:179,766
DA:180,766
DA:182,583
DA:184,583
DA:185,583
DA:186,583
DA:187,1166
DA:188,583
DA:189,1166
DA:191,1960
DA:192,1552
DA:193,337
DA:194,2491
DA:195,3
DA:196,3
DA:197,6
DA:200,7692
DA:201,7692
DA:202,0
DA:203,0
DA:205,7692
DA:208,6382
DA:210,12764
DA:211,19146
DA:212,6382
DA:213,6382
DA:214,6382
DA:216,9
DA:218,9
DA:219,4
DA:220,4
DA:221,8
DA:222,8
DA:223,2
DA:225,38
DA:226,33
DA:228,33
DA:229,33
DA:230,4
DA:231,4
DA:232,8
DA:233,6
DA:236,5
LF:138
LH:103
end_of_record
TN:
SF:src/dead_code_elimination.cpp
FN:16,21,_ZN10tensorkiln25DeadCodeEliminationResultC2ENS_13VerifiedGraphENS_15GraphProvenanceENS_24DeadCodeEliminationStatsE
FN:23,39,_ZNK10tensorkiln25DeadCodeEliminationResult4dumpB5cxx11Ev
FN:41,228,_ZN10tensorkiln19DeadCodeElimination3runERKNS_13VerifiedGraphE
FN:230,253,_ZN10tensorkiln19DeadCodeElimination3runERKNS_13VerifiedGraphERKNS_15GraphProvenanceE
FNDA:110,_ZN10tensorkiln19DeadCodeElimination3runERKNS_13VerifiedGraphE
FNDA:3,_ZN10tensorkiln19DeadCodeElimination3runERKNS_13VerifiedGraphERKNS_15GraphProvenanceE
FNDA:111,_ZN10tensorkiln25DeadCodeEliminationResultC2ENS_13VerifiedGraphENS_15GraphProvenanceENS_24DeadCodeEliminationStatsE
FNDA:98,_ZNK10tensorkiln25DeadCodeEliminationResult4dumpB5cxx11Ev
FNF:4
FNH:4
BRDA:24,0,0,98
BRDA:24,e0,1,0
BRDA:25,0,0,98
BRDA:25,0,2,98
BRDA:25,e0,1,0
BRDA:25,e0,3,0
BRDA:26,0,0,98
BRDA:26,0,2,98
BRDA:26,e0,1,0
BRDA:26,e0,3,0
BRDA:27,0,0,98
BRDA:27,0,2,98
BRDA:27,0,4,98
BRDA:27,e0,1,0
BRDA:27,e0,3,0
BRDA:27,e0,5,0
BRDA:28,0,0,98
BRDA:28,e0,1,0
BRDA:29,0,0,98
BRDA:29,0,2,98
BRDA:29,e0,1,0
BRDA:29,e0,3,0
BRDA:30,0,0,98
BRDA:30,e0,1,0
BRDA:31,0,0,98
BRDA:31,0,2,98
BRDA:31,e0,1,0
BRDA:31,e0,3,0
BRDA:32,0,0,98
BRDA:32,e0,1,0
BRDA:33,0,0,98
BRDA:33,0,2,98
BRDA:33,0,4,98
BRDA:33,e0,1,0
BRDA:33,e0,3,0
BRDA:33,e0,5,0
BRDA:34,0,0,567
BRDA:34,0,1,98
BRDA:35,0,0,567
BRDA:35,e0,1,0
BRDA:37,0,0,98
BRDA:37,e0,1,0
BRDA:44,0,0,110
BRDA:44,e0,1,0
BRDA:47,0,0,2699
BRDA:47,0,1,110
BRDA:49,0,0,2699
BRDA:49,0,1,0
BRDA:50,0,0,0
BRDA:50,0,1,2699
BRDA:50,0,2,0
BRDA:50,0,3,2699
BRDA:52,0,0,-
BRDA:52,e0,1,-
BRDA:53,0,0,-
BRDA:53,e0,1,-
BRDA:54,0,0,-
BRDA:54,0,2,-
BRDA:54,e0,1,-
BRDA:54,e0,3,-
BRDA:56,0,0,214
BRDA:56,0,1,2485
BRDA:59,0,0,527
BRDA:59,0,1,2172
BRDA:66,0,0,221
BRDA:66,0,1,110
BRDA:67,0,0,0
BRDA:67,0,1,221
BRDA:69,0,0,-
BRDA:69,e0,1,-
BRDA:70,0,0,-
BRDA:70,0,2,-
BRDA:70,e0,1,-
BRDA:70,e0,3,-
BRDA:71,0,0,-
BRDA:71,e0,1,-
BRDA:76,0,0,2699
BRDA:76,0,1,110
BRDA:78,0,0,2069
BRDA:78,0,1,630
BRDA:81,0,0,649
BRDA:81,0,1,630
BRDA:82,0,0,649
BRDA:82,0,1,0
BRDA:82,0,2,0
BRDA:82,0,3,649
BRDA:83,0,0,0
BRDA:83,0,1,649
BRDA:85,0,0,-
BRDA:85,e0,1,-
BRDA:86,0,0,-
BRDA:86,0,2,-
BRDA:86,e0,1,-
BRDA:86,e0,3,-
BRDA:87,0,0,-
BRDA:87,e0,1,-
BRDA:88,0,0,-
BRDA:88,0,2,-
BRDA:88,e0,1,-
BRDA:88,e0,3,-
BRDA:94,0,0,110
BRDA:94,e0,1,0
BRDA:95,0,0,110
BRDA:95,e0,1,0
BRDA:97,0,0,110
BRDA:97,e0,1,0
BRDA:100,0,0,2699
BRDA:100,0,1,110
BRDA:101,0,0,2069
BRDA:101,0,1,630
BRDA:106,0,0,630
BRDA:106,e0,1,0
BRDA:107,0,0,649
BRDA:107,0,1,630
BRDA:110,0,0,649
BRDA:110,0,1,0
BRDA:110,0,2,0
BRDA:110,0,3,649
BRDA:111,0,0,0
BRDA:111,0,1,649
BRDA:113,0,0,-
BRDA:113,e0,1,-
BRDA:114,0,0,-
BRDA:114,e0,1,-
BRDA:115,0,0,-
BRDA:115,0,2,-
BRDA:115,e0,1,-
BRDA:115,e0,3,-
BRDA:117,0,0,649
BRDA:117,e0,1,0
BRDA:120,0,0,630
BRDA:120,e0,1,0
BRDA:121,0,0,0
BRDA:121,0,1,630
BRDA:122,0,0,-
BRDA:122,0,2,-
BRDA:122,e0,1,-
BRDA:122,e0,3,-
BRDA:125,0,0,630
BRDA:125,e0,1,0
BRDA:126,0,0,64
BRDA:126,0,1,566
BRDA:131,0,0,630
BRDA:131,0,1,0
BRDA:131,0,2,630
BRDA:131,0,3,0
BRDA:133,0,0,221
BRDA:133,0,1,110
BRDA:136,0,0,221
BRDA:136,0,1,0
BRDA:136,0,2,0
BRDA:136,0,3,221
BRDA:137,0,0,0
BRDA:137,0,1,221
BRDA:139,0,0,-
BRDA:139,e0,1,-
BRDA:140,0,0,-
BRDA:140,0,2,-
BRDA:140,e0,1,-
BRDA:140,e0,3,-
BRDA:143,0,0,221
BRDA:143,0,2,221
BRDA:143,e0,1,0
BRDA:143,e0,3,0
BRDA:144,0,0,0
BRDA:144,0,1,221
BRDA:146,0,0,-
BRDA:146,e0,1,-
BRDA:147,0,0,-
BRDA:147,0,2,-
BRDA:147,0,4,-
BRDA:147,e0,1,-
BRDA:147,e0,3,-
BRDA:147,e0,5,-
BRDA:148,0,0,-
BRDA:148,0,2,-
BRDA:148,e0,1,-
BRDA:148,e0,3,-
BRDA:149,0,0,-
BRDA:149,0,2,-
BRDA:149,e0,1,-
BRDA:149,e0,3,-
BRDA:151,0,0,221
BRDA:151,0,1,0
BRDA:153,0,0,110
BRDA:153,e0,1,0
BRDA:154,0,0,0
BRDA:154,0,1,110
BRDA:156,0,0,-
BRDA:156,e0,1,-
BRDA:157,0,0,-
BRDA:157,e0,1,-
BRDA:158,0,0,-
BRDA:158,0,2,-
BRDA:158,0,4,-
BRDA:158,e0,1,-
BRDA:158,e0,3,-
BRDA:158,e0,5,-
BRDA:159,0,0,-
BRDA:159,e0,1,-
BRDA:163,0,0,110
BRDA:163,0,1,0
BRDA:164,0,0,110
BRDA:164,0,1,0
BRDA:164,0,2,0
BRDA:164,0,3,110
BRDA:165,0,0,0
BRDA:165,0,1,110
BRDA:167,0,0,-
BRDA:167,0,2,-
BRDA:167,e0,1,-
BRDA:167,e0,3,-
BRDA:169,0,0,-
BRDA:169,e0,1,-
BRDA:173,0,0,110
BRDA:173,e0,1,0
BRDA:174,0,0,630
BRDA:174,0,1,110
BRDA:179,0,0,0
BRDA:179,0,1,630
BRDA:181,0,0,630
BRDA:181,e0,1,0
BRDA:182,0,0,-
BRDA:182,0,2,-
BRDA:182,e0,1,-
BRDA:182,e0,3,-
BRDA:183,0,0,630
BRDA:183,0,1,0
BRDA:184,0,0,630
BRDA:184,e0,1,0
BRDA:185,0,0,630
BRDA:185,e0,1,0
BRDA:188,0,0,221
BRDA:188,0,1,110
BRDA:194,0,0,221
BRDA:194,0,1,0
BRDA:195,0,0,221
BRDA:195,0,1,0
BRDA:195,0,2,221
BRDA:195,0,3,0
BRDA:196,0,0,0
BRDA:196,0,1,221
BRDA:196,0,2,0
BRDA:196,0,3,221
BRDA:198,0,0,-
BRDA:198,e0,1,-
BRDA:199,0,0,-
BRDA:199,e0,1,-
BRDA:200,0,0,-
BRDA:200,0,2,-
BRDA:200,e0,1,-
BRDA:200,e0,3,-
BRDA:217,0,0,110
BRDA:217,e0,1,0
BRDA:218,0,0,0
BRDA:218,0,1,110
BRDA:220,0,0,-
BRDA:220,e0,1,-
BRDA:221,0,0,-
BRDA:221,e0,1,-
BRDA:222,0,0,-
BRDA:222,0,2,-
BRDA:222,0,4,-
BRDA:222,e0,1,-
BRDA:222,e0,3,-
BRDA:222,e0,5,-
BRDA:223,0,0,-
BRDA:223,e0,1,-
BRDA:227,0,0,110
BRDA:227,e0,1,0
BRDA:233,0,0,2
BRDA:233,0,1,1
BRDA:235,0,0,3
BRDA:235,e0,1,0
BRDA:236,0,0,2
BRDA:236,0,2,2
BRDA:236,e0,1,0
BRDA:236,e0,3,0
BRDA:237,0,0,1
BRDA:237,0,1,2
BRDA:239,0,0,1
BRDA:239,e0,1,0
BRDA:240,0,0,0
BRDA:240,0,1,1
BRDA:241,0,0,-
BRDA:241,0,2,-
BRDA:241,e0,1,-
BRDA:241,e0,3,-
BRDA:244,0,0,1
BRDA:244,e0,1,0
BRDA:245,0,0,0
BRDA:245,0,1,1
BRDA:246,0,0,-
BRDA:246,0,2,-
BRDA:246,e0,1,-
BRDA:246,e0,3,-
BRDA:252,0,0,1
BRDA:252,e0,1,0
BRF:298
BRH:110
DA:16,111
DA:18,111
DA:19,111
DA:20,111
DA:21,111
DA:23,98
DA:24,98
DA:25,196
DA:26,392
DA:27,294
DA:28,196
DA:29,392
DA:30,196
DA:31,392
DA:32,196
DA:33,294
DA:34,665
DA:35,567
DA:37,98
DA:38,98
DA:39,0
DA:41,110
DA:43,110
DA:44,110
DA:46,110
DA:47,2809
DA:48,2699
DA:49,5398
DA:50,5398
DA:52,0
DA:53,0
DA:54,0
DA:56,2699
DA:57,214
DA:59,2699
DA:60,2699
DA:61,527
DA:62,527
DA:66,331
DA:67,221
DA:69,0
DA:70,0
DA:71,0
DA:73,221
DA:76,2809
DA:77,2699
DA:78,2699
DA:79,2069
DA:81,1279
DA:82,1298
DA:83,649
DA:85,0
DA:86,0
DA:87,0
DA:88,0
DA:90,649
DA:94,110
DA:95,110
DA:96,110
DA:97,110
DA:98,110
DA:100,2809
DA:101,2699
DA:102,2069
DA:104,630
DA:105,630
DA:106,630
DA:107,1279
DA:109,649
DA:110,1298
DA:111,649
DA:113,0
DA:114,0
DA:115,0
DA:117,649
DA:120,630
DA:121,630
DA:122,0
DA:124,630
DA:125,630
DA:126,630
DA:127,630
DA:128,64
DA:129,64
DA:131,630
DA:133,331
DA:135,221
DA:136,442
DA:137,221
DA:139,0
DA:140,0
DA:143,221
DA:144,221
DA:146,0
DA:147,0
DA:148,0
DA:149,0
DA:151,221
DA:153,110
DA:154,110
DA:156,0
DA:157,0
DA:158,0
DA:159,0
DA:161,110
DA:163,220
DA:164,220
DA:165,220
DA:167,0
DA:169,0
DA:172,110
DA:173,110
DA:174,740
DA:176,630
DA:178,630
DA:179,630
DA:181,630
DA:182,0
DA:183,630
DA:184,630
DA:185,2520
DA:188,331
DA:189,221
DA:190,221
DA:192,221
DA:193,221
DA:194,221
DA:195,663
DA:196,442
DA:198,0
DA:199,0
DA:200,0
DA:205,110
DA:207,110
DA:211,110
DA:214,110
DA:215,110
DA:217,110
DA:218,110
DA:220,0
DA:221,0
DA:222,0
DA:223,0
DA:226,330
DA:227,330
DA:228,110
DA:230,3
DA:233,3
DA:235,3
DA:236,2
DA:237,3
DA:239,1
DA:240,1
DA:241,0
DA:243,1
DA:244,1
DA:245,1
DA:246,0
DA:250,3
DA:251,1
DA:252,2
DA:253,1
LF:162
LH:125
end_of_record
TN:
SF:src/diagnostic.cpp
FN:5,123,_ZN10tensorkiln15error_code_nameENS_9ErrorCodeE
FNDA:35,_ZN10tensorkiln15error_code_nameENS_9ErrorCodeE
FNF:1
FNH:1
BRDA:6,0,0,1
BRDA:6,0,1,0
BRDA:6,0,2,0
BRDA:6,0,3,0
BRDA:6,0,4,1
BRDA:6,0,5,0
BRDA:6,0,6,0
BRDA:6,0,7,0
BRDA:6,0,8,0
BRDA:6,0,9,0
BRDA:6,0,10,0
BRDA:6,0,11,0
BRDA:6,0,12,0
BRDA:6,0,13,0
BRDA:6,0,14,0
BRDA:6,0,15,0
BRDA:6,0,16,0
BRDA:6,0,17,0
BRDA:6,0,18,0
BRDA:6,0,19,1
BRDA:6,0,20,1
BRDA:6,0,21,0
BRDA:6,0,22,0
BRDA:6,0,23,0
BRDA:6,0,24,0
BRDA:6,0,25,1
BRDA:6,0,26,0
BRDA:6,0,27,0
BRDA:6,0,28,1
BRDA:6,0,29,0
BRDA:6,0,30,1
BRDA:6,0,31,1
BRDA:6,0,32,1
BRDA:6,0,33,1
BRDA:6,0,34,1
BRDA:6,0,35,1
BRDA:6,0,36,1
BRDA:6,0,37,1
BRDA:6,0,38,1
BRDA:6,0,39,1
BRDA:6,0,40,1
BRDA:6,0,41,2
BRDA:6,0,42,1
BRDA:6,0,43,1
BRDA:6,0,44,1
BRDA:6,0,45,1
BRDA:6,0,46,1
BRDA:6,0,47,1
BRDA:6,0,48,1
BRDA:6,0,49,1
BRDA:6,0,50,1
BRDA:6,0,51,1
BRDA:6,0,52,1
BRDA:6,0,53,1
BRDA:6,0,54,1
BRDA:6,0,55,1
BRDA:6,0,56,2
BRDA:6,0,57,0
BRF:58
BRH:33
DA:5,35
DA:6,35
DA:7,1
DA:8,1
DA:9,0
DA:10,0
DA:11,0
DA:12,0
DA:13,0
DA:14,0
DA:15,1
DA:16,1
DA:17,0
DA:18,0
DA:19,0
DA:20,0
DA:21,0
DA:22,0
DA:23,0
DA:24,0
DA:25,0
DA:26,0
DA:27,0
DA:28,0
DA:29,0
DA:30,0
DA:31,0
DA:32,0
DA:33,0
DA:34,0
DA:35,0
DA:36,0
DA:37,0
DA:38,0
DA:39,0
DA:40,0
DA:41,0
DA:42,0
DA:43,0
DA:44,0
DA:45,1
DA:46,1
DA:47,1
DA:48,1
DA:49,0
DA:50,0
DA:51,0
DA:52,0
DA:53,0
DA:54,0
DA:55,0
DA:56,0
DA:57,1
DA:58,1
DA:59,0
DA:60,0
DA:61,0
DA:62,0
DA:63,1
DA:64,1
DA:65,0
DA:66,0
DA:67,1
DA:68,1
DA:69,1
DA:70,1
DA:71,1
DA:72,1
DA:73,1
DA:74,1
DA:75,1
DA:76,1
DA:77,1
DA:78,1
DA:79,1
DA:80,1
DA:81,1
DA:82,1
DA:83,1
DA:84,1
DA:85,1
DA:86,1
DA:87,1
DA:88,1
DA:89,2
DA:90,2
DA:91,1
DA:92,1
DA:93,1
DA:94,1
DA:95,1
DA:96,1
DA:97,1
DA:98,1
DA:99,1
DA:100,1
DA:101,1
DA:102,1
DA:103,1
DA:104,1
DA:105,1
DA:106,1
DA:107,1
DA:108,1
DA:109,1
DA:110,1
DA:111,1
DA:112,1
DA:113,1
DA:114,1
DA:115,1
DA:116,1
DA:117,1
DA:118,1
DA:119,2
DA:120,2
DA:122,0
LF:117
LH:68
end_of_record
TN:
SF:src/execution.cpp
FN:26,37,_ZN10tensorkiln12_GLOBAL__N_127gradual_underflow_is_activeEv
FN:39,44,_ZN10tensorkiln12_GLOBAL__N_128binary64_precision_is_activeEv
FN:46,56,_ZN10tensorkiln12_GLOBAL__N_128binary32_rounding_is_nearestEv
FN:58,68,_ZN10tensorkiln12_GLOBAL__N_116find_input_indexERKNS_13ExecutionPlanESt17basic_string_viewIcSt11char_traitsIcEE
FN:70,75,_ZN10tensorkiln12_GLOBAL__N_115next_generationEm
FN:87,137,_ZN10tensorkiln6detail20ExecutionSessionDataC2ERKNS_13ExecutionPlanENS_23ExecutionSessionOptionsE
FN:139,149,_ZN10tensorkiln6detail20ExecutionSessionData15writable_outputENS_7ValueIdE
FN:151,171,_ZNK10tensorkiln6detail20ExecutionSessionData19write_set_is_intactERKNS_9PlanValueE
FN:173,193,_ZN10tensorkiln6detail20ExecutionSessionData12inject_faultERKNS_9PlanValueE
FN:211,228,_ZN10tensorkiln25execution_run_status_nameENS_18ExecutionRunStatusE
FN:230,235,_ZNK10tensorkiln19ExecutionResultView7currentEv
FN:237,245,_ZNK10tensorkiln19ExecutionResultView6outputESt17basic_string_viewIcSt11char_traitsIcEE
FN:247,252,_ZN10tensorkiln16ExecutionSession6createERKNS_13ExecutionPlanENS_23ExecutionSessionOptionsE
FN:254,260,_ZN10tensorkiln16ExecutionSessionC2ESt10unique_ptrINS_6detail20ExecutionSessionDataESt14default_deleteIS3_EE
FN:262,270,_ZN10tensorkiln16ExecutionSessionC2EOS0_
FN:272,272,_ZN10tensorkiln16ExecutionSessionD2Ev
FN:274,278,_ZNK10tensorkiln16ExecutionSession4planEv
FN:280,283,_ZNK10tensorkiln16ExecutionSession15workspace_bytesEv
FN:285,288,_ZNK10tensorkiln16ExecutionSession20audits_kernel_writesEv
FN:290,413,_ZN10tensorkiln16ExecutionSession4bindESt4spanIKNS_21ExecutionInputBindingELm18446744073709551615EE
FN:415,458,_ZN10tensorkiln16ExecutionSession3runEv
FN:460,465,_ZNK10tensorkiln16ExecutionSession6resultEv
FN:467,471,_ZNK10tensorkiln16ExecutionSession17result_is_currentEm
[...]
FNDA:849,_ZN10tensorkiln18infer_matmul_shapeERKNS_5ShapeES2_NS_11ShapeLimitsE
FNDA:13983,_ZN10tensorkiln21infer_broadcast_shapeERKNS_5ShapeES2_NS_11ShapeLimitsE
FNF:6
FNH:6
BRDA:19,0,0,563
BRDA:19,0,1,7007
BRDA:29,0,0,8
BRDA:29,e0,1,0
BRDA:31,0,0,8
BRDA:31,0,2,8
BRDA:31,0,4,8
BRDA:31,0,6,8
BRDA:31,0,8,8
BRDA:31,e0,1,0
BRDA:31,e0,3,0
BRDA:31,e0,5,0
BRDA:31,e0,7,0
BRDA:31,e0,9,0
BRDA:32,0,0,8
BRDA:32,0,2,8
BRDA:32,0,4,8
BRDA:32,0,6,8
BRDA:32,e0,1,0
BRDA:32,e0,3,0
BRDA:32,e0,5,0
BRDA:32,e0,7,0
BRDA:33,0,0,8
BRDA:33,0,2,8
BRDA:33,0,4,8
BRDA:33,e0,1,0
BRDA:33,e0,3,0
BRDA:33,e0,5,0
BRDA:34,0,0,8
BRDA:34,0,2,8
BRDA:34,e0,1,0
BRDA:34,e0,3,0
BRDA:35,0,0,8
BRDA:35,e0,1,0
BRDA:41,0,0,3
BRDA:41,e0,1,0
BRDA:43,0,0,3
BRDA:43,0,2,3
BRDA:43,0,4,3
BRDA:43,0,6,3
BRDA:43,0,8,3
BRDA:43,e0,1,0
BRDA:43,e0,3,0
BRDA:43,e0,5,0
BRDA:43,e0,7,0
BRDA:43,e0,9,0
BRDA:50,0,0,2
BRDA:50,e0,1,0
BRDA:52,0,0,2
BRDA:52,e0,1,0
BRDA:53,0,0,2
BRDA:53,0,2,2
BRDA:53,e0,1,0
BRDA:53,e0,3,0
BRDA:54,0,0,2
BRDA:54,e0,1,0
BRDA:65,0,0,3785
BRDA:65,0,1,13978
BRDA:70,0,0,429
BRDA:70,0,1,3356
BRDA:70,0,2,23
BRDA:70,0,3,406
BRDA:72,0,0,401
BRDA:72,0,1,5
BRDA:75,0,0,5
BRDA:75,e0,1,0
BRDA:76,0,0,5
BRDA:76,e0,1,0
BRDA:81,0,0,13978
BRDA:81,e0,1,0
BRDA:86,0,0,847
BRDA:86,0,1,2
BRDA:86,0,2,0
BRDA:86,0,3,847
BRDA:86,0,4,2
BRDA:86,0,5,847
BRDA:87,0,0,2
BRDA:87,0,2,2
BRDA:87,e0,1,0
BRDA:87,e0,3,0
BRDA:89,0,0,846
BRDA:89,0,1,1
BRDA:89,0,2,0
BRDA:89,0,3,846
BRDA:89,0,4,1
BRDA:89,0,5,846
BRDA:90,0,0,1
BRDA:90,0,2,1
BRDA:90,e0,1,0
BRDA:90,e0,3,0
BRDA:97,0,0,2
BRDA:97,0,1,844
BRDA:98,0,0,2
BRDA:98,0,2,2
BRDA:98,e0,1,0
BRDA:98,e0,3,0
BRDA:108,0,0,168
BRDA:108,0,1,841
BRDA:111,0,0,161
BRDA:111,0,1,7
BRDA:115,0,0,164
BRDA:115,0,1,4
BRDA:119,0,0,89
BRDA:119,0,1,79
BRDA:119,0,2,46
BRDA:119,0,3,43
BRDA:121,0,0,40
BRDA:121,0,1,3
BRDA:124,0,0,3
BRDA:124,e0,1,0
BRDA:126,0,0,3
BRDA:126,e0,1,0
BRDA:133,0,0,841
BRDA:133,e0,1,0
BRF:114
BRH:73
DA:17,7570
DA:19,7570
DA:20,563
DA:22,7007
DA:25,8
DA:29,8
DA:31,32
DA:32,32
DA:33,32
DA:34,32
DA:35,16
DA:36,16
DA:39,3
DA:41,3
DA:43,12
DA:45,6
DA:48,2
DA:50,2
DA:52,4
DA:53,8
DA:54,4
DA:55,4
DA:60,13983
DA:62,13983
DA:63,13983
DA:65,17763
DA:66,3785
DA:67,3785
DA:68,3785
DA:70,3785
DA:71,3379
DA:72,406
DA:73,401
DA:75,10
DA:76,5
DA:81,13978
DA:84,849
DA:86,849
DA:87,2
DA:89,847
DA:90,1
DA:93,846
DA:94,846
DA:95,846
DA:96,846
DA:97,846
DA:98,2
DA:101,844
DA:102,844
DA:104,844
DA:105,844
DA:106,844
DA:108,1009
DA:110,168
DA:111,168
DA:112,168
DA:114,168
DA:115,168
DA:116,168
DA:117,168
DA:119,168
DA:120,125
DA:121,43
DA:122,40
DA:124,6
DA:126,3
DA:130,841
DA:131,841
DA:133,841
LF:69
LH:69
end_of_record
TN:
SF:src/structural_canonicalization.cpp
FN:42,42,_ZN10tensorkiln12_GLOBAL__N_1eqERKNS0_12CanonicalKeyES3_
FN:45,53,_ZN10tensorkiln12_GLOBAL__N_1ltERKNS0_12CanonicalKeyES3_
FN:56,74,_ZN10tensorkiln12_GLOBAL__N_119canonical_operationERKSt7variantIJNS_7InputOpENS_10ConstantOpENS_5AddOpENS_8MatMulOpENS_6ReluOpENS_9SoftmaxOpENS_5MulOpEEE
FN:76,103,_ZN10tensorkiln12_GLOBAL__N_18make_keyERKNS_4NodeESt4spanIKNS_7ValueIdELm18446744073709551615EE
FN:105,148,_ZN10tensorkiln12_GLOBAL__N_124validate_output_contractERKNS_13VerifiedGraphES3_St4spanIKSt8optionalINS_7ValueIdEELm18446744073709551615EE
FN:150,226,_ZN10tensorkiln12_GLOBAL__N_123validate_source_mappingERKNS_13VerifiedGraphES3_St4spanIKSt8optionalINS_7ValueIdEELm18446744073709551615EES4_IKNS0_17SourceDispositionELm18446744073709551615EES4_IKmLm18446744073709551615EE
FN:230,235,_ZN10tensorkiln32StructuralCanonicalizationResultC2ENS_13VerifiedGraphENS_15GraphProvenanceENS_31StructuralCanonicalizationStatsE
FN:237,253,_ZNK10tensorkiln32StructuralCanonicalizationResult4dumpB5cxx11Ev
FN:255,505,_ZN10tensorkiln26StructuralCanonicalization3runERKNS_13VerifiedGraphE
FN:507,533,_ZN10tensorkiln26StructuralCanonicalization3runERKNS_13VerifiedGraphERKNS_15GraphProvenanceE
FNDA:20868,_ZN10tensorkiln12_GLOBAL__N_119canonical_operationERKSt7variantIJNS_7InputOpENS_10ConstantOpENS_5AddOpENS_8MatMulOpENS_6ReluOpENS_9SoftmaxOpENS_5MulOpEEE
FNDA:280,_ZN10tensorkiln12_GLOBAL__N_123validate_source_mappingERKNS_13VerifiedGraphES3_St4spanIKSt8optionalINS_7ValueIdEELm18446744073709551615EES4_IKNS0_17SourceDispositionELm18446744073709551615EES4_IKmLm18446744073709551615EE
FNDA:280,_ZN10tensorkiln12_GLOBAL__N_124validate_output_contractERKNS_13VerifiedGraphES3_St4spanIKSt8optionalINS_7ValueIdEELm18446744073709551615EE
FNDA:20868,_ZN10tensorkiln12_GLOBAL__N_18make_keyERKNS_4NodeESt4spanIKNS_7ValueIdELm18446744073709551615EE
FNDA:4602,_ZN10tensorkiln12_GLOBAL__N_1eqERKNS0_12CanonicalKeyES3_
FNDA:72740,_ZN10tensorkiln12_GLOBAL__N_1ltERKNS0_12CanonicalKeyES3_
FNDA:280,_ZN10tensorkiln26StructuralCanonicalization3runERKNS_13VerifiedGraphE
FNDA:6,_ZN10tensorkiln26StructuralCanonicalization3runERKNS_13VerifiedGraphERKNS_15GraphProvenanceE
FNDA:284,_ZN10tensorkiln32StructuralCanonicalizationResultC2ENS_13VerifiedGraphENS_15GraphProvenanceENS_31StructuralCanonicalizationStatsE
FNDA:262,_ZNK10tensorkiln32StructuralCanonicalizationResult4dumpB5cxx11Ev
FNF:10
FNH:10
BRDA:42,0,0,0
BRDA:42,0,1,4602
BRDA:42,0,2,0
BRDA:42,0,3,4602
BRDA:42,0,4,0
BRDA:42,0,5,4602
BRDA:42,0,6,0
BRDA:42,0,7,4602
BRDA:42,0,8,0
BRDA:42,0,9,4602
BRDA:42,0,10,0
BRDA:42,0,11,4602
BRDA:42,0,12,0
BRDA:42,0,13,4602
BRDA:58,0,0,6495
BRDA:58,0,1,14373
BRDA:61,0,0,5680
BRDA:61,0,1,8693
BRDA:64,0,0,911
BRDA:64,0,1,7782
BRDA:67,0,0,6706
BRDA:67,0,1,1076
BRDA:70,0,0,5
BRDA:70,0,1,1071
BRDA:80,0,0,1071
BRDA:80,0,1,19797
BRDA:85,0,0,19797
BRDA:85,e0,1,0
BRDA:86,0,0,32883
BRDA:86,0,1,19797
BRDA:87,0,0,32883
BRDA:87,e0,1,0
BRDA:94,0,0,19797
BRDA:94,0,2,0
BRDA:94,0,3,0
BRDA:94,e0,1,0
BRDA:96,0,0,5
BRDA:96,0,1,19792
BRDA:108,0,0,0
BRDA:108,0,1,280
BRDA:109,0,0,-
BRDA:109,0,2,-
BRDA:109,e0,1,-
BRDA:109,e0,3,-
BRDA:114,0,0,280
BRDA:114,e0,1,0
BRDA:116,0,0,280
BRDA:116,e0,1,0
BRDA:117,0,0,2723
BRDA:117,0,1,280
BRDA:124,0,0,2723
BRDA:124,0,1,0
BRDA:126,0,0,2723
BRDA:126,0,1,0
BRDA:127,0,0,2723
BRDA:127,0,1,0
BRDA:128,0,0,2723
BRDA:128,0,1,0
BRDA:128,0,2,2723
BRDA:128,0,3,0
BRDA:129,0,0,0
BRDA:129,0,1,2723
BRDA:129,0,2,0
BRDA:129,0,3,2723
BRDA:130,0,0,-
BRDA:130,e0,1,-
BRDA:131,0,0,-
BRDA:131,e0,1,-
BRDA:132,0,0,-
BRDA:132,e0,1,-
BRDA:138,0,0,775
BRDA:138,0,1,1948
BRDA:138,0,2,775
BRDA:138,0,3,0
BRDA:138,0,4,775
BRDA:138,0,5,1948
BRDA:138,0,6,0
BRDA:138,0,7,2723
BRDA:140,0,0,0
BRDA:140,0,1,775
BRDA:141,0,0,-
BRDA:141,0,2,-
BRDA:141,e0,1,-
BRDA:141,e0,3,-
BRDA:156,0,0,7062
BRDA:156,0,1,280
BRDA:159,0,0,0
BRDA:159,0,1,7062
BRDA:160,0,0,7062
BRDA:160,e0,1,0
BRDA:161,0,0,-
BRDA:161,e0,1,-
BRDA:162,0,0,7062
BRDA:162,0,1,0
BRDA:166,0,0,13077
BRDA:166,0,1,280
BRDA:168,0,0,0
BRDA:168,0,1,13077
BRDA:169,0,0,-
BRDA:169,e0,1,-
BRDA:170,0,0,-
BRDA:170,e0,1,-
BRDA:171,0,0,-
BRDA:171,e0,1,-
BRDA:177,0,0,13077
BRDA:177,0,1,0
BRDA:177,0,2,13077
BRDA:177,0,3,0
BRDA:178,0,0,0
BRDA:178,0,1,13077
BRDA:178,0,2,0
BRDA:178,0,3,13077
BRDA:180,0,0,-
BRDA:180,e0,1,-
BRDA:181,0,0,-
BRDA:181,e0,1,-
BRDA:182,0,0,-
BRDA:182,e0,1,-
BRDA:185,0,0,7062
BRDA:185,0,1,6015
BRDA:190,0,0,6015
BRDA:190,e0,1,0
BRDA:191,0,0,9193
BRDA:191,0,1,6015
BRDA:194,0,0,9193
BRDA:194,0,1,0
BRDA:194,0,2,0
BRDA:194,0,3,9193
BRDA:195,0,0,0
BRDA:195,0,1,9193
BRDA:196,0,0,-
BRDA:196,0,2,-
BRDA:196,e0,1,-
BRDA:196,e0,3,-
BRDA:199,0,0,9193
BRDA:199,e0,1,0
BRDA:202,0,0,4602
BRDA:202,0,1,1413
BRDA:205,0,0,4602
BRDA:205,e0,1,0
BRDA:208,0,0,4602
BRDA:208,e0,1,0
BRDA:209,0,0,4602
BRDA:209,0,1,0
BRDA:209,0,2,4602
BRDA:209,0,3,0
BRDA:209,0,4,0
BRDA:209,0,5,4602
BRDA:210,0,0,0
BRDA:210,0,1,4602
BRDA:211,0,0,-
BRDA:211,0,2,-
BRDA:211,e0,1,-
BRDA:211,e0,3,-
BRDA:215,0,0,0
BRDA:215,0,1,4602
BRDA:215,0,2,0
BRDA:215,0,3,4602
BRDA:217,0,0,1413
BRDA:217,0,1,0
BRDA:218,0,0,1413
BRDA:218,0,1,0
BRDA:218,0,2,1413
BRDA:218,0,3,0
BRDA:219,0,0,0
BRDA:219,0,1,1413
BRDA:220,0,0,0
BRDA:220,0,1,1413
BRDA:221,0,0,-
BRDA:221,0,2,-
BRDA:221,e0,1,-
BRDA:221,e0,3,-
BRDA:224,0,0,1413
BRDA:224,0,1,0
BRDA:224,0,2,4602
BRDA:238,0,0,262
BRDA:238,e0,1,0
BRDA:239,0,0,262
BRDA:239,0,2,262
BRDA:239,e0,1,0
BRDA:239,e0,3,0
BRDA:240,0,0,262
BRDA:240,0,2,262
BRDA:240,e0,1,0
BRDA:240,e0,3,0
BRDA:241,0,0,262
BRDA:241,0,2,262
BRDA:241,0,4,262
BRDA:241,e0,1,0
BRDA:241,e0,3,0
BRDA:241,e0,5,0
BRDA:242,0,0,262
BRDA:242,e0,1,0
BRDA:243,0,0,262
BRDA:243,e0,1,0
BRDA:244,0,0,262
BRDA:244,e0,1,0
BRDA:245,0,0,262
BRDA:245,0,2,262
BRDA:245,e0,1,0
BRDA:245,e0,3,0
BRDA:246,0,0,262
BRDA:246,e0,1,0
BRDA:247,0,0,262
BRDA:247,0,2,262
BRDA:247,e0,1,0
BRDA:247,e0,3,0
BRDA:248,0,0,5815
BRDA:248,0,1,262
BRDA:249,0,0,5815
BRDA:249,e0,1,0
BRDA:251,0,0,262
BRDA:251,e0,1,0
BRDA:258,0,0,280
BRDA:258,e0,1,0
BRDA:260,0,0,13077
BRDA:260,0,1,280
BRDA:263,0,0,13077
BRDA:263,0,1,0
BRDA:263,0,2,13077
BRDA:263,0,3,0
BRDA:263,0,4,0
BRDA:263,0,5,13077
BRDA:263,0,6,0
BRDA:263,0,7,13077
BRDA:266,0,0,-
BRDA:266,e0,1,-
BRDA:267,0,0,-
BRDA:267,e0,1,-
BRDA:268,0,0,-
BRDA:268,0,2,-
BRDA:268,e0,1,-
BRDA:268,e0,3,-
BRDA:271,0,0,2723
BRDA:271,0,1,280
BRDA:274,0,0,2723
BRDA:274,0,1,0
BRDA:274,0,2,0
BRDA:274,0,3,2723
BRDA:274,0,4,0
BRDA:274,0,5,2723
BRDA:277,0,0,-
BRDA:277,e0,1,-
BRDA:278,0,0,-
BRDA:278,0,2,-
BRDA:278,e0,1,-
BRDA:278,e0,3,-
BRDA:279,0,0,-
BRDA:279,e0,1,-
BRDA:284,0,0,280
BRDA:284,e0,1,0
BRDA:285,0,0,280
BRDA:285,e0,1,0
BRDA:287,0,0,280
BRDA:287,e0,1,0
BRDA:289,0,0,280
BRDA:289,e0,1,0
BRDA:291,0,0,280
BRDA:291,e0,1,0
BRDA:293,0,0,280
BRDA:293,e0,1,0
BRDA:295,0,0,280
BRDA:295,e0,1,0
BRDA:297,0,0,280
BRDA:297,e0,1,0
BRDA:304,0,0,13077
BRDA:304,0,1,280
BRDA:307,0,0,13077
BRDA:307,e0,1,0
BRDA:308,0,0,18736
BRDA:308,0,1,13077
BRDA:311,0,0,18736
BRDA:311,0,1,0
BRDA:311,0,2,18736
BRDA:311,0,3,0
BRDA:312,0,0,18736
BRDA:312,0,1,0
BRDA:312,0,2,0
BRDA:312,0,3,18736
BRDA:313,0,0,0
BRDA:313,0,1,18736
BRDA:315,0,0,-
BRDA:315,e0,1,-
BRDA:316,0,0,-
BRDA:316,0,2,-
BRDA:316,e0,1,-
BRDA:316,e0,3,-
BRDA:317,0,0,-
BRDA:317,e0,1,-
BRDA:318,0,0,-
BRDA:318,0,2,-
BRDA:318,e0,1,-
BRDA:318,e0,3,-
BRDA:320,0,0,18736
BRDA:320,e0,1,0
BRDA:326,0,0,5273
BRDA:326,0,1,7804
BRDA:326,0,2,5273
BRDA:326,0,3,0
BRDA:326,0,4,5273
BRDA:326,0,5,7804
BRDA:331,0,0,0
BRDA:331,0,1,5273
BRDA:333,0,0,-
BRDA:333,0,2,-
BRDA:333,e0,1,-
BRDA:333,e0,3,-
BRDA:335,0,0,-
BRDA:335,e0,1,-
BRDA:337,0,0,1414
BRDA:337,0,1,3859
BRDA:339,0,0,194
BRDA:339,0,1,1220
BRDA:339,0,2,1413
BRDA:339,0,3,1
BRDA:340,0,0,193
BRDA:340,0,1,1
BRDA:343,0,0,1413
BRDA:343,e0,1,0
BRDA:344,0,0,193
BRDA:344,0,1,1220
BRDA:353,0,0,11664
BRDA:353,e0,1,0
BRDA:354,0,0,10593
BRDA:354,0,1,1071
BRDA:355,0,0,10593
BRDA:355,e0,1,0
BRDA:356,0,0,5948
BRDA:356,0,1,4645
BRDA:361,0,0,0
BRDA:361,0,1,5948
BRDA:363,0,0,-
BRDA:363,0,2,-
BRDA:363,e0,1,-
BRDA:363,e0,3,-
BRDA:365,0,0,-
BRDA:365,e0,1,-
BRDA:367,0,0,0
BRDA:367,0,1,5948
BRDA:369,0,0,-
BRDA:369,0,2,-
BRDA:369,e0,1,-
BRDA:369,e0,3,-
BRDA:370,0,0,-
BRDA:370,e0,1,-
BRDA:372,0,0,1411
BRDA:372,0,1,4537
BRDA:372,0,2,4602
BRDA:372,0,3,1346
BRDA:373,0,0,65
BRDA:373,0,1,1346
BRDA:376,0,0,4602
BRDA:376,e0,1,0
BRDA:377,0,0,65
BRDA:377,0,1,4537
BRDA:386,0,0,1347
BRDA:386,0,1,5715
BRDA:390,0,0,7062
BRDA:390,e0,1,0
BRDA:391,0,0,0
BRDA:391,0,1,7062
BRDA:393,0,0,-
BRDA:393,0,2,-
BRDA:393,e0,1,-
BRDA:393,e0,3,-
BRDA:398,0,0,0
BRDA:398,0,1,7062
BRDA:400,0,0,-
BRDA:400,0,2,-
BRDA:400,e0,1,-
BRDA:400,e0,3,-
BRDA:401,0,0,-
BRDA:401,e0,1,-
BRDA:405,0,0,7062
BRDA:405,e0,1,0
BRDA:406,0,0,7062
BRDA:406,e0,1,0
BRDA:407,0,0,7062
BRDA:407,e0,1,0
BRDA:408,0,0,2437
BRDA:408,0,1,4625
BRDA:408,0,2,7062
BRDA:408,e0,3,0
BRDA:411,0,0,1690
BRDA:411,0,1,5372
BRDA:411,0,2,7062
BRDA:411,e0,3,0
BRDA:412,0,0,7062
BRDA:412,e0,1,0
BRDA:413,0,0,5991
BRDA:413,0,1,1071
BRDA:416,0,0,5991
BRDA:416,e0,1,0
BRDA:418,0,0,7062
BRDA:418,0,1,0
BRDA:418,0,2,7062
BRDA:418,0,3,0
BRDA:418,0,4,4602
BRDA:418,0,5,7062
BRDA:418,0,6,0
BRDA:418,0,7,6015
BRDA:420,0,0,2723
BRDA:420,0,1,280
BRDA:423,0,0,2723
BRDA:423,0,1,0
BRDA:423,0,2,0
BRDA:423,0,3,2723
BRDA:424,0,0,0
BRDA:424,0,1,2723
BRDA:426,0,0,-
BRDA:426,e0,1,-
BRDA:427,0,0,-
BRDA:427,e0,1,-
BRDA:428,0,0,-
BRDA:428,e0,1,-
BRDA:431,0,0,2723
BRDA:431,0,2,2723
BRDA:431,e0,1,0
BRDA:431,e0,3,0
BRDA:432,0,0,0
BRDA:432,0,1,2723
BRDA:434,0,0,-
BRDA:434,e0,1,-
BRDA:435,0,0,-
BRDA:435,0,2,-
BRDA:435,0,4,-
BRDA:435,e0,1,-
BRDA:435,e0,3,-
BRDA:435,e0,5,-
BRDA:436,0,0,-
BRDA:436,0,2,-
BRDA:436,e0,1,-
BRDA:436,e0,3,-
BRDA:437,0,0,-
BRDA:437,0,2,-
BRDA:437,e0,1,-
BRDA:437,e0,3,-
BRDA:439,0,0,2723
BRDA:439,0,1,0
BRDA:441,0,0,280
BRDA:441,e0,1,0
BRDA:442,0,0,0
BRDA:442,0,1,280
BRDA:444,0,0,-
BRDA:444,e0,1,-
BRDA:445,0,0,-
BRDA:445,e0,1,-
BRDA:446,0,0,-
BRDA:446,0,2,-
BRDA:446,0,4,-
BRDA:446,e0,1,-
BRDA:446,e0,3,-
BRDA:446,e0,5,-
BRDA:447,0,0,-
BRDA:447,e0,1,-
BRDA:457,0,0,280
BRDA:457,0,1,0
BRDA:458,0,0,280
BRDA:458,0,1,0
BRDA:459,0,0,280
BRDA:459,0,1,0
BRDA:459,0,2,0
BRDA:459,0,3,280
BRDA:460,0,0,0
BRDA:460,0,1,280
BRDA:462,0,0,-
BRDA:462,0,2,-
BRDA:462,e0,1,-
BRDA:462,e0,3,-
BRDA:463,0,0,-
BRDA:463,e0,1,-
BRDA:466,0,0,0
BRDA:466,0,1,280
BRDA:467,0,0,280
BRDA:467,e0,1,0
BRDA:468,0,0,-
BRDA:468,0,2,-
BRDA:468,e0,1,-
BRDA:468,e0,3,-
BRDA:469,0,0,280
BRDA:469,0,1,0
BRDA:470,0,0,280
BRDA:470,0,2,0
BRDA:470,0,3,280
BRDA:470,e0,1,0
BRDA:471,0,0,-
BRDA:471,0,2,-
BRDA:471,e0,1,-
BRDA:471,e0,3,-
BRDA:472,0,0,280
BRDA:472,0,1,0
BRDA:475,0,0,7062
BRDA:475,0,1,280
BRDA:478,0,0,0
BRDA:478,0,1,280
BRDA:480,0,0,-
BRDA:480,0,2,-
BRDA:480,e0,1,-
BRDA:480,e0,3,-
BRDA:481,0,0,-
BRDA:481,e0,1,-
BRDA:485,0,0,280
BRDA:485,e0,1,0
BRDA:486,0,0,0
BRDA:486,0,1,280
BRDA:488,0,0,-
BRDA:488,e0,1,-
BRDA:489,0,0,-
BRDA:489,e0,1,-
BRDA:490,0,0,-
BRDA:490,0,2,-
BRDA:490,0,4,-
BRDA:490,e0,1,-
BRDA:490,e0,3,-
BRDA:490,e0,5,-
BRDA:491,0,0,-
BRDA:491,e0,1,-
BRDA:504,0,0,280
BRDA:504,e0,1,0
BRDA:510,0,0,2
BRDA:510,0,1,4
BRDA:511,0,0,6
BRDA:511,e0,1,0
BRDA:512,0,0,2
BRDA:512,0,2,2
BRDA:512,e0,1,0
BRDA:512,e0,3,0
BRDA:513,0,0,4
BRDA:513,0,1,2
BRDA:515,0,0,4
BRDA:515,e0,1,0
BRDA:516,0,0,0
BRDA:516,0,1,4
BRDA:518,0,0,-
BRDA:518,0,2,-
BRDA:518,e0,1,-
BRDA:518,e0,3,-
BRDA:523,0,0,4
BRDA:523,e0,1,0
BRDA:524,0,0,0
BRDA:524,0,1,4
BRDA:526,0,0,-
BRDA:526,0,2,-
BRDA:526,e0,1,-
BRDA:526,e0,3,-
BRDA:532,0,0,4
BRDA:532,e0,1,0
BRF:547
BRH:231
DA:34,4602
DA:35,4602
DA:36,4602
DA:37,4602
DA:38,4602
DA:39,4602
DA:40,4602
DA:42,4602
DA:45,72740
DA:47,145480
DA:48,72740
DA:49,72740
DA:50,72740
DA:51,72740
DA:52,145480
DA:56,20868
DA:58,20868
DA:59,6495
DA:61,14373
DA:62,5680
DA:64,8693
DA:65,911
DA:67,7782
DA:68,6706
DA:70,1076
DA:71,5
DA:73,1071
DA:76,20868
DA:79,20868
DA:80,20868
DA:81,1071
DA:84,19797
DA:85,19797
DA:86,52680
DA:87,32883
DA:90,19797
DA:91,19797
DA:93,19797
DA:94,79188
DA:95,19797
DA:96,19797
DA:97,19797
DA:98,19797
DA:100,19797
DA:101,19797
DA:102,19797
DA:103,19797
DA:105,280
DA:108,280
DA:109,0
DA:110,0
DA:114,280
DA:116,280
DA:117,3003
DA:118,2723
DA:119,2723
DA:121,2723
DA:123,2723
DA:124,5446
DA:125,2723
DA:126,2723
DA:127,2723
DA:128,8169
DA:129,5446
DA:130,0
DA:131,0
DA:132,0
DA:135,2723
DA:136,2723
DA:137,2723
DA:138,6221
DA:139,2723
DA:140,775
DA:141,0
DA:142,0
DA:144,2723
DA:145,2723
DA:147,280
DA:148,280
DA:150,280
DA:155,7342
DA:156,7342
DA:158,7062
DA:159,7062
DA:160,7062
DA:161,0
DA:162,7062
DA:165,13357
DA:166,13357
DA:167,13077
DA:168,13077
DA:169,0
DA:170,0
DA:171,0
DA:173,13077
DA:175,13077
DA:176,13077
DA:177,26154
DA:178,39231
DA:179,26154
DA:180,0
DA:181,0
DA:182,0
DA:185,13077
DA:186,11664
DA:189,6015
DA:190,6015
DA:191,15208
DA:193,9193
DA:194,18386
DA:195,9193
DA:196,0
DA:197,0
DA:199,9193
DA:202,6015
DA:205,4602
DA:207,4602
DA:208,9204
DA:209,9204
DA:210,4602
DA:211,0
DA:212,0
DA:214,4602
DA:215,9204
DA:217,2826
DA:218,4239
DA:219,1413
DA:220,2826
DA:221,0
DA:222,0
DA:224,6015
DA:225,280
DA:230,284
DA:232,284
DA:233,284
DA:234,284
DA:235,284
DA:237,262
DA:238,262
DA:239,524
DA:240,1048
DA:241,786
DA:242,524
DA:243,1048
DA:244,524
DA:245,786
DA:246,524
DA:247,786
DA:248,6077
DA:249,5815
DA:251,262
DA:252,262
DA:253,0
DA:255,280
DA:257,280
DA:258,280
DA:260,13357
DA:261,13077
DA:262,13077
DA:263,26154
DA:264,13077
DA:266,0
DA:267,0
DA:268,0
DA:271,3003
DA:273,2723
DA:274,5446
DA:275,2723
DA:277,0
DA:278,0
DA:279,0
DA:281,2723
DA:284,280
DA:285,560
DA:287,280
DA:288,280
DA:289,280
DA:290,280
DA:291,280
DA:292,280
DA:293,280
DA:294,280
DA:295,280
DA:296,280
DA:297,280
DA:298,280
DA:300,280
DA:301,280
DA:302,280
DA:304,13357
DA:305,13077
DA:306,13077
DA:307,13077
DA:308,31813
DA:310,18736
DA:311,56208
DA:312,56208
DA:313,18736
DA:315,0
DA:316,0
DA:317,0
DA:318,0
DA:320,18736
DA:323,13077
DA:324,13077
DA:326,18350
DA:327,5273
DA:328,5273
DA:330,5273
DA:331,5273
DA:333,0
DA:335,0
DA:337,5273
DA:338,1414
DA:339,1608
DA:340,194
DA:341,1413
DA:342,1413
DA:343,1413
DA:344,1413
DA:345,193
DA:347,1413
DA:348,1413
DA:353,11664
DA:354,11664
DA:355,10593
DA:356,10593
DA:357,5948
DA:358,5948
DA:360,5948
DA:361,5948
DA:363,0
DA:365,0
DA:367,5948
DA:369,0
DA:370,0
DA:372,7359
DA:373,1411
DA:374,4602
DA:375,4602
DA:376,4602
DA:377,4602
DA:378,65
DA:380,4602
DA:381,4602
DA:386,7062
DA:387,1347
DA:390,7062
DA:391,7062
DA:393,0
DA:395,7062
DA:397,7062
DA:398,7062
DA:400,0
DA:401,0
DA:404,7062
DA:405,7062
DA:406,21186
DA:407,7062
DA:408,7062
DA:409,7062
DA:411,7062
DA:412,7062
DA:413,7062
DA:416,5991
DA:418,17679
DA:420,3003
DA:422,2723
DA:423,5446
DA:424,2723
DA:426,0
DA:427,0
DA:428,0
DA:431,2723
DA:432,2723
DA:434,0
DA:435,0
DA:436,0
DA:437,0
DA:439,2723
DA:441,280
DA:442,280
DA:444,0
DA:445,0
DA:446,0
DA:447,0
DA:449,280
DA:452,280
DA:454,280
DA:455,280
DA:457,560
DA:458,560
DA:459,840
DA:460,280
DA:462,0
DA:463,0
DA:466,280
DA:467,280
DA:468,0
DA:469,280
DA:470,280
DA:471,0
DA:472,280
DA:474,280
DA:475,7342
DA:476,7062
DA:478,280
DA:480,0
DA:481,0
DA:485,280
DA:486,280
DA:488,0
DA:489,0
DA:490,0
DA:491,0
DA:501,280
DA:503,840
DA:504,840
DA:505,280
DA:507,6
DA:510,6
DA:511,6
DA:512,2
DA:513,6
DA:515,4
DA:516,4
DA:518,0
DA:521,4
DA:523,4
DA:524,4
DA:526,0
DA:530,12
DA:531,4
DA:532,8
DA:533,4
LF:335
LH:272
end_of_record
TN:
SF:src/tensor_type.cpp
FN:14,21,_ZN10tensorkiln12_GLOBAL__N_122unsupported_type_errorENS_11ElementTypeE
FN:23,28,_ZN10tensorkiln12_GLOBAL__N_119byte_overflow_errorEv
FN:30,37,_ZN10tensorkiln12_GLOBAL__N_116byte_limit_errorEmm
FN:41,45,_ZN10tensorkiln10TensorTypeC2ENS_5ShapeENS_11ElementTypeEm
FN:47,76,_ZN10tensorkiln10TensorType6createENS_5ShapeENS_11ElementTypeENS_12TensorLimitsE
FN:78,80,_ZNK10tensorkiln10TensorType9to_stringB5cxx11Ev
FN:82,88,_ZN10tensorkiln17element_type_nameENS_11ElementTypeE
FNDA:20361,_ZN10tensorkiln10TensorType6createENS_5ShapeENS_11ElementTypeENS_12TensorLimitsE
FNDA:20293,_ZN10tensorkiln10TensorTypeC2ENS_5ShapeENS_11ElementTypeEm
FNDA:66,_ZN10tensorkiln12_GLOBAL__N_116byte_limit_errorEmm
FNDA:1,_ZN10tensorkiln12_GLOBAL__N_119byte_overflow_errorEv
FNDA:1,_ZN10tensorkiln12_GLOBAL__N_122unsupported_type_errorENS_11ElementTypeE
FNDA:33931,_ZN10tensorkiln17element_type_nameENS_11ElementTypeE
FNDA:33930,_ZNK10tensorkiln10TensorType9to_stringB5cxx11Ev
FNF:7
FNH:7
BRDA:16,0,0,1
BRDA:16,e0,1,0
BRDA:24,0,0,1
BRDA:24,e0,1,0
BRDA:32,0,0,66
BRDA:32,e0,1,0
BRDA:34,0,0,66
BRDA:34,0,2,66
BRDA:34,0,4,66
BRDA:34,e0,1,0
BRDA:34,e0,3,0
BRDA:34,e0,5,0
BRDA:35,0,0,66
BRDA:35,e0,1,0
BRDA:51,0,0,20360
BRDA:51,0,1,1
BRDA:57,0,0,1
BRDA:57,0,2,1
BRDA:57,e0,1,0
BRDA:57,e0,3,0
BRDA:60,0,0,1
BRDA:60,0,1,20359
BRDA:61,0,0,1
BRDA:61,0,2,1
BRDA:61,e0,1,0
BRDA:61,e0,3,0
BRDA:65,0,0,0
BRDA:65,0,1,20359
BRDA:67,0,0,-
BRDA:67,0,2,-
BRDA:67,e0,1,-
BRDA:67,e0,3,-
BRDA:69,0,0,66
BRDA:69,0,1,20293
BRDA:71,0,0,66
BRDA:71,0,2,66
BRDA:71,e0,1,0
BRDA:71,e0,3,0
BRDA:75,0,0,20293
BRDA:75,e0,1,0
BRDA:79,0,0,33930
BRDA:79,0,2,33930
BRDA:79,0,4,33930
BRDA:79,e0,1,0
BRDA:79,e0,3,0
BRDA:79,e0,5,0
BRDA:83,0,0,33930
BRDA:83,0,1,1
BRF:48
BRH:26
DA:14,1
DA:16,1
DA:19,2
DA:20,2
DA:23,1
DA:24,3
DA:27,2
DA:30,66
DA:32,66
DA:34,132
DA:35,132
DA:36,132
DA:41,20293
DA:42,20293
DA:43,20293
DA:44,20293
DA:45,20293
DA:47,20361
DA:50,20361
DA:51,20361
DA:52,20360
DA:53,20360
DA:54,20360
DA:55,1
DA:57,1
DA:60,20360
DA:61,1
DA:63,20359
DA:65,20359
DA:66,20359
DA:67,0
DA:69,20359
DA:71,66
DA:75,20293
DA:78,33930
DA:79,67860
DA:82,33931
DA:83,33931
DA:84,33930
DA:85,33930
DA:87,1
LF:41
LH:40
end_of_record
