TN:
SF:src/aligned_workspace.cpp
FN:20,44,_ZN10tensorkiln6detail16AlignedWorkspaceC2Em
FN:46,53,_ZN10tensorkiln6detail16AlignedWorkspaceC2EOS1_
FN:55,55,_ZN10tensorkiln6detail16AlignedWorkspaceD2Ev
FN:57,59,_ZN10tensorkiln6detail16AlignedWorkspace5bytesEv
FN:61,63,_ZNK10tensorkiln6detail16AlignedWorkspace5bytesEv
FN:65,82,_ZNK10tensorkiln6detail16AlignedWorkspace13guards_intactEv
FN:76,78,_ZZNK10tensorkiln6detail16AlignedWorkspace13guards_intactEvENKUlSt4byteE_clES2_
FN:79,81,_ZZNK10tensorkiln6detail16AlignedWorkspace13guards_intactEvENKUlSt4byteE0_clES2_
FN:84,88,_ZN10tensorkiln6detail16AlignedWorkspace23corrupt_prefix_for_testEv
FN:90,94,_ZN10tensorkiln6detail16AlignedWorkspace23corrupt_suffix_for_testEv
FN:96,105,_ZN10tensorkiln6detail16AlignedWorkspace7releaseEv
FNDA:2,_ZN10tensorkiln6detail16AlignedWorkspace23corrupt_prefix_for_testEv
FNDA:2,_ZN10tensorkiln6detail16AlignedWorkspace23corrupt_suffix_for_testEv
FNDA:5248,_ZN10tensorkiln6detail16AlignedWorkspace5bytesEv
FNDA:247,_ZN10tensorkiln6detail16AlignedWorkspace7releaseEv
FNDA:0,_ZN10tensorkiln6detail16AlignedWorkspaceC2EOS1_
FNDA:247,_ZN10tensorkiln6detail16AlignedWorkspaceC2Em
FNDA:247,_ZN10tensorkiln6detail16AlignedWorkspaceD2Ev
FNDA:2748,_ZNK10tensorkiln6detail16AlignedWorkspace13guards_intactEv
FNDA:2025,_ZNK10tensorkiln6detail16AlignedWorkspace5bytesEv
FNDA:175553,_ZZNK10tensorkiln6detail16AlignedWorkspace13guards_intactEvENKUlSt4byteE0_clES2_
FNDA:175680,_ZZNK10tensorkiln6detail16AlignedWorkspace13guards_intactEvENKUlSt4byteE_clES2_
FNF:11
FNH:10
BRDA:22,0,0,2
BRDA:22,0,1,245
BRDA:26,0,0,0
BRDA:26,0,1,245
BRDA:38,0,0,0
BRDA:38,0,1,245
BRDA:66,0,0,3
BRDA:66,0,1,2745
BRDA:67,0,0,3
BRDA:67,0,1,0
BRDA:67,0,2,3
BRDA:67,0,3,0
BRDA:69,0,0,0
BRDA:69,0,1,2745
BRDA:70,0,0,0
BRDA:70,0,1,2745
BRDA:78,0,0,2744
BRDA:78,0,1,1
BRDA:79,0,0,2743
BRDA:79,0,1,1
BRDA:85,0,0,1
BRDA:85,0,1,1
BRDA:91,0,0,1
BRDA:91,0,1,1
BRDA:97,0,0,245
BRDA:97,0,1,2
BRF:26
BRH:20
DA:20,247
DA:21,247
DA:22,247
DA:23,2
DA:25,245
DA:26,245
DA:28,0
DA:31,245
DA:32,245
DA:34,245
DA:37,245
DA:38,245
DA:42,245
DA:43,245
DA:46,0
DA:47,0
DA:48,0
DA:49,0
DA:50,0
DA:51,0
DA:52,0
DA:53,0
DA:55,247
DA:57,5248
DA:58,5248
DA:61,2025
DA:62,2025
DA:65,2748
DA:66,2748
DA:67,3
DA:69,2745
DA:70,2745
DA:71,2745
DA:72,2745
DA:74,2745
DA:75,2745
DA:76,2745
DA:77,175680
DA:78,5489
DA:79,2744
DA:80,175553
DA:81,2745
DA:84,2
DA:85,2
DA:86,1
DA:88,2
DA:90,2
DA:91,2
DA:92,1
DA:94,2
DA:96,247
DA:97,247
DA:98,245
DA:99,245
DA:102,247
DA:103,247
DA:104,247
DA:105,247
LF:58
LH:49
end_of_record
TN:
SF:src/aligned_workspace.hpp
FN:21,23,_ZNK10tensorkiln6detail16AlignedWorkspace13logical_bytesEv
FNDA:3454,_ZNK10tensorkiln6detail16AlignedWorkspace13logical_bytesEv
FNF:1
FNH:1
DA:21,3454
DA:22,3454
LF:2
LH:2
end_of_record
TN:
SF:src/arena.cpp
FN:11,23,_ZN10tensorkiln15ArenaAllocationC2Ejmmmjj
FN:25,27,_ZN10tensorkiln9ArenaPlanC2ENS_11ArenaLimitsENS_14ArenaPlanStatsESt6vectorINS_15ArenaAllocationESaIS4_EE
FN:29,37,_ZNK10tensorkiln9ArenaPlan13allocation_atEj
FN:39,66,_ZNK10tensorkiln9ArenaPlan4dumpB5cxx11Ev
FNDA:69282,_ZN10tensorkiln15ArenaAllocationC2Ejmmmjj
FNDA:1865,_ZN10tensorkiln9ArenaPlanC2ENS_11ArenaLimitsENS_14ArenaPlanStatsESt6vectorINS_15ArenaAllocationESaIS4_EE
FNDA:436670,_ZNK10tensorkiln9ArenaPlan13allocation_atEj
FNDA:555,_ZNK10tensorkiln9ArenaPlan4dumpB5cxx11Ev
FNF:4
FNH:4
BRDA:32,0,0,436668
BRDA:32,0,1,2
BRDA:32,0,2,0
BRDA:32,0,3,436668
BRDA:32,0,4,2
BRDA:32,0,5,436668
BRDA:40,0,0,555
BRDA:40,e0,1,0
BRDA:41,0,0,555
BRDA:41,0,2,555
BRDA:41,0,4,555
BRDA:41,e0,1,0
BRDA:41,e0,3,0
BRDA:41,e0,5,0
BRDA:42,0,0,555
BRDA:42,e0,1,0
BRDA:43,0,0,555
BRDA:43,0,2,555
BRDA:43,e0,1,0
BRDA:43,e0,3,0
BRDA:44,0,0,555
BRDA:44,e0,1,0
BRDA:45,0,0,555
BRDA:45,0,2,555
BRDA:45,0,4,555
BRDA:45,e0,1,0
BRDA:45,e0,3,0
BRDA:45,e0,5,0
BRDA:46,0,0,555
BRDA:46,0,2,555
BRDA:46,e0,1,0
BRDA:46,e0,3,0
BRDA:47,0,0,555
BRDA:47,e0,1,0
BRDA:48,0,0,555
BRDA:48,0,2,555
BRDA:48,e0,1,0
BRDA:48,e0,3,0
BRDA:49,0,0,555
BRDA:49,e0,1,0
BRDA:50,0,0,555
BRDA:50,0,2,555
BRDA:50,e0,1,0
BRDA:50,e0,3,0
BRDA:51,0,0,555
BRDA:51,e0,1,0
BRDA:52,0,0,555
BRDA:52,0,2,555
BRDA:52,e0,1,0
BRDA:52,e0,3,0
BRDA:53,0,0,555
BRDA:53,e0,1,0
BRDA:54,0,0,555
BRDA:54,0,2,555
BRDA:54,0,4,555
BRDA:54,e0,1,0
BRDA:54,e0,3,0
BRDA:54,e0,5,0
BRDA:55,0,0,41088
BRDA:55,0,1,555
BRDA:56,0,0,41088
BRDA:56,0,2,41088
BRDA:56,e0,1,0
BRDA:56,e0,3,0
BRDA:57,0,0,41088
BRDA:57,0,2,41088
BRDA:57,0,4,41088
BRDA:57,e0,1,0
BRDA:57,e0,3,0
BRDA:57,e0,5,0
BRDA:58,0,0,41088
BRDA:58,0,2,41088
BRDA:58,0,4,41088
BRDA:58,e0,1,0
BRDA:58,e0,3,0
BRDA:58,e0,5,0
BRDA:59,0,0,41088
BRDA:59,0,2,41088
BRDA:59,0,4,41088
BRDA:59,e0,1,0
BRDA:59,e0,3,0
BRDA:59,e0,5,0
BRDA:60,0,0,41088
BRDA:60,0,2,41088
BRDA:60,e0,1,0
BRDA:60,e0,3,0
BRDA:61,0,0,41088
BRDA:61,e0,1,0
BRDA:62,0,0,41088
BRDA:62,0,2,41088
BRDA:62,e0,1,0
BRDA:62,e0,3,0
BRDA:64,0,0,555
BRDA:64,e0,1,0
BRF:94
BRH:50
DA:11,69282
DA:17,69282
DA:18,69282
DA:19,69282
DA:20,69282
DA:21,69282
DA:22,69282
DA:23,69282
DA:25,1865
DA:26,1865
DA:27,1865
DA:29,436670
DA:31,436670
DA:32,873338
DA:33,436668
DA:34,2
DA:36,436668
DA:39,555
DA:40,555
DA:41,1110
DA:42,555
DA:43,1110
DA:44,1110
DA:45,1665
DA:46,1110
DA:47,1110
DA:48,2220
DA:49,1110
DA:50,2220
DA:51,1110
DA:52,2220
DA:53,1110
DA:54,1665
DA:55,41643
DA:56,82176
DA:57,164352
DA:58,164352
DA:59,164352
DA:60,164352
DA:61,82176
DA:62,123264
DA:64,555
DA:65,555
DA:66,0
LF:44
LH:43
end_of_record
TN:
SF:src/arena_planner.cpp
FN:31,42,_ZNK10tensorkiln12_GLOBAL__N_116ActiveBlockLaterclERKNS0_11ActiveBlockES4_
FN:45,47,_ZN10tensorkiln12_GLOBAL__N_112buffer_labelEj
FN:49,52,_ZN10tensorkiln12_GLOBAL__N_117planner_invariantENSt7__cxx1112basic_stringIcSt11char_traitsIcESaIcEEE
FN:54,62,_ZN10tensorkiln12_GLOBAL__N_111checked_addEmmRm
FN:66,138,_ZN10tensorkiln12_GLOBAL__N_114FreeBlockIndex7releaseEmm
FN:140,172,_ZN10tensorkiln12_GLOBAL__N_114FreeBlockIndex13take_best_fitEmRSt8optionalImE
FN:174,195,_ZN10tensorkiln12_GLOBAL__N_114FreeBlockIndex19take_frontier_blockEmRSt8optionalISt4pairImmEE
FN:200,210,_ZN10tensorkiln12_GLOBAL__N_114FreeBlockIndex5eraseESt17_Rb_tree_iteratorISt4pairIKmmEE
FN:218,323,_ZN10tensorkiln12ArenaPlanner3runESt4spanIKNS_18ArenaBufferRequestELm18446744073709551615EENS_11ArenaLimitsE
FN:234,243,_ZZN10tensorkiln12ArenaPlanner3runESt4spanIKNS_18ArenaBufferRequestELm18446744073709551615EENS_11ArenaLimitsEENKUlmmE_clEmm
FNDA:761,_ZN10tensorkiln12ArenaPlanner3runESt4spanIKNS_18ArenaBufferRequestELm18446744073709551615EENS_11ArenaLimitsE
FNDA:85097,_ZN10tensorkiln12_GLOBAL__N_111checked_addEmmRm
FNDA:0,_ZN10tensorkiln12_GLOBAL__N_112buffer_labelEj
FNDA:38325,_ZN10tensorkiln12_GLOBAL__N_114FreeBlockIndex13take_best_fitEmRSt8optionalImE
FNDA:9998,_ZN10tensorkiln12_GLOBAL__N_114FreeBlockIndex19take_frontier_blockEmRSt8optionalISt4pairImmEE
FNDA:15141,_ZN10tensorkiln12_GLOBAL__N_114FreeBlockIndex5eraseESt17_Rb_tree_iteratorISt4pairIKmmEE
FNDA:44529,_ZN10tensorkiln12_GLOBAL__N_114FreeBlockIndex7releaseEmm
FNDA:0,_ZN10tensorkiln12_GLOBAL__N_117planner_invariantENSt7__cxx1112basic_stringIcSt11char_traitsIcESaIcEEE
FNDA:166927,_ZNK10tensorkiln12_GLOBAL__N_116ActiveBlockLaterclERKNS0_11ActiveBlockES4_
FNDA:325255,_ZZN10tensorkiln12ArenaPlanner3runESt4spanIKNS_18ArenaBufferRequestELm18446744073709551615EENS_11ArenaLimitsEENKUlmmE_clEmm
FNF:10
FNH:8
BRDA:34,0,0,144949
BRDA:34,0,1,21978
BRDA:38,0,0,21978
BRDA:38,0,1,0
BRDA:46,0,0,-
BRDA:46,e0,1,-
BRDA:51,0,0,-
BRDA:51,e0,1,-
BRDA:57,0,0,0
BRDA:57,0,1,85097
BRDA:69,0,0,44529
BRDA:69,0,1,0
BRDA:70,0,0,44529
BRDA:70,0,1,0
BRDA:71,0,0,0
BRDA:71,0,1,44529
BRDA:72,0,0,-
BRDA:72,0,2,-
BRDA:72,e0,1,-
BRDA:72,e0,3,-
BRDA:78,0,0,44529
BRDA:78,e0,1,0
BRDA:79,0,0,24049
BRDA:79,0,1,20480
BRDA:82,0,0,0
BRDA:82,0,1,24049
BRDA:83,0,0,-
BRDA:83,0,2,-
BRDA:83,e0,1,-
BRDA:83,e0,3,-
BRDA:86,0,0,0
BRDA:86,0,1,24049
BRDA:87,0,0,-
BRDA:87,0,2,-
BRDA:87,e0,1,-
BRDA:87,e0,3,-
BRDA:90,0,0,9360
BRDA:90,0,1,14689
BRDA:91,0,0,0
BRDA:91,0,1,9360
BRDA:92,0,0,-
BRDA:92,0,2,-
BRDA:92,e0,1,-
BRDA:92,e0,3,-
BRDA:96,0,0,9360
BRDA:96,0,2,0
BRDA:96,0,3,9360
BRDA:96,e0,1,0
BRDA:97,0,0,-
BRDA:97,e0,1,-
BRDA:98,0,0,9360
BRDA:98,0,1,0
BRDA:102,0,0,44529
BRDA:102,e0,1,0
BRDA:103,0,0,24504
BRDA:103,0,1,20025
BRDA:105,0,0,0
BRDA:105,0,1,24504
BRDA:106,0,0,-
BRDA:106,0,2,-
BRDA:106,e0,1,-
BRDA:106,e0,3,-
BRDA:109,0,0,0
BRDA:109,0,1,24504
BRDA:110,0,0,-
BRDA:110,0,2,-
BRDA:110,e0,1,-
BRDA:110,e0,3,-
BRDA:113,0,0,5670
BRDA:113,0,1,18834
BRDA:114,0,0,0
BRDA:114,0,1,5670
BRDA:115,0,0,-
BRDA:115,0,2,-
BRDA:115,e0,1,-
BRDA:115,e0,3,-
BRDA:118,0,0,5670
BRDA:118,0,2,0
BRDA:118,0,3,5670
BRDA:118,e0,1,0
BRDA:119,0,0,-
BRDA:119,e0,1,-
BRDA:120,0,0,5670
BRDA:120,0,1,0
BRDA:125,0,0,44529
BRDA:125,e0,1,0
BRDA:126,0,0,0
BRDA:126,0,1,44529
BRDA:127,0,0,-
BRDA:127,0,2,-
BRDA:127,e0,1,-
BRDA:127,e0,3,-
BRDA:131,0,0,44529
BRDA:131,e0,1,0
BRDA:132,0,0,0
BRDA:132,0,1,44529
BRDA:133,0,0,-
BRDA:133,e0,1,-
BRDA:134,0,0,-
BRDA:134,0,2,-
BRDA:134,e0,1,-
BRDA:134,e0,3,-
BRDA:144,0,0,38325
BRDA:144,e0,1,0
BRDA:145,0,0,9998
BRDA:145,0,1,28327
BRDA:151,0,0,28327
BRDA:151,e0,1,0
BRDA:152,0,0,28327
BRDA:152,0,1,0
BRDA:152,0,2,0
BRDA:152,0,3,28327
BRDA:152,0,4,0
BRDA:152,0,5,28327
BRDA:153,0,0,-
BRDA:153,0,2,-
BRDA:153,e0,1,-
BRDA:153,e0,3,-
BRDA:156,0,0,28327
BRDA:156,e0,1,0
BRDA:157,0,0,28327
BRDA:157,e0,1,0
BRDA:159,0,0,9131
BRDA:159,0,1,19196
BRDA:161,0,0,0
BRDA:161,0,1,9131
BRDA:162,0,0,-
BRDA:162,0,2,-
BRDA:162,e0,1,-
BRDA:162,e0,3,-
BRDA:165,0,0,0
BRDA:165,0,1,9131
BRDA:166,0,0,9131
BRDA:166,e0,1,0
BRDA:167,0,0,-
BRDA:167,e0,1,-
BRDA:168,0,0,9131
BRDA:168,0,1,0
BRDA:178,0,0,7613
BRDA:178,0,1,2385
BRDA:183,0,0,0
BRDA:183,0,1,2385
BRDA:184,0,0,-
BRDA:184,0,2,-
BRDA:184,e0,1,-
BRDA:184,e0,3,-
BRDA:187,0,0,2274
BRDA:187,0,1,111
BRDA:194,0,0,111
BRDA:194,e0,1,0
BRDA:202,0,0,15141
BRDA:202,e0,1,0
BRDA:203,0,0,0
BRDA:203,0,1,15141
BRDA:204,0,0,-
BRDA:204,0,2,-
BRDA:204,e0,1,-
BRDA:204,e0,3,-
BRDA:207,0,0,15141
BRDA:207,e0,1,0
BRDA:208,0,0,15141
BRDA:208,e0,1,0
BRDA:221,0,0,761
BRDA:221,e0,1,0
BRDA:222,0,0,3
BRDA:222,0,1,758
BRDA:223,0,0,3
BRDA:223,0,2,3
BRDA:223,e0,1,0
BRDA:223,e0,3,0
BRDA:228,0,0,758
BRDA:228,e0,1,0
BRDA:229,0,0,38325
BRDA:229,0,1,758
BRDA:232,0,0,758
BRDA:232,e0,1,0
BRDA:239,0,0,315579
BRDA:239,0,1,9676
BRDA:250,0,0,758
BRDA:250,e0,1,0
BRDA:253,0,0,38325
BRDA:253,0,1,758
BRDA:256,0,0,72963
BRDA:256,0,1,760
BRDA:256,0,2,35398
BRDA:256,0,3,38325
BRDA:258,0,0,35398
BRDA:258,0,1,37565
BRDA:260,0,0,35398
BRDA:260,e0,1,0
BRDA:261,0,0,0
BRDA:261,0,1,35398
BRDA:262,0,0,35398
BRDA:262,e0,1,0
BRDA:263,0,0,-
BRDA:263,0,2,-
BRDA:263,e0,1,-
BRDA:263,e0,3,-
BRDA:264,0,0,35398
BRDA:264,0,1,0
BRDA:268,0,0,0
BRDA:268,0,1,38325
BRDA:270,0,0,38325
BRDA:270,e0,1,0
BRDA:271,0,0,-
BRDA:271,0,2,-
BRDA:271,e0,1,-
BRDA:271,e0,3,-
BRDA:272,0,0,38325
BRDA:272,0,1,0
BRDA:274,0,0,28327
BRDA:274,0,1,9998
BRDA:278,0,0,0
BRDA:278,0,1,9998
BRDA:279,0,0,9998
BRDA:279,e0,1,0
BRDA:280,0,0,-
BRDA:280,0,2,-
BRDA:280,e0,1,-
BRDA:280,e0,3,-
BRDA:281,0,0,9998
BRDA:281,0,1,0
BRDA:283,0,0,111
BRDA:283,0,1,9887
BRDA:285,0,0,0
BRDA:285,0,1,111
BRDA:286,0,0,-
BRDA:286,0,2,-
BRDA:286,e0,1,-
BRDA:286,e0,3,-
BRDA:287,0,0,-
BRDA:287,e0,1,-
BRDA:293,0,0,0
BRDA:293,0,1,9998
BRDA:294,0,0,-
BRDA:294,e0,1,-
BRDA:296,0,0,-
BRDA:296,e0,1,-
BRDA:297,0,0,-
BRDA:297,0,2,-
BRDA:297,e0,1,-
BRDA:297,e0,3,-
BRDA:301,0,0,38325
BRDA:301,e0,1,0
BRDA:306,0,0,38325
BRDA:306,e0,1,0
BRDA:310,0,0,758
BRDA:310,e0,1,0
BRDA:311,0,0,756
BRDA:311,0,1,2
BRDA:315,0,0,0
BRDA:315,0,1,2
BRDA:315,0,2,2
BRDA:315,0,3,0
BRDA:316,0,0,-
BRDA:316,0,1,-
BRDA:319,0,0,-
BRDA:319,e0,1,-
BRDA:320,0,0,-
BRDA:320,e0,1,-
BRDA:321,0,0,-
BRDA:321,0,2,-
BRDA:321,0,4,-
BRDA:321,e0,1,-
BRDA:321,e0,3,-
BRDA:321,e0,5,-
BRDA:322,0,0,-
BRDA:322,e0,1,-
BRF:268
BRH:101
DA:31,166927
DA:33,166927
DA:34,166927
DA:35,144949
DA:36,144949
DA:38,21978
DA:39,21978
DA:41,0
DA:45,0
DA:46,0
DA:49,0
DA:51,0
DA:54,85097
DA:57,85097
DA:58,0
DA:60,85097
DA:61,85097
DA:66,44529
DA:69,44529
DA:70,44529
DA:71,44529
DA:72,0
DA:73,0
DA:76,44529
DA:77,44529
DA:78,44529
DA:79,44529
DA:80,24049
DA:81,24049
DA:82,24049
DA:83,0
DA:84,0
DA:86,24049
DA:87,0
DA:88,0
DA:90,24049
DA:91,9360
DA:92,0
DA:93,0
DA:95,9360
DA:96,9360
DA:97,0
DA:98,9360
DA:102,44529
DA:103,44529
DA:104,24504
DA:105,24504
DA:106,0
DA:107,0
DA:109,24504
DA:110,0
DA:111,0
DA:113,24504
DA:114,5670
DA:115,0
DA:116,0
DA:118,5670
DA:119,0
DA:120,5670
DA:125,44529
DA:126,44529
DA:127,0
DA:128,0
DA:131,44529
DA:132,44529
DA:133,0
DA:134,0
DA:135,0
DA:137,44529
DA:140,38325
DA:143,38325
DA:144,38325
DA:145,38325
DA:146,9998
DA:149,28327
DA:150,28327
DA:151,28327
DA:152,28327
DA:153,0
DA:154,0
DA:156,28327
DA:157,28327
DA:159,28327
DA:160,9131
DA:161,9131
DA:162,0
DA:163,0
DA:165,9131
DA:166,9131
DA:167,0
DA:168,9131
DA:170,28327
DA:171,28327
DA:174,9998
DA:177,9998
DA:178,9998
DA:179,7613
DA:181,2385
DA:182,2385
DA:183,2385
DA:184,0
DA:185,0
DA:187,2385
DA:188,2274
DA:190,222
DA:191,111
DA:192,111
DA:193,111
DA:194,111
DA:200,15141
DA:202,15141
DA:203,15141
DA:204,0
DA:205,0
DA:207,15141
DA:208,15141
DA:209,15141
DA:218,761
DA:221,761
DA:222,761
DA:223,3
DA:226,758
DA:228,758
DA:229,39083
DA:230,38325
DA:232,758
DA:234,325255
DA:236,325255
DA:238,325255
DA:239,325255
DA:240,315579
DA:242,9676
DA:247,758
DA:248,758
DA:249,758
DA:250,758
DA:251,758
DA:253,39083
DA:254,38325
DA:255,38325
DA:256,146686
DA:257,72963
DA:258,72963
DA:259,35398
DA:260,35398
DA:261,35398
DA:262,35398
DA:263,0
DA:264,35398
DA:267,38325
DA:268,38325
DA:269,38325
DA:270,38325
DA:271,0
DA:272,38325
DA:273,38325
DA:274,38325
DA:275,28327
DA:277,9998
DA:278,9998
DA:279,9998
DA:280,0
DA:281,9998
DA:282,9998
DA:283,9998
DA:284,111
DA:285,111
DA:286,0
DA:287,0
DA:289,111
DA:291,9887
DA:293,9998
DA:294,0
DA:296,0
DA:297,0
DA:301,38325
DA:302,38325
DA:303,38325
DA:306,38325
DA:310,758
DA:311,758
DA:312,756
DA:314,2
DA:315,2
DA:316,0
DA:317,2
DA:319,0
DA:320,0
DA:321,0
DA:322,0
DA:323,761
LF:191
LH:142
end_of_record
TN:
SF:src/arena_support.cpp
FN:13,15,_ZN10tensorkiln6detail12_GLOBAL__N_112buffer_labelEm
FN:17,25,_ZN10tensorkiln6detail12_GLOBAL__N_111checked_addEmmRm
FN:29,31,_ZN10tensorkiln6detail11arena_errorENS_9ErrorCodeENSt7__cxx1112basic_stringIcSt11char_traitsIcESaIcEEE
FN:33,109,_ZN10tensorkiln6detail22prepare_arena_requestsESt4spanIKNS_18ArenaBufferRequestELm18446744073709551615EENS_11ArenaLimitsE
FNDA:75,_ZN10tensorkiln6detail11arena_errorENS_9ErrorCodeENSt7__cxx1112basic_stringIcSt11char_traitsIcESaIcEEE
FNDA:215265,_ZN10tensorkiln6detail12_GLOBAL__N_111checked_addEmmRm
FNDA:7,_ZN10tensorkiln6detail12_GLOBAL__N_112buffer_labelEm
FNDA:2698,_ZN10tensorkiln6detail22prepare_arena_requestsESt4spanIKNS_18ArenaBufferRequestELm18446744073709551615EENS_11ArenaLimitsE
FNF:4
FNH:4
BRDA:14,0,0,7
BRDA:14,0,2,7
BRDA:14,e0,1,0
BRDA:14,e0,3,0
BRDA:20,0,0,2
BRDA:20,0,1,215263
BRDA:37,0,0,2698
BRDA:37,0,1,0
BRDA:37,0,2,3
BRDA:37,0,3,2695
BRDA:38,0,0,3
BRDA:38,0,1,2695
BRDA:41,0,0,3
BRDA:41,0,2,3
BRDA:41,0,4,3
BRDA:41,e0,1,0
BRDA:41,e0,3,0
BRDA:41,e0,5,0
BRDA:42,0,0,3
BRDA:42,e0,1,0
BRDA:43,0,0,3
BRDA:43,e0,1,0
BRDA:47,0,0,2695
BRDA:47,e0,1,0
BRDA:51,0,0,107638
BRDA:51,0,1,2688
BRDA:53,0,0,2
BRDA:53,0,1,107636
BRDA:56,0,0,2
BRDA:56,0,2,2
BRDA:56,0,4,2
BRDA:56,e0,1,0
BRDA:56,e0,3,0
BRDA:56,e0,5,0
BRDA:57,0,0,2
BRDA:57,e0,1,0
BRDA:59,0,0,2
BRDA:59,0,1,107634
BRDA:62,0,0,2
BRDA:62,0,2,2
BRDA:62,0,4,2
BRDA:62,e0,1,0
BRDA:62,e0,3,0
BRDA:62,e0,5,0
BRDA:63,0,0,2
BRDA:63,e0,1,0
BRDA:64,0,0,2
BRDA:64,0,2,2
BRDA:64,e0,1,0
BRDA:64,e0,3,0
BRDA:65,0,0,2
BRDA:65,e0,1,0
BRDA:66,0,0,2
BRDA:66,e0,1,0
BRDA:69,0,0,1
BRDA:69,0,1,107633
BRDA:73,0,0,1
BRDA:73,0,2,1
BRDA:73,0,4,1
BRDA:73,0,6,1
BRDA:73,e0,1,0
BRDA:73,e0,3,0
BRDA:73,e0,5,0
BRDA:73,e0,7,0
BRDA:74,0,0,1
BRDA:74,0,2,1
BRDA:74,e0,1,0
BRDA:74,e0,3,0
BRDA:75,0,0,1
BRDA:75,e0,1,0
BRDA:82,0,0,1
BRDA:82,0,1,107632
BRDA:85,0,0,1
BRDA:85,e0,1,0
BRDA:86,0,0,1
BRDA:86,0,2,1
BRDA:86,e0,1,0
BRDA:86,e0,3,0
BRDA:89,0,0,1
BRDA:89,0,1,107631
BRDA:92,0,0,1
BRDA:92,e0,1,0
BRDA:93,0,0,1
BRDA:93,0,2,1
BRDA:93,e0,1,0
BRDA:93,e0,3,0
BRDA:100,0,0,107631
BRDA:100,e0,1,0
BRDA:104,0,0,0
BRDA:104,0,1,0
BRDA:108,0,0,2688
BRDA:108,e0,1,0
BRF:92
BRH:54
DA:13,7
DA:14,7
DA:17,215265
DA:20,215265
DA:21,2
DA:23,215263
DA:24,215263
DA:29,75
DA:30,75
DA:33,2698
DA:36,2698
DA:37,5396
DA:38,2698
DA:39,6
DA:41,6
DA:42,6
DA:43,9
DA:46,2695
DA:47,2695
DA:48,2695
DA:49,2695
DA:51,110326
DA:52,107638
DA:53,107638
DA:54,4
DA:56,4
DA:57,2
DA:59,107636
DA:60,4
DA:62,4
DA:63,4
DA:64,8
DA:65,8
DA:66,2
DA:68,215268
DA:69,107634
DA:71,2
DA:73,2
DA:74,4
DA:75,1
DA:77,107633
DA:78,107633
DA:81,107633
DA:82,107633
DA:83,2
DA:85,2
DA:86,3
DA:88,107632
DA:89,107632
DA:90,2
DA:92,2
DA:93,3
DA:95,107631
DA:96,107631
DA:97,107631
DA:99,107631
DA:100,107631
DA:104,5376
DA:105,2688
DA:108,2688
DA:109,2695
LF:61
LH:61
end_of_record
TN:
SF:src/arena_verifier.cpp
FN:26,28,_ZN10tensorkiln12_GLOBAL__N_112buffer_labelEj
FN:30,34,_ZN10tensorkiln12_GLOBAL__N_115placement_errorENS_9ErrorCodeENSt7__cxx1112basic_stringIcSt11char_traitsIcESaIcEEE
FN:36,54,_ZN10tensorkiln12_GLOBAL__N_113overlap_errorERKNS_15ArenaAllocationES3_
FN:58,278,_ZN10tensorkiln22ArenaPlacementVerifier6verifyESt4spanIKNS_18ArenaBufferRequestELm18446744073709551615EES1_IKNS_14ArenaPlacementELm18446744073709551615EENS_11ArenaLimitsE
FN:144,154,_ZZN10tensorkiln22ArenaPlacementVerifier6verifyESt4spanIKNS_18ArenaBufferRequestELm18446744073709551615EES1_IKNS_14ArenaPlacementELm18446744073709551615EENS_11ArenaLimitsEENKUlmmE_clEmm
FN:159,169,_ZZN10tensorkiln22ArenaPlacementVerifier6verifyESt4spanIKNS_18ArenaBufferRequestELm18446744073709551615EES1_IKNS_14ArenaPlacementELm18446744073709551615EENS_11ArenaLimitsEENKUlmmE0_clEmm
FNDA:108,_ZN10tensorkiln12_GLOBAL__N_112buffer_labelEj
FNDA:50,_ZN10tensorkiln12_GLOBAL__N_113overlap_errorERKNS_15ArenaAllocationES3_
FNDA:65,_ZN10tensorkiln12_GLOBAL__N_115placement_errorENS_9ErrorCodeENSt7__cxx1112basic_stringIcSt11char_traitsIcESaIcEEE
FNDA:1937,_ZN10tensorkiln22ArenaPlacementVerifier6verifyESt4spanIKNS_18ArenaBufferRequestELm18446744073709551615EES1_IKNS_14ArenaPlacementELm18446744073709551615EENS_11ArenaLimitsE
FNDA:653787,_ZZN10tensorkiln22ArenaPlacementVerifier6verifyESt4spanIKNS_18ArenaBufferRequestELm18446744073709551615EES1_IKNS_14ArenaPlacementELm18446744073709551615EENS_11ArenaLimitsEENKUlmmE0_clEmm
FNDA:556485,_ZZN10tensorkiln22ArenaPlacementVerifier6verifyESt4spanIKNS_18ArenaBufferRequestELm18446744073709551615EES1_IKNS_14ArenaPlacementELm18446744073709551615EENS_11ArenaLimitsEENKUlmmE_clEmm
FNF:6
FNH:6
BRDA:27,0,0,108
BRDA:27,e0,1,0
BRDA:33,0,0,65
BRDA:33,0,2,65
BRDA:33,e0,1,0
BRDA:33,e0,3,0
BRDA:40,0,0,50
BRDA:40,0,2,50
BRDA:40,0,4,50
BRDA:40,0,6,50
BRDA:40,e0,1,0
BRDA:40,e0,3,0
BRDA:40,e0,5,0
BRDA:40,e0,7,0
BRDA:41,0,0,50
BRDA:41,0,2,50
BRDA:41,e0,1,0
BRDA:41,e0,3,0
BRDA:42,0,0,50
BRDA:42,e0,1,0
BRDA:43,0,0,50
BRDA:43,0,2,50
BRDA:43,0,4,50
BRDA:43,e0,1,0
BRDA:43,e0,3,0
BRDA:43,e0,5,0
BRDA:44,0,0,50
BRDA:44,e0,1,0
BRDA:45,0,0,50
BRDA:45,e0,1,0
BRDA:46,0,0,50
BRDA:46,0,2,50
BRDA:46,0,4,50
BRDA:46,0,6,50
BRDA:46,e0,1,0
BRDA:46,e0,3,0
BRDA:46,e0,5,0
BRDA:46,e0,7,0
BRDA:47,0,0,50
BRDA:47,0,2,50
BRDA:47,e0,1,0
BRDA:47,e0,3,0
BRDA:48,0,0,50
BRDA:48,e0,1,0
BRDA:49,0,0,50
BRDA:49,0,2,50
BRDA:49,e0,1,0
BRDA:49,e0,3,0
BRDA:50,0,0,50
BRDA:50,0,2,50
BRDA:50,e0,1,0
BRDA:50,e0,3,0
BRDA:51,0,0,50
BRDA:51,0,2,50
BRDA:51,e0,1,0
BRDA:51,e0,3,0
BRDA:52,0,0,50
BRDA:52,e0,1,0
BRDA:53,0,0,50
BRDA:53,e0,1,0
BRDA:62,0,0,1937
BRDA:62,e0,1,0
BRDA:63,0,0,7
BRDA:63,0,1,1930
BRDA:64,0,0,7
BRDA:64,0,2,7
BRDA:64,e0,1,0
BRDA:64,e0,3,0
BRDA:69,0,0,3
BRDA:69,0,1,1927
BRDA:72,0,0,3
BRDA:72,0,2,3
BRDA:72,0,4,3
BRDA:72,e0,1,0
BRDA:72,e0,3,0
BRDA:72,e0,5,0
BRDA:73,0,0,3
BRDA:73,e0,1,0
BRDA:74,0,0,3
BRDA:74,0,2,3
BRDA:74,e0,1,0
BRDA:74,e0,3,0
BRDA:78,0,0,1927
BRDA:78,e0,1,0
BRDA:80,0,0,69293
BRDA:80,0,1,1919
BRDA:84,0,0,2
BRDA:84,0,1,69291
BRDA:87,0,0,2
BRDA:87,0,2,2
BRDA:87,0,4,2
BRDA:87,e0,1,0
BRDA:87,e0,3,0
BRDA:87,e0,5,0
BRDA:88,0,0,2
BRDA:88,e0,1,0
BRDA:89,0,0,2
BRDA:89,0,2,2
BRDA:89,e0,1,0
BRDA:89,e0,3,0
BRDA:91,0,0,2
BRDA:91,0,1,69289
BRDA:94,0,0,2
BRDA:94,0,2,2
BRDA:94,0,4,2
BRDA:94,e0,1,0
BRDA:94,e0,3,0
BRDA:94,e0,5,0
BRDA:95,0,0,2
BRDA:95,e0,1,0
BRDA:97,0,0,3
BRDA:97,0,1,69286
BRDA:100,0,0,3
BRDA:100,0,2,3
BRDA:100,0,4,3
BRDA:100,e0,1,0
BRDA:100,e0,3,0
BRDA:100,e0,5,0
BRDA:101,0,0,3
BRDA:101,0,2,3
BRDA:101,0,4,3
BRDA:101,e0,1,0
BRDA:101,e0,3,0
BRDA:101,e0,5,0
BRDA:102,0,0,3
BRDA:102,e0,1,0
BRDA:107,0,0,1
BRDA:107,0,1,69285
BRDA:110,0,0,1
BRDA:110,0,2,1
BRDA:110,0,4,1
BRDA:110,e0,1,0
BRDA:110,e0,3,0
BRDA:110,e0,5,0
BRDA:111,0,0,1
BRDA:111,0,2,1
BRDA:111,0,4,1
BRDA:111,e0,1,0
BRDA:111,e0,3,0
BRDA:111,e0,5,0
BRDA:112,0,0,1
BRDA:112,0,2,1
BRDA:112,0,4,1
BRDA:112,e0,1,0
BRDA:112,e0,3,0
BRDA:112,e0,5,0
BRDA:113,0,0,1
BRDA:113,e0,1,0
BRDA:119,0,0,1919
BRDA:119,e0,1,0
BRDA:121,0,0,69282
BRDA:121,0,1,1919
BRDA:123,0,0,0
BRDA:123,0,1,69282
BRDA:126,0,0,-
BRDA:126,0,2,-
BRDA:126,e0,1,-
BRDA:126,e0,3,-
BRDA:127,0,0,-
BRDA:127,e0,1,-
BRDA:128,0,0,-
BRDA:128,e0,1,-
BRDA:134,0,0,69282
BRDA:134,e0,1,0
BRDA:140,0,0,1919
BRDA:140,e0,1,0
BRDA:142,0,0,1919
BRDA:142,e0,1,0
BRDA:147,0,0,540879
BRDA:147,0,1,15606
BRDA:156,0,0,1919
BRDA:156,e0,1,0
BRDA:157,0,0,1919
BRDA:157,e0,1,0
BRDA:162,0,0,609994
BRDA:162,0,1,43793
BRDA:176,0,0,68818
BRDA:176,0,1,1869
BRDA:178,0,0,130921
BRDA:178,0,1,0
BRDA:180,0,0,68818
BRDA:180,0,1,62103
BRDA:183,0,0,62103
BRDA:183,e0,1,0
BRDA:184,0,0,62103
BRDA:184,0,1,0
BRDA:185,0,0,62103
BRDA:185,0,1,0
BRDA:185,0,2,0
BRDA:185,0,3,62103
BRDA:186,0,0,0
BRDA:186,0,1,62103
BRDA:189,0,0,-
BRDA:189,e0,1,-
BRDA:190,0,0,-
BRDA:190,0,2,-
BRDA:190,e0,1,-
BRDA:190,e0,3,-
BRDA:193,0,0,62103
BRDA:193,e0,1,0
BRDA:199,0,0,68818
BRDA:199,e0,1,0
BRDA:200,0,0,53648
BRDA:200,0,1,15170
BRDA:202,0,0,17
BRDA:202,0,1,53631
BRDA:204,0,0,17
BRDA:204,e0,1,0
BRDA:207,0,0,35990
BRDA:207,0,1,32811
BRDA:207,0,2,33
BRDA:207,0,3,35957
BRDA:207,0,4,33
BRDA:207,0,5,68768
BRDA:208,0,0,33
BRDA:208,e0,1,0
BRDA:211,0,0,68768
BRDA:211,e0,1,0
BRDA:213,0,0,0
BRDA:213,0,1,68768
BRDA:215,0,0,-
BRDA:215,e0,1,-
BRDA:218,0,0,0
BRDA:218,0,1,68768
BRDA:222,0,0,-
BRDA:222,e0,1,-
BRDA:223,0,0,-
BRDA:223,0,2,-
BRDA:223,e0,1,-
BRDA:223,e0,3,-
BRDA:230,0,0,6341
BRDA:230,0,1,1869
BRDA:232,0,0,6341
BRDA:232,e0,1,0
BRDA:233,0,0,6341
BRDA:233,0,1,0
BRDA:234,0,0,6341
BRDA:234,0,1,0
BRDA:234,0,2,0
BRDA:234,0,3,6341
BRDA:235,0,0,0
BRDA:235,0,1,6341
BRDA:238,0,0,-
BRDA:238,e0,1,-
BRDA:239,0,0,-
BRDA:239,0,2,-
BRDA:239,e0,1,-
BRDA:239,e0,3,-
BRDA:242,0,0,6341
BRDA:242,e0,1,0
BRDA:245,0,0,1869
BRDA:245,0,1,0
BRDA:245,0,2,0
BRDA:245,0,3,1869
BRDA:245,0,4,0
BRDA:245,0,5,1869
BRDA:248,0,0,-
BRDA:248,0,2,-
BRDA:248,e0,1,-
BRDA:248,e0,3,-
BRDA:251,0,0,4
BRDA:251,0,1,1865
BRDA:254,0,0,4
BRDA:254,0,2,4
BRDA:254,0,4,4
BRDA:254,e0,1,0
BRDA:254,e0,3,0
BRDA:254,e0,5,0
BRDA:255,0,0,4
BRDA:255,e0,1,0
BRDA:256,0,0,4
BRDA:256,0,2,4
BRDA:256,e0,1,0
BRDA:256,e0,3,0
BRDA:258,0,0,0
BRDA:258,0,1,1865
BRDA:262,0,0,-
BRDA:262,0,2,-
BRDA:262,0,4,-
BRDA:262,e0,1,-
BRDA:262,e0,3,-
BRDA:262,e0,5,-
BRDA:263,0,0,-
BRDA:263,e0,1,-
BRDA:264,0,0,-
BRDA:264,0,2,-
BRDA:264,e0,1,-
BRDA:264,e0,3,-
BRDA:277,0,0,1865
BRDA:277,0,2,1865
BRDA:277,e0,1,0
BRDA:277,e0,3,0
BRF:292
BRH:143
DA:26,108
DA:27,108
DA:30,65
DA:33,65
DA:36,50
DA:40,100
DA:41,200
DA:42,100
DA:43,200
DA:44,150
DA:45,150
DA:46,200
DA:47,200
DA:48,100
DA:49,200
DA:50,200
DA:51,200
DA:52,200
DA:53,100
DA:58,1937
DA:62,1937
DA:63,1937
DA:64,7
DA:67,1930
DA:69,1930
DA:72,6
DA:73,6
DA:74,9
DA:78,1927
DA:79,1927
DA:80,71212
DA:81,69293
DA:82,69293
DA:83,69293
DA:84,69293
DA:87,4
DA:88,4
DA:89,6
DA:91,69291
DA:94,4
DA:95,2
DA:97,69289
DA:100,6
DA:101,12
DA:102,3
DA:105,69286
DA:106,138572
DA:107,69286
DA:110,2
DA:111,4
DA:112,4
DA:113,1
DA:115,69285
DA:118,1919
DA:119,1919
DA:120,1919
DA:121,71201
DA:123,69282
DA:126,0
DA:127,0
DA:128,0
DA:130,69282
DA:131,69282
DA:132,69282
DA:133,69282
DA:134,69282
DA:135,69282
DA:136,69282
DA:137,69282
DA:140,1919
DA:141,1919
DA:142,1919
DA:144,556485
DA:145,556485
DA:146,556485
DA:147,1112970
DA:148,556485
DA:149,540879
DA:150,540879
DA:152,15606
DA:153,15606
DA:156,1919
DA:157,1919
DA:159,653787
DA:160,653787
DA:161,653787
DA:162,1307574
DA:163,653787
DA:164,609994
DA:165,609994
DA:167,43793
DA:168,43793
DA:171,1919
DA:172,1919
DA:173,1919
DA:174,1919
DA:176,70687
DA:177,68818
DA:178,130921
DA:179,130921
DA:180,130921
DA:181,68818
DA:183,62103
DA:184,124206
DA:185,124206
DA:186,62103
DA:189,0
DA:190,0
DA:192,62103
DA:193,62103
DA:194,62103
DA:198,68818
DA:199,68818
DA:200,68818
DA:201,53648
DA:202,53648
DA:204,17
DA:207,68801
DA:208,33
DA:210,68768
DA:211,68768
DA:212,68768
DA:213,68768
DA:215,0
DA:217,68768
DA:218,137536
DA:219,68768
DA:222,0
DA:223,0
DA:225,68768
DA:226,68768
DA:227,68768
DA:230,8210
DA:231,6341
DA:232,6341
DA:233,12682
DA:234,12682
DA:235,6341
DA:238,0
DA:239,0
DA:241,6341
DA:242,6341
DA:243,6341
DA:245,1869
DA:248,0
DA:251,1869
DA:254,8
DA:255,8
DA:256,12
DA:258,1865
DA:259,1865
DA:262,0
DA:263,0
DA:264,0
DA:268,1865
DA:271,1865
DA:272,1865
DA:275,1865
DA:277,1865
DA:278,1937
LF:160
LH:146
end_of_record
TN:
SF:src/cli_app.cpp
FN:41,44,_ZN10tensorkiln3cli12_GLOBAL__N_110CliFailureC2EiNSt7__cxx1112basic_stringIcSt11char_traitsIcESaIcEEES8_
FN:46,46,_ZNK10tensorkiln3cli12_GLOBAL__N_110CliFailure9exit_codeEv
FN:47,47,_ZNK10tensorkiln3cli12_GLOBAL__N_110CliFailure4codeEv
FN:54,56,_ZN10tensorkiln3cli12_GLOBAL__N_113usage_failureENSt7__cxx1112basic_stringIcSt11char_traitsIcESaIcEEES7_
FN:58,65,_ZN10tensorkiln3cli12_GLOBAL__N_113build_failureESt17basic_string_viewIcSt11char_traitsIcEERKNS_10DiagnosticE
FN:68,73,_ZN10tensorkiln3cli12_GLOBAL__N_16unwrapINS_10TensorTypeEEET_NS_6ResultIS4_EESt17basic_string_viewIcSt11char_traitsIcEE
FN:68,73,_ZN10tensorkiln3cli12_GLOBAL__N_16unwrapINS_13ExecutionPlanEEET_NS_6ResultIS4_EESt17basic_string_viewIcSt11char_traitsIcEE
FN:68,73,_ZN10tensorkiln3cli12_GLOBAL__N_16unwrapINS_13VerifiedGraphEEET_NS_6ResultIS4_EESt17basic_string_viewIcSt11char_traitsIcEE
FN:68,73,_ZN10tensorkiln3cli12_GLOBAL__N_16unwrapINS_5ShapeEEET_NS_6ResultIS4_EESt17basic_string_viewIcSt11char_traitsIcEE
FN:68,73,_ZN10tensorkiln3cli12_GLOBAL__N_16unwrapINS_7ValueIdEEET_NS_6ResultIS4_EESt17basic_string_viewIcSt11char_traitsIcEE
FN:68,73,_ZN10tensorkiln3cli12_GLOBAL__N_16unwrapINS_8OutputIdEEET_NS_6ResultIS4_EESt17basic_string_viewIcSt11char_traitsIcEE
FN:75,80,_ZN10tensorkiln3cli12_GLOBAL__N_13f32ESt16initializer_listIlE
FN:82,110,_ZN10tensorkiln3cli12_GLOBAL__N_122build_dense_relu_graphEv
FN:112,115,_ZN10tensorkiln3cli12_GLOBAL__N_121build_dense_relu_planEv
FN:117,155,_ZN10tensorkiln3cli12_GLOBAL__N_117write_json_stringERSoSt17basic_string_viewIcSt11char_traitsIcEE
FN:157,169,_ZN10tensorkiln3cli12_GLOBAL__N_120requests_json_errorsESt4spanIKSt17basic_string_viewIcSt11char_traitsIcEELm18446744073709551615EE
FN:171,193,_ZN10tensorkiln3cli12_GLOBAL__N_126validate_argument_envelopeESt4spanIKSt17basic_string_viewIcSt11char_traitsIcEELm18446744073709551615EE
FN:195,209,_ZN10tensorkiln3cli12_GLOBAL__N_111write_errorERSoRKNS1_10CliFailureEb
FN:211,215,_ZN10tensorkiln3cli12_GLOBAL__N_121make_canonical_streamEv
FN:217,232,_ZN10tensorkiln3cli12_GLOBAL__N_17publishERSoRKNSt7__cxx1112basic_stringIcSt11char_traitsIcESaIcEEE
FN:234,251,_ZN10tensorkiln3cli12_GLOBAL__N_110write_helpERSo
FN:253,262,_ZN10tensorkiln3cli12_GLOBAL__N_112parse_formatESt17basic_string_viewIcSt11char_traitsIcEE
FN:271,284,_ZN10tensorkiln3cli12_GLOBAL__N_120require_option_valueESt4spanIKSt17basic_string_viewIcSt11char_traitsIcEELm18446744073709551615EERmS6_
FN:286,356,_ZN10tensorkiln3cli12_GLOBAL__N_113parse_optionsESt4spanIKSt17basic_string_viewIcSt11char_traitsIcEELm18446744073709551615EEb
FN:358,368,_ZN10tensorkiln3cli12_GLOBAL__N_122require_known_workloadERKNS1_14CommandOptionsE
FN:370,380,_ZN10tensorkiln3cli12_GLOBAL__N_119write_workload_jsonERSo
FN:382,394,_ZN10tensorkiln3cli12_GLOBAL__N_110write_listENS1_12OutputFormatERSo
FN:396,406,_ZN10tensorkiln3cli12_GLOBAL__N_121write_plan_stats_jsonERSoRKNS_18ExecutionPlanStatsE
FN:408,423,_ZN10tensorkiln3cli12_GLOBAL__N_118write_kernels_jsonERSoRKNS_13ExecutionPlanE
FN:425,443,_ZN10tensorkiln3cli12_GLOBAL__N_118write_inspect_textERKNS_13ExecutionPlanERSo
FN:445,458,_ZN10tensorkiln3cli12_GLOBAL__N_118write_inspect_jsonERKNS_13ExecutionPlanERSo
FN:460,498,_ZN10tensorkiln3cli12_GLOBAL__N_18run_implESt4spanIKSt17basic_string_viewIcSt11char_traitsIcEELm18446744073709551615EERSo
FN:502,526,_ZN10tensorkiln3cli3runESt4spanIKSt17basic_string_viewIcSt11char_traitsIcEELm18446744073709551615EERSoS8_
FNDA:15,_ZN10tensorkiln3cli12_GLOBAL__N_110CliFailureC2EiNSt7__cxx1112basic_stringIcSt11char_traitsIcESaIcEEES8_
FNDA:2,_ZN10tensorkiln3cli12_GLOBAL__N_110write_helpERSo
FNDA:5,_ZN10tensorkiln3cli12_GLOBAL__N_110write_listENS1_12OutputFormatERSo
FNDA:15,_ZN10tensorkiln3cli12_GLOBAL__N_111write_errorERSoRKNS1_10CliFailureEb
FNDA:12,_ZN10tensorkiln3cli12_GLOBAL__N_112parse_formatESt17basic_string_viewIcSt11char_traitsIcEE
FNDA:0,_ZN10tensorkiln3cli12_GLOBAL__N_113build_failureESt17basic_string_viewIcSt11char_traitsIcEERKNS_10DiagnosticE
FNDA:21,_ZN10tensorkiln3cli12_GLOBAL__N_113parse_optionsESt4spanIKSt17basic_string_viewIcSt11char_traitsIcEELm18446744073709551615EEb
FNDA:14,_ZN10tensorkiln3cli12_GLOBAL__N_113usage_failureENSt7__cxx1112basic_stringIcSt11char_traitsIcESaIcEEES7_
FNDA:66,_ZN10tensorkiln3cli12_GLOBAL__N_117write_json_stringERSoSt17basic_string_viewIcSt11char_traitsIcEE
FNDA:6,_ZN10tensorkiln3cli12_GLOBAL__N_118write_inspect_jsonERKNS_13ExecutionPlanERSo
FNDA:1,_ZN10tensorkiln3cli12_GLOBAL__N_118write_inspect_textERKNS_13ExecutionPlanERSo
FNDA:6,_ZN10tensorkiln3cli12_GLOBAL__N_118write_kernels_jsonERSoRKNS_13ExecutionPlanE
FNDA:10,_ZN10tensorkiln3cli12_GLOBAL__N_119write_workload_jsonERSo
FNDA:28,_ZN10tensorkiln3cli12_GLOBAL__N_120requests_json_errorsESt4spanIKSt17basic_string_viewIcSt11char_traitsIcEELm18446744073709551615EE
FNDA:11,_ZN10tensorkiln3cli12_GLOBAL__N_120require_option_valueESt4spanIKSt17basic_string_viewIcSt11char_traitsIcEELm18446744073709551615EERmS6_
FNDA:7,_ZN10tensorkiln3cli12_GLOBAL__N_121build_dense_relu_planEv
FNDA:43,_ZN10tensorkiln3cli12_GLOBAL__N_121make_canonical_streamEv
FNDA:6,_ZN10tensorkiln3cli12_GLOBAL__N_121write_plan_stats_jsonERSoRKNS_18ExecutionPlanStatsE
FNDA:7,_ZN10tensorkiln3cli12_GLOBAL__N_122build_dense_relu_graphEv
FNDA:11,_ZN10tensorkiln3cli12_GLOBAL__N_122require_known_workloadERKNS1_14CommandOptionsE
FNDA:28,_ZN10tensorkiln3cli12_GLOBAL__N_126validate_argument_envelopeESt4spanIKSt17basic_string_viewIcSt11char_traitsIcEELm18446744073709551615EE
FNDA:21,_ZN10tensorkiln3cli12_GLOBAL__N_13f32ESt16initializer_listIlE
FNDA:21,_ZN10tensorkiln3cli12_GLOBAL__N_16unwrapINS_10TensorTypeEEET_NS_6ResultIS4_EESt17basic_string_viewIcSt11char_traitsIcEE
FNDA:7,_ZN10tensorkiln3cli12_GLOBAL__N_16unwrapINS_13ExecutionPlanEEET_NS_6ResultIS4_EESt17basic_string_viewIcSt11char_traitsIcEE
FNDA:7,_ZN10tensorkiln3cli12_GLOBAL__N_16unwrapINS_13VerifiedGraphEEET_NS_6ResultIS4_EESt17basic_string_viewIcSt11char_traitsIcEE
FNDA:21,_ZN10tensorkiln3cli12_GLOBAL__N_16unwrapINS_5ShapeEEET_NS_6ResultIS4_EESt17basic_string_viewIcSt11char_traitsIcEE
FNDA:42,_ZN10tensorkiln3cli12_GLOBAL__N_16unwrapINS_7ValueIdEEET_NS_6ResultIS4_EESt17basic_string_viewIcSt11char_traitsIcEE
FNDA:7,_ZN10tensorkiln3cli12_GLOBAL__N_16unwrapINS_8OutputIdEEET_NS_6ResultIS4_EESt17basic_string_viewIcSt11char_traitsIcEE
FNDA:29,_ZN10tensorkiln3cli12_GLOBAL__N_17publishERSoRKNSt7__cxx1112basic_stringIcSt11char_traitsIcESaIcEEE
FNDA:28,_ZN10tensorkiln3cli12_GLOBAL__N_18run_implESt4spanIKSt17basic_string_viewIcSt11char_traitsIcEELm18446744073709551615EERSo
FNDA:28,_ZN10tensorkiln3cli3runESt4spanIKSt17basic_string_viewIcSt11char_traitsIcEELm18446744073709551615EERSoS8_
FNDA:15,_ZNK10tensorkiln3cli12_GLOBAL__N_110CliFailure4codeEv
FNDA:13,_ZNK10tensorkiln3cli12_GLOBAL__N_110CliFailure9exit_codeEv
FNF:33
FNH:32
BRDA:55,0,0,14
BRDA:55,e0,1,0
BRDA:62,0,0,-
BRDA:62,0,2,-
BRDA:62,0,4,-
BRDA:62,e0,1,-
BRDA:62,e0,3,-
BRDA:62,e0,5,-
BRDA:63,0,0,-
BRDA:63,0,2,-
BRDA:63,0,4,-
BRDA:63,e0,1,-
BRDA:63,e0,3,-
BRDA:63,e0,5,-
BRDA:64,0,0,-
BRDA:64,0,2,-
BRDA:64,e0,1,-
BRDA:64,e0,3,-
BRDA:69,0,0,0
BRDA:69,0,1,105
BRDA:77,0,0,21
BRDA:77,0,2,21
BRDA:77,e0,1,0
BRDA:77,e0,3,0
BRDA:78,0,0,21
BRDA:78,0,2,21
BRDA:78,e0,1,0
BRDA:78,e0,3,0
BRDA:83,0,0,7
BRDA:83,e0,1,0
BRDA:85,0,0,7
BRDA:85,0,2,7
BRDA:85,0,4,7
BRDA:85,0,6,7
BRDA:85,e0,1,0
BRDA:85,e0,3,0
BRDA:85,e0,5,0
BRDA:85,e0,7,0
BRDA:94,0,0,7
BRDA:94,e0,1,0
BRDA:95,0,0,7
BRDA:95,0,2,7
BRDA:95,0,4,7
BRDA:95,e0,1,0
BRDA:95,e0,3,0
BRDA:95,e0,5,0
BRDA:98,0,0,7
BRDA:98,0,2,7
BRDA:98,e0,1,0
BRDA:98,e0,3,0
BRDA:100,0,0,7
BRDA:100,e0,1,0
BRDA:101,0,0,7
BRDA:101,0,2,7
BRDA:101,0,4,7
BRDA:101,e0,1,0
BRDA:101,e0,3,0
BRDA:101,e0,5,0
BRDA:104,0,0,7
BRDA:104,0,2,7
BRDA:104,e0,1,0
BRDA:104,e0,3,0
BRDA:106,0,0,7
BRDA:106,0,2,7
BRDA:106,e0,1,0
BRDA:106,e0,3,0
BRDA:108,0,0,7
BRDA:108,0,2,7
BRDA:108,0,4,7
BRDA:108,e0,1,0
BRDA:108,e0,3,0
BRDA:108,e0,5,0
BRDA:109,0,0,7
BRDA:109,0,2,7
BRDA:109,e0,1,0
BRDA:109,e0,3,0
BRDA:113,0,0,7
BRDA:113,e0,1,0
BRDA:114,0,0,7
BRDA:114,0,2,7
BRDA:114,e0,1,0
BRDA:114,e0,3,0
BRDA:119,0,0,66
BRDA:119,e0,1,0
BRDA:120,0,0,8258
BRDA:120,0,1,66
BRDA:122,0,0,0
BRDA:122,0,1,0
BRDA:122,0,2,0
BRDA:122,0,3,0
BRDA:122,0,4,150
BRDA:122,0,5,0
BRDA:122,0,6,0
BRDA:122,0,7,8108
BRDA:124,0,0,-
BRDA:124,e0,1,-
BRDA:127,0,0,-
BRDA:127,e0,1,-
BRDA:130,0,0,-
BRDA:130,e0,1,-
BRDA:133,0,0,-
BRDA:133,e0,1,-
BRDA:136,0,0,150
BRDA:136,e0,1,0
BRDA:139,0,0,-
BRDA:139,e0,1,-
BRDA:142,0,0,-
BRDA:142,e0,1,-
BRDA:145,0,0,0
BRDA:145,0,1,8108
BRDA:147,0,0,-
BRDA:147,0,2,-
BRDA:147,0,4,-
BRDA:147,e0,1,-
BRDA:147,e0,3,-
BRDA:147,e0,5,-
BRDA:149,0,0,8108
BRDA:149,e0,1,0
BRDA:154,0,0,66
BRDA:154,e0,1,0
BRDA:159,0,0,70
BRDA:159,0,1,15
BRDA:160,0,0,12
BRDA:160,0,1,58
BRDA:163,0,0,2
BRDA:163,0,1,56
BRDA:163,0,2,1
BRDA:163,0,3,1
BRDA:163,0,4,1
BRDA:163,0,5,0
BRDA:164,0,0,1
BRDA:164,0,1,57
BRDA:173,0,0,0
BRDA:173,0,1,28
BRDA:174,0,0,-
BRDA:174,0,2,-
BRDA:174,e0,1,-
BRDA:174,e0,3,-
BRDA:178,0,0,71
BRDA:178,0,1,26
BRDA:179,0,0,70
BRDA:179,0,1,1
BRDA:179,0,2,1
BRDA:179,0,3,70
BRDA:180,0,0,0
BRDA:180,0,1,70
BRDA:181,0,0,1
BRDA:181,0,2,1
BRDA:181,e0,1,0
BRDA:181,e0,3,0
BRDA:185,0,0,659
BRDA:185,0,1,69
BRDA:187,0,0,659
BRDA:187,0,1,0
BRDA:187,0,2,1
BRDA:187,0,3,658
BRDA:188,0,0,1
BRDA:188,0,2,1
BRDA:188,e0,1,0
BRDA:188,e0,3,0
BRDA:197,0,0,11
BRDA:197,0,1,4
BRDA:207,0,0,4
BRDA:207,e0,1,0
BRDA:213,0,0,43
BRDA:213,0,2,43
BRDA:213,e0,1,0
BRDA:213,e0,3,0
BRDA:220,0,0,0
BRDA:220,0,1,29
BRDA:225,0,0,29
BRDA:225,e0,1,0
BRDA:227,0,0,29
BRDA:227,e0,1,0
BRDA:254,0,0,0
BRDA:254,0,1,12
BRDA:257,0,0,12
BRDA:257,0,1,0
BRDA:260,0,0,-
BRDA:260,0,2,-
BRDA:260,e0,1,-
BRDA:260,e0,3,-
BRDA:274,0,0,1
BRDA:274,0,1,10
BRDA:275,0,0,1
BRDA:275,e0,1,0
BRDA:276,0,0,1
BRDA:276,0,2,1
BRDA:276,e0,1,0
BRDA:276,e0,3,0
BRDA:279,0,0,10
BRDA:279,0,1,0
BRDA:279,0,2,0
BRDA:279,0,3,10
BRDA:279,0,4,0
BRDA:279,0,5,10
BRDA:280,0,0,-
BRDA:280,e0,1,-
BRDA:281,0,0,-
BRDA:281,0,2,-
BRDA:281,e0,1,-
BRDA:281,e0,3,-
BRDA:290,0,0,29
BRDA:290,0,1,16
BRDA:292,0,0,2
BRDA:292,0,1,27
BRDA:293,0,0,0
BRDA:293,0,1,2
BRDA:294,0,0,-
BRDA:294,0,2,-
BRDA:294,e0,1,-
BRDA:294,e0,3,-
BRDA:298,0,0,1
BRDA:298,0,2,1
BRDA:298,e0,1,1
BRDA:298,e0,3,0
BRDA:301,0,0,12
BRDA:301,0,1,15
BRDA:302,0,0,0
BRDA:302,0,1,12
BRDA:303,0,0,-
BRDA:303,0,2,-
BRDA:303,e0,1,-
BRDA:303,e0,3,-
BRDA:306,0,0,12
BRDA:306,e0,1,0
BRDA:307,0,0,1
BRDA:307,0,1,11
BRDA:308,0,0,1
BRDA:308,0,2,1
BRDA:308,e0,1,0
BRDA:308,e0,3,0
BRDA:311,0,0,11
BRDA:311,e0,1,0
BRDA:314,0,0,10
BRDA:314,0,1,5
BRDA:315,0,0,0
BRDA:315,0,1,10
BRDA:316,0,0,-
BRDA:316,0,2,-
BRDA:316,e0,1,-
BRDA:316,e0,3,-
BRDA:319,0,0,1
BRDA:319,0,1,9
BRDA:320,0,0,1
BRDA:320,0,2,1
BRDA:320,e0,1,0
BRDA:320,e0,3,0
BRDA:324,0,0,9
BRDA:324,e0,1,0
BRDA:327,0,0,3
BRDA:327,0,1,2
BRDA:328,0,0,0
BRDA:328,0,1,3
BRDA:329,0,0,-
BRDA:329,0,2,-
BRDA:329,e0,1,-
BRDA:329,e0,3,-
BRDA:332,0,0,0
BRDA:332,0,1,3
BRDA:333,0,0,-
BRDA:333,0,2,-
BRDA:333,e0,1,-
BRDA:333,e0,3,-
BRDA:336,0,0,3
BRDA:336,e0,1,0
BRDA:337,0,0,0
BRDA:337,0,1,3
BRDA:338,0,0,-
BRDA:338,0,2,-
BRDA:338,e0,1,-
BRDA:338,e0,3,-
BRDA:343,0,0,0
BRDA:343,0,1,2
BRDA:344,0,0,-
BRDA:344,0,2,-
BRDA:344,e0,1,-
BRDA:344,e0,3,-
BRDA:347,0,0,1
BRDA:347,0,1,1
BRDA:348,0,0,1
BRDA:348,e0,1,0
BRDA:349,0,0,1
BRDA:349,0,2,1
BRDA:349,0,4,1
BRDA:349,e0,1,0
BRDA:349,e0,3,0
BRDA:349,e0,5,0
BRDA:351,0,0,1
BRDA:351,e0,1,0
BRDA:352,0,0,1
BRDA:352,e0,1,0
BRDA:353,0,0,1
BRDA:353,0,2,1
BRDA:353,e0,1,0
BRDA:353,e0,3,0
BRDA:359,0,0,1
BRDA:359,0,1,10
BRDA:360,0,0,1
BRDA:360,e0,1,0
BRDA:361,0,0,1
BRDA:361,e0,1,0
BRDA:362,0,0,1
BRDA:362,e0,1,0
BRDA:364,0,0,3
BRDA:364,0,1,7
BRDA:365,0,0,3
BRDA:365,e0,1,0
BRDA:366,0,0,3
BRDA:366,0,2,3
BRDA:366,0,4,3
BRDA:366,e0,1,0
BRDA:366,e0,3,0
BRDA:366,e0,5,0
BRDA:383,0,0,1
BRDA:383,0,1,4
BRDA:411,0,0,18
BRDA:411,0,1,6
BRDA:413,0,0,12
BRDA:413,0,1,6
BRDA:417,0,0,18
BRDA:417,e0,1,0
BRDA:418,0,0,18
BRDA:418,e0,1,0
BRDA:438,0,0,3
BRDA:438,0,1,1
BRDA:440,0,0,1
BRDA:440,0,1,2
BRDA:440,0,2,3
BRDA:440,0,4,3
BRDA:440,e0,3,0
BRDA:440,e0,5,0
BRDA:442,0,0,1
BRDA:442,0,2,1
BRDA:442,e0,1,0
BRDA:442,e0,3,0
BRDA:446,0,0,6
BRDA:446,e0,1,0
BRDA:447,0,0,6
BRDA:447,e0,1,0
BRDA:448,0,0,6
BRDA:448,e0,1,0
BRDA:449,0,0,6
BRDA:449,e0,1,0
BRDA:450,0,0,6
BRDA:450,e0,1,0
BRDA:451,0,0,6
BRDA:451,e0,1,0
BRDA:452,0,0,6
BRDA:452,e0,1,0
BRDA:453,0,0,6
BRDA:453,e0,1,0
BRDA:454,0,0,6
BRDA:454,e0,1,0
BRDA:455,0,0,6
BRDA:455,e0,1,0
BRDA:456,0,0,6
BRDA:456,e0,1,0
BRDA:457,0,0,6
BRDA:457,e0,1,0
BRDA:463,0,0,26
BRDA:463,e0,1,2
BRDA:464,0,0,0
BRDA:464,0,1,26
BRDA:465,0,0,-
BRDA:465,0,2,-
BRDA:465,e0,1,-
BRDA:465,e0,3,-
BRDA:468,0,0,7
BRDA:468,0,1,19
BRDA:468,0,2,5
BRDA:468,0,3,2
BRDA:469,0,0,0
BRDA:469,0,1,5
BRDA:469,0,2,2
BRDA:469,0,3,24
BRDA:470,0,0,2
BRDA:470,e0,1,0
BRDA:476,0,0,8
BRDA:476,0,1,16
BRDA:477,0,0,5
BRDA:477,e0,1,3
BRDA:478,0,0,5
BRDA:478,e0,1,0
BRDA:481,0,0,13
BRDA:481,0,1,3
BRDA:482,0,0,11
BRDA:482,e0,1,2
BRDA:483,0,0,7
BRDA:483,e0,1,4
BRDA:484,0,0,7
BRDA:484,e0,1,0
BRDA:485,0,0,1
BRDA:485,0,1,6
BRDA:486,0,0,1
BRDA:486,e0,1,0
BRDA:488,0,0,6
BRDA:488,e0,1,0
BRDA:492,0,0,1
BRDA:492,0,1,2
BRDA:493,0,0,1
BRDA:493,e0,1,0
BRDA:494,0,0,1
BRDA:494,0,2,1
BRDA:494,0,4,1
BRDA:494,e0,1,0
BRDA:494,e0,3,0
BRDA:494,e0,5,0
BRDA:496,0,0,2
BRDA:496,e0,1,0
BRDA:497,0,0,2
BRDA:497,0,2,2
BRDA:497,0,4,2
BRDA:497,e0,1,0
BRDA:497,e0,3,0
BRDA:497,e0,5,0
BRDA:506,0,0,28
BRDA:506,e0,1,0
BRDA:507,0,0,14
BRDA:507,e0,1,14
BRDA:508,0,0,14
BRDA:508,0,2,13
BRDA:508,0,3,1
BRDA:508,e0,1,0
BRDA:513,0,0,1
BRDA:513,0,2,1
BRDA:513,0,4,1
BRDA:513,e0,1,0
BRDA:513,e0,3,0
BRDA:513,e0,5,0
BRDA:514,0,0,1
BRDA:514,e0,1,0
BRDA:515,0,0,1
BRDA:515,e0,1,0
BRDA:516,0,0,1
BRDA:516,e0,1,0
BRDA:518,0,0,0
BRDA:518,0,1,14
BRDA:519,0,0,14
BRDA:519,e0,1,0
BRDA:520,0,0,14
BRDA:520,e0,1,0
BRDA:521,0,0,14
BRDA:521,0,2,13
BRDA:521,0,3,1
BRDA:521,e0,1,0
BRF:446
BRH:224
DA:41,15
DA:42,15
DA:43,15
DA:44,15
DA:46,13
DA:47,15
DA:54,14
DA:55,14
DA:58,0
DA:62,0
DA:63,0
DA:64,0
DA:68,105
DA:69,105
DA:70,0
DA:72,105
DA:75,21
DA:77,21
DA:78,42
DA:79,42
DA:82,7
DA:83,7
DA:85,14
DA:86,7
DA:94,14
DA:95,21
DA:98,7
DA:99,7
DA:100,14
DA:101,21
DA:104,7
DA:106,7
DA:108,14
DA:109,14
DA:110,7
DA:112,7
DA:113,7
DA:114,14
DA:115,7
DA:117,66
DA:118,66
DA:119,66
DA:120,8324
DA:121,8258
DA:122,8258
DA:123,0
DA:124,0
DA:125,0
DA:126,0
DA:127,0
DA:128,0
DA:129,0
DA:130,0
DA:131,0
DA:132,0
DA:133,0
DA:134,0
DA:135,150
DA:136,150
DA:137,150
DA:138,0
DA:139,0
DA:140,0
DA:141,0
DA:142,0
DA:143,0
DA:144,8108
DA:145,8108
DA:146,0
DA:147,0
DA:149,8108
DA:151,8108
DA:154,66
DA:155,66
DA:157,28
DA:159,85
DA:160,70
DA:161,12
DA:163,59
DA:164,59
DA:165,1
DA:168,15
DA:171,28
DA:173,28
DA:174,0
DA:177,28
DA:178,97
DA:179,141
DA:180,70
DA:181,4
DA:184,70
DA:185,728
DA:186,659
DA:187,659
DA:188,4
DA:193,26
DA:195,15
DA:197,15
DA:198,11
DA:199,11
DA:200,11
DA:202,4
DA:203,4
DA:204,4
DA:205,4
DA:206,4
DA:207,4
DA:208,4
DA:211,43
DA:212,43
DA:213,43
DA:214,43
DA:215,0
DA:217,29
DA:219,29
DA:220,29
DA:221,29
DA:222,0
DA:225,29
DA:226,29
DA:227,29
DA:228,0
DA:229,0
DA:230,0
DA:231,29
DA:234,2
DA:250,2
DA:251,2
DA:253,12
DA:254,12
DA:255,0
DA:257,12
DA:258,12
DA:260,0
DA:271,11
DA:274,11
DA:275,2
DA:276,4
DA:278,10
DA:279,10
DA:280,0
DA:281,0
DA:283,10
DA:286,21
DA:289,21
DA:290,45
DA:291,29
DA:292,29
DA:293,2
DA:294,0
DA:296,2
DA:297,1
DA:298,2
DA:299,1
DA:301,27
DA:302,12
DA:303,0
DA:305,12
DA:306,12
DA:307,12
DA:308,4
DA:311,11
DA:312,11
DA:313,11
DA:314,15
DA:315,10
DA:316,0
DA:319,10
DA:320,4
DA:322,9
DA:324,9
DA:325,9
DA:327,5
DA:328,3
DA:329,0
DA:332,3
DA:333,0
DA:335,3
DA:336,3
DA:337,3
DA:338,0
DA:341,3
DA:343,2
DA:344,0
DA:347,2
DA:348,2
DA:349,5
DA:351,2
DA:352,3
DA:353,6
DA:355,16
DA:358,11
DA:359,11
DA:360,2
DA:361,3
DA:362,3
DA:364,10
DA:365,6
DA:366,15
DA:368,7
DA:370,10
DA:371,10
DA:372,10
DA:373,10
DA:374,10
DA:379,10
DA:380,10
DA:382,5
DA:383,5
DA:386,1
DA:387,1
DA:389,4
DA:390,4
DA:391,4
DA:392,4
DA:393,4
DA:396,6
DA:398,6
DA:399,6
DA:400,6
DA:401,6
DA:402,6
DA:403,6
DA:404,6
DA:405,6
DA:406,6
DA:408,6
DA:410,6
DA:411,24
DA:412,18
DA:413,18
DA:414,12
DA:416,18
DA:417,18
DA:418,18
DA:419,18
DA:420,18
DA:422,6
DA:423,6
DA:425,1
DA:426,1
DA:433,1
DA:434,1
DA:435,1
DA:436,1
DA:437,1
DA:438,4
DA:439,3
DA:440,3
DA:442,1
DA:443,1
DA:445,6
DA:446,6
DA:447,6
DA:448,6
DA:449,6
DA:450,6
DA:451,6
DA:452,6
DA:453,6
DA:454,6
DA:455,6
DA:456,6
DA:457,6
DA:458,6
DA:460,28
DA:463,28
DA:464,26
DA:465,0
DA:468,38
DA:469,38
DA:470,2
DA:471,2
DA:474,24
DA:475,24
DA:476,24
DA:477,8
DA:478,5
DA:479,5
DA:481,16
DA:482,13
DA:483,11
DA:484,7
DA:485,7
DA:486,1
DA:488,6
DA:490,7
DA:491,7
DA:492,3
DA:493,2
DA:494,5
DA:496,4
DA:497,10
DA:502,28
DA:504,28
DA:506,28
DA:507,28
DA:508,14
DA:509,13
DA:513,3
DA:514,1
DA:515,1
DA:516,1
DA:517,1
DA:518,42
DA:519,14
DA:520,14
DA:521,14
DA:522,13
DA:524,1
DA:525,14
LF:311
LH:268
end_of_record
TN:
SF:src/compiler_support.cpp
FN:23,28,_ZN10tensorkiln6detail12_GLOBAL__N_112replay_errorERKNS_4NodeERKNS_10DiagnosticE
FN:30,36,_ZN10tensorkiln6detail12_GLOBAL__N_111arity_errorERKNS_4NodeEm
FN:38,50,_ZN10tensorkiln6detail12_GLOBAL__N_115same_float_bitsESt4spanIKfLm18446744073709551615EES4_
FN:52,63,_ZN10tensorkiln6detail12_GLOBAL__N_117append_source_setERNSt7__cxx1112basic_stringIcSt11char_traitsIcESaIcEEESt4spanIKNS_16SourceDefinitionELm18446744073709551615EE
FN:67,72,_ZN10tensorkiln6detail15invariant_errorENSt7__cxx1112basic_stringIcSt11char_traitsIcESaIcEEE
FN:74,79,_ZN10tensorkiln6detail16provenance_errorENSt7__cxx1112basic_stringIcSt11char_traitsIcESaIcEEE
FN:81,83,_ZN10tensorkiln6detail10node_labelB5cxx11ENS_6NodeIdE
FN:85,87,_ZN10tensorkiln6detail11value_labelB5cxx11ENS_7ValueIdE
FN:89,140,_ZN10tensorkiln6detail16replay_operationERNS_12GraphBuilderERKNS_4NodeESt4spanIKNS_7ValueIdELm18446744073709551615EE
FN:94,99,_ZZN10tensorkiln6detail16replay_operationERNS_12GraphBuilderERKNS_4NodeESt4spanIKNS_7ValueIdELm18446744073709551615EEENKUlRKNS_7InputOpEE_clESC_
FN:100,107,_ZZN10tensorkiln6detail16replay_operationERNS_12GraphBuilderERKNS_4NodeESt4spanIKNS_7ValueIdELm18446744073709551615EEENKUlRKNS_10ConstantOpEE_clESC_
FN:108,113,_ZZN10tensorkiln6detail16replay_operationERNS_12GraphBuilderERKNS_4NodeESt4spanIKNS_7ValueIdELm18446744073709551615EEENKUlRKNS_5AddOpEE_clESC_
FN:114,119,_ZZN10tensorkiln6detail16replay_operationERNS_12GraphBuilderERKNS_4NodeESt4spanIKNS_7ValueIdELm18446744073709551615EEENKUlRKNS_8MatMulOpEE_clESC_
FN:120,125,_ZZN10tensorkiln6detail16replay_operationERNS_12GraphBuilderERKNS_4NodeESt4spanIKNS_7ValueIdELm18446744073709551615EEENKUlRKNS_6ReluOpEE_clESC_
FN:126,132,_ZZN10tensorkiln6detail16replay_operationERNS_12GraphBuilderERKNS_4NodeESt4spanIKNS_7ValueIdELm18446744073709551615EEENKUlRKNS_9SoftmaxOpEE_clESC_
FN:142,199,_ZN10tensorkiln6detail22validate_replayed_nodeERKNS_4NodeES3_St4spanIKSt8optionalINS_7ValueIdEELm18446744073709551615EE
FN:172,175,_ZZN10tensorkiln6detail22validate_replayed_nodeERKNS_4NodeES3_St4spanIKSt8optionalINS_7ValueIdEELm18446744073709551615EEENKUlRKNS_7InputOpEE_clESC_
FN:176,184,_ZZN10tensorkiln6detail22validate_replayed_nodeERKNS_4NodeES3_St4spanIKSt8optionalINS_7ValueIdEELm18446744073709551615EEENKUlRKNS_10ConstantOpEE_clESC_
FN:185,185,_ZZN10tensorkiln6detail22validate_replayed_nodeERKNS_4NodeES3_St4spanIKSt8optionalINS_7ValueIdEELm18446744073709551615EEENKUlRKNS_5AddOpEE_clESC_
FN:186,186,_ZZN10tensorkiln6detail22validate_replayed_nodeERKNS_4NodeES3_St4spanIKSt8optionalINS_7ValueIdEELm18446744073709551615EEENKUlRKNS_8MatMulOpEE_clESC_
FN:187,187,_ZZN10tensorkiln6detail22validate_replayed_nodeERKNS_4NodeES3_St4spanIKSt8optionalINS_7ValueIdEELm18446744073709551615EEENKUlRKNS_6ReluOpEE_clESC_
FN:188,191,_ZZN10tensorkiln6detail22validate_replayed_nodeERKNS_4NodeES3_St4spanIKSt8optionalINS_7ValueIdEELm18446744073709551615EEENKUlRKNS_9SoftmaxOpEE_clESC_
FN:201,207,_ZN10tensorkiln6detail23append_provenance_entryERNSt7__cxx1112basic_stringIcSt11char_traitsIcESaIcEEERKNS_14NodeProvenanceE
FN:209,230,_ZN10tensorkiln6detail33validate_source_provenance_domainERKNS_13VerifiedGraphERKNS_15GraphProvenanceE
FNDA:14151,_ZN10tensorkiln6detail10node_labelB5cxx11ENS_6NodeIdE
FNDA:14136,_ZN10tensorkiln6detail11value_labelB5cxx11ENS_7ValueIdE
FNDA:0,_ZN10tensorkiln6detail12_GLOBAL__N_111arity_errorERKNS_4NodeEm
FNDA:0,_ZN10tensorkiln6detail12_GLOBAL__N_112replay_errorERKNS_4NodeERKNS_10DiagnosticE
FNDA:557,_ZN10tensorkiln6detail12_GLOBAL__N_115same_float_bitsESt4spanIKfLm18446744073709551615EES4_
FNDA:4960,_ZN10tensorkiln6detail12_GLOBAL__N_117append_source_setERNSt7__cxx1112basic_stringIcSt11char_traitsIcESaIcEEESt4spanIKNS_16SourceDefinitionELm18446744073709551615EE
FNDA:0,_ZN10tensorkiln6detail15invariant_errorENSt7__cxx1112basic_stringIcSt11char_traitsIcESaIcEEE
FNDA:4,_ZN10tensorkiln6detail16provenance_errorENSt7__cxx1112basic_stringIcSt11char_traitsIcESaIcEEE
FNDA:6260,_ZN10tensorkiln6detail16replay_operationERNS_12GraphBuilderERKNS_4NodeESt4spanIKNS_7ValueIdELm18446744073709551615EE
FNDA:6260,_ZN10tensorkiln6detail22validate_replayed_nodeERKNS_4NodeES3_St4spanIKSt8optionalINS_7ValueIdEELm18446744073709551615EE
FNDA:4960,_ZN10tensorkiln6detail23append_provenance_entryERNSt7__cxx1112basic_stringIcSt11char_traitsIcESaIcEEERKNS_14NodeProvenanceE
FNDA:9,_ZN10tensorkiln6detail33validate_source_provenance_domainERKNS_13VerifiedGraphERKNS_15GraphProvenanceE
FNDA:557,_ZZN10tensorkiln6detail16replay_operationERNS_12GraphBuilderERKNS_4NodeESt4spanIKNS_7ValueIdELm18446744073709551615EEENKUlRKNS_10ConstantOpEE_clESC_
FNDA:2146,_ZZN10tensorkiln6detail16replay_operationERNS_12GraphBuilderERKNS_4NodeESt4spanIKNS_7ValueIdELm18446744073709551615EEENKUlRKNS_5AddOpEE_clESC_
FNDA:2455,_ZZN10tensorkiln6detail16replay_operationERNS_12GraphBuilderERKNS_4NodeESt4spanIKNS_7ValueIdELm18446744073709551615EEENKUlRKNS_6ReluOpEE_clESC_
FNDA:762,_ZZN10tensorkiln6detail16replay_operationERNS_12GraphBuilderERKNS_4NodeESt4spanIKNS_7ValueIdELm18446744073709551615EEENKUlRKNS_7InputOpEE_clESC_
FNDA:337,_ZZN10tensorkiln6detail16replay_operationERNS_12GraphBuilderERKNS_4NodeESt4spanIKNS_7ValueIdELm18446744073709551615EEENKUlRKNS_8MatMulOpEE_clESC_
FNDA:3,_ZZN10tensorkiln6detail16replay_operationERNS_12GraphBuilderERKNS_4NodeESt4spanIKNS_7ValueIdELm18446744073709551615EEENKUlRKNS_9SoftmaxOpEE_clESC_
FNDA:557,_ZZN10tensorkiln6detail22validate_replayed_nodeERKNS_4NodeES3_St4spanIKSt8optionalINS_7ValueIdEELm18446744073709551615EEENKUlRKNS_10ConstantOpEE_clESC_
FNDA:2146,_ZZN10tensorkiln6detail22validate_replayed_nodeERKNS_4NodeES3_St4spanIKSt8optionalINS_7ValueIdEELm18446744073709551615EEENKUlRKNS_5AddOpEE_clESC_
FNDA:2455,_ZZN10tensorkiln6detail22validate_replayed_nodeERKNS_4NodeES3_St4spanIKSt8optionalINS_7ValueIdEELm18446744073709551615EEENKUlRKNS_6ReluOpEE_clESC_
FNDA:762,_ZZN10tensorkiln6detail22validate_replayed_nodeERKNS_4NodeES3_St4spanIKSt8optionalINS_7ValueIdEELm18446744073709551615EEENKUlRKNS_7InputOpEE_clESC_
FNDA:337,_ZZN10tensorkiln6detail22validate_replayed_nodeERKNS_4NodeES3_St4spanIKSt8optionalINS_7ValueIdEELm18446744073709551615EEENKUlRKNS_8MatMulOpEE_clESC_
FNDA:3,_ZZN10tensorkiln6detail22validate_replayed_nodeERKNS_4NodeES3_St4spanIKSt8optionalINS_7ValueIdEELm18446744073709551615EEENKUlRKNS_9SoftmaxOpEE_clESC_
FNF:24
FNH:21
BRDA:26,0,0,-
BRDA:26,0,2,-
BRDA:26,0,4,-
BRDA:26,0,6,-
BRDA:26,e0,1,-
BRDA:26,e0,3,-
BRDA:26,e0,5,-
BRDA:26,e0,7,-
BRDA:27,0,0,-
BRDA:27,0,2,-
BRDA:27,0,4,-
BRDA:27,e0,1,-
BRDA:27,e0,3,-
BRDA:27,e0,5,-
BRDA:33,0,0,-
BRDA:33,0,2,-
BRDA:33,0,4,-
BRDA:33,e0,1,-
BRDA:33,e0,3,-
BRDA:33,e0,5,-
BRDA:34,0,0,-
BRDA:34,0,2,-
BRDA:34,0,4,-
BRDA:34,e0,1,-
BRDA:34,e0,3,-
BRDA:34,e0,5,-
BRDA:35,0,0,-
BRDA:35,0,2,-
BRDA:35,e0,1,-
BRDA:35,e0,3,-
BRDA:40,0,0,0
BRDA:40,0,1,557
BRDA:43,0,0,1013
BRDA:43,0,1,557
BRDA:44,0,0,0
BRDA:44,0,1,1013
BRDA:55,0,0,9174
BRDA:55,0,1,4960
BRDA:56,0,0,4214
BRDA:56,0,1,4960
BRDA:59,0,0,9174
BRDA:59,0,2,9174
BRDA:59,0,4,9174
BRDA:59,0,6,9174
BRDA:59,e0,1,0
BRDA:59,e0,3,0
BRDA:59,e0,5,0
BRDA:59,e0,7,0
BRDA:60,0,0,9174
BRDA:60,0,2,9174
BRDA:60,e0,1,0
BRDA:60,e0,3,0
BRDA:82,0,0,14151
BRDA:82,e0,1,0
BRDA:86,0,0,14136
BRDA:86,e0,1,0
BRDA:95,0,0,0
BRDA:95,0,1,762
BRDA:98,0,0,762
BRDA:98,0,2,762
BRDA:98,e0,1,0
BRDA:98,e0,3,0
BRDA:101,0,0,0
BRDA:101,0,1,557
BRDA:106,0,0,557
BRDA:106,0,2,557
BRDA:106,e0,1,0
BRDA:106,e0,3,0
BRDA:109,0,0,0
BRDA:109,0,1,2146
BRDA:115,0,0,0
BRDA:115,0,1,337
BRDA:121,0,0,0
BRDA:121,0,1,2455
BRDA:127,0,0,0
BRDA:127,0,1,3
BRDA:134,0,0,6260
BRDA:134,e0,1,0
BRDA:136,0,0,0
BRDA:136,0,1,6260
BRDA:137,0,0,-
BRDA:137,0,2,-
BRDA:137,e0,1,-
BRDA:137,e0,3,-
BRDA:145,0,0,0
BRDA:145,0,1,6260
BRDA:147,0,0,-
BRDA:147,0,2,-
BRDA:147,0,4,-
BRDA:147,0,6,-
BRDA:147,e0,1,-
BRDA:147,e0,3,-
BRDA:147,e0,5,-
BRDA:147,e0,7,-
BRDA:148,0,0,-
BRDA:148,0,2,-
BRDA:148,0,4,-
BRDA:148,e0,1,-
BRDA:148,e0,3,-
BRDA:148,e0,5,-
BRDA:149,0,0,-
BRDA:149,e0,1,-
BRDA:151,0,0,0
BRDA:151,0,1,6260
BRDA:152,0,0,-
BRDA:152,0,2,-
BRDA:152,0,4,-
BRDA:152,e0,1,-
BRDA:152,e0,3,-
BRDA:152,e0,5,-
BRDA:155,0,0,7424
BRDA:155,0,1,6260
BRDA:159,0,0,7424
BRDA:159,0,1,0
BRDA:159,0,2,7424
BRDA:159,0,3,0
BRDA:160,0,0,0
BRDA:160,0,1,7424
BRDA:160,0,2,0
BRDA:160,0,3,7424
BRDA:161,0,0,-
BRDA:161,0,2,-
BRDA:161,0,4,-
BRDA:161,e0,1,-
BRDA:161,e0,3,-
BRDA:161,e0,5,-
BRDA:165,0,0,0
BRDA:165,0,1,6260
BRDA:166,0,0,-
BRDA:166,0,2,-
BRDA:166,0,4,-
BRDA:166,e0,1,-
BRDA:166,e0,3,-
BRDA:166,e0,5,-
BRDA:171,0,0,6260
BRDA:171,e0,1,0
BRDA:181,0,0,557
BRDA:181,0,1,0
BRDA:181,0,2,557
BRDA:181,0,3,0
BRDA:181,0,4,557
BRDA:181,0,5,0
BRDA:194,0,0,0
BRDA:194,0,1,6260
BRDA:195,0,0,-
BRDA:195,0,2,-
BRDA:195,0,4,-
BRDA:195,e0,1,-
BRDA:195,e0,3,-
BRDA:195,e0,5,-
BRDA:203,0,0,4960
BRDA:203,0,2,4960
BRDA:203,0,4,4960
BRDA:203,0,6,4960
BRDA:203,e0,1,0
BRDA:203,e0,3,0
BRDA:203,e0,5,0
BRDA:203,e0,7,0
BRDA:204,0,0,4960
BRDA:204,0,2,4960
BRDA:204,0,4,4960
BRDA:204,e0,1,0
BRDA:204,e0,3,0
BRDA:204,e0,5,0
BRDA:211,0,0,2
BRDA:211,0,1,7
BRDA:213,0,0,2
BRDA:213,e0,1,0
BRDA:214,0,0,2
BRDA:214,0,2,2
BRDA:214,e0,1,0
BRDA:214,e0,3,0
BRDA:215,0,0,2
BRDA:215,0,2,2
BRDA:215,0,4,2
BRDA:215,e0,1,0
BRDA:215,e0,3,0
BRDA:215,e0,5,0
BRDA:218,0,0,33
BRDA:218,0,1,5
BRDA:222,0,0,31
BRDA:222,0,1,2
BRDA:222,0,2,31
BRDA:222,0,3,0
BRDA:222,0,4,0
BRDA:222,0,5,31
BRDA:224,0,0,2
BRDA:224,e0,1,0
BRDA:225,0,0,2
BRDA:225,0,2,2
BRDA:225,0,4,2
BRDA:225,e0,1,0
BRDA:225,e0,3,0
BRDA:225,e0,5,0
BRDA:226,0,0,2
BRDA:226,e0,1,0
BRF:196
BRH:68
DA:23,0
DA:26,0
DA:27,0
DA:30,0
DA:32,0
DA:33,0
DA:34,0
DA:35,0
DA:38,557
DA:40,557
DA:41,0
DA:43,1570
DA:44,2026
DA:45,1013
DA:46,0
DA:49,557
DA:52,4960
DA:54,4960
DA:55,14134
DA:56,9174
DA:57,4214
DA:59,18348
DA:60,27522
DA:62,4960
DA:63,4960
DA:67,0
DA:68,0
DA:70,0
DA:71,0
DA:74,4
DA:75,4
DA:77,4
DA:78,4
DA:81,14151
DA:82,14151
DA:85,14136
DA:86,14136
DA:89,6260
DA:93,0
DA:94,762
DA:95,762
DA:96,0
DA:98,762
DA:100,557
DA:101,557
DA:102,0
DA:105,557
DA:106,1114
DA:108,2146
DA:109,2146
DA:110,0
DA:112,2146
DA:114,337
DA:115,337
DA:116,0
DA:118,337
DA:120,2455
DA:121,2455
DA:122,0
DA:124,2455
DA:126,3
DA:127,3
DA:128,0
DA:131,3
DA:134,6260
DA:136,6260
DA:137,0
DA:139,6260
DA:140,6260
DA:142,6260
DA:145,6260
DA:146,0
DA:147,0
DA:148,0
DA:149,0
DA:151,6260
DA:152,0
DA:153,0
DA:155,13684
DA:157,7424
DA:158,7424
DA:159,14848
DA:160,14848
DA:161,0
DA:162,0
DA:165,6260
DA:166,0
DA:167,0
DA:170,12520
DA:171,6260
DA:172,762
DA:173,762
DA:174,762
DA:176,557
DA:178,557
DA:179,557
DA:180,557
DA:181,1114
DA:182,557
DA:183,1114
DA:185,2146
DA:186,337
DA:187,2455
DA:188,3
DA:189,3
DA:190,6
DA:193,6260
DA:194,6260
DA:195,0
DA:196,0
DA:198,6260
DA:201,4960
DA:203,9920
DA:204,14880
DA:205,4960
DA:206,4960
DA:207,4960
DA:209,9
DA:211,9
DA:212,4
DA:213,4
DA:214,8
DA:215,8
DA:216,2
DA:218,38
DA:219,33
DA:221,33
DA:222,33
DA:223,4
DA:224,4
DA:225,8
DA:226,6
DA:229,5
LF:133
LH:99
end_of_record
TN:
SF:src/dead_code_elimination.cpp
FN:16,21,_ZN10tensorkiln25DeadCodeEliminationResultC2ENS_13VerifiedGraphENS_15GraphProvenanceENS_24DeadCodeEliminationStatsE
FN:23,39,_ZNK10tensorkiln25DeadCodeEliminationResult4dumpB5cxx11Ev
FN:41,228,_ZN10tensorkiln19DeadCodeElimination3runERKNS_13VerifiedGraphE
FN:230,253,_ZN10tensorkiln19DeadCodeElimination3runERKNS_13VerifiedGraphERKNS_15GraphProvenanceE
FNDA:109,_ZN10tensorkiln19DeadCodeElimination3runERKNS_13VerifiedGraphE
FNDA:3,_ZN10tensorkiln19DeadCodeElimination3runERKNS_13VerifiedGraphERKNS_15GraphProvenanceE
FNDA:110,_ZN10tensorkiln25DeadCodeEliminationResultC2ENS_13VerifiedGraphENS_15GraphProvenanceENS_24DeadCodeEliminationStatsE
FNDA:98,_ZNK10tensorkiln25DeadCodeEliminationResult4dumpB5cxx11Ev
FNF:4
FNH:4
BRDA:24,0,0,98
BRDA:24,e0,1,0
BRDA:25,0,0,98
BRDA:25,0,2,98
BRDA:25,e0,1,0
BRDA:25,e0,3,0
BRDA:26,0,0,98
BRDA:26,0,2,98
BRDA:26,e0,1,0
BRDA:26,e0,3,0
BRDA:27,0,0,98
BRDA:27,0,2,98
BRDA:27,0,4,98
BRDA:27,e0,1,0
BRDA:27,e0,3,0
BRDA:27,e0,5,0
BRDA:28,0,0,98
BRDA:28,e0,1,0
BRDA:29,0,0,98
BRDA:29,0,2,98
BRDA:29,e0,1,0
BRDA:29,e0,3,0
BRDA:30,0,0,98
BRDA:30,e0,1,0
BRDA:31,0,0,98
BRDA:31,0,2,98
BRDA:31,e0,1,0
BRDA:31,e0,3,0
BRDA:32,0,0,98
BRDA:32,e0,1,0
BRDA:33,0,0,98
BRDA:33,0,2,98
BRDA:33,0,4,98
BRDA:33,e0,1,0
BRDA:33,e0,3,0
BRDA:33,e0,5,0
BRDA:34,0,0,557
BRDA:34,0,1,98
BRDA:35,0,0,557
BRDA:35,e0,1,0
BRDA:37,0,0,98
BRDA:37,e0,1,0
BRDA:44,0,0,109
BRDA:44,e0,1,0
BRDA:47,0,0,2596
BRDA:47,0,1,109
BRDA:49,0,0,2596
BRDA:49,0,1,0
BRDA:50,0,0,0
BRDA:50,0,1,2596
BRDA:50,0,2,0
BRDA:50,0,3,2596
BRDA:52,0,0,-
BRDA:52,e0,1,-
BRDA:53,0,0,-
BRDA:53,e0,1,-
BRDA:54,0,0,-
BRDA:54,0,2,-
BRDA:54,e0,1,-
BRDA:54,e0,3,-
BRDA:56,0,0,212
BRDA:56,0,1,2384
BRDA:59,0,0,51
BRDA:59,0,1,2545
BRDA:66,0,0,220
BRDA:66,0,1,109
BRDA:67,0,0,0
BRDA:67,0,1,220
BRDA:69,0,0,-
BRDA:69,e0,1,-
BRDA:70,0,0,-
BRDA:70,0,2,-
BRDA:70,e0,1,-
BRDA:70,e0,3,-
BRDA:71,0,0,-
BRDA:71,e0,1,-
BRDA:76,0,0,2596
BRDA:76,0,1,109
BRDA:78,0,0,1981
BRDA:78,0,1,615
BRDA:81,0,0,699
BRDA:81,0,1,615
BRDA:82,0,0,699
BRDA:82,0,1,0
BRDA:82,0,2,0
BRDA:82,0,3,699
BRDA:83,0,0,0
BRDA:83,0,1,699
BRDA:85,0,0,-
BRDA:85,e0,1,-
BRDA:86,0,0,-
BRDA:86,0,2,-
BRDA:86,e0,1,-
BRDA:86,e0,3,-
BRDA:87,0,0,-
BRDA:87,e0,1,-
BRDA:88,0,0,-
BRDA:88,0,2,-
BRDA:88,e0,1,-
BRDA:88,e0,3,-
BRDA:94,0,0,109
BRDA:94,e0,1,0
BRDA:95,0,0,109
BRDA:95,e0,1,0
BRDA:97,0,0,109
BRDA:97,e0,1,0
BRDA:100,0,0,2596
BRDA:100,0,1,109
BRDA:101,0,0,1981
BRDA:101,0,1,615
BRDA:106,0,0,615
BRDA:106,e0,1,0
BRDA:107,0,0,699
BRDA:107,0,1,615
BRDA:110,0,0,699
BRDA:110,0,1,0
BRDA:110,0,2,0
BRDA:110,0,3,699
BRDA:111,0,0,0
BRDA:111,0,1,699
BRDA:113,0,0,-
BRDA:113,e0,1,-
BRDA:114,0,0,-
BRDA:114,e0,1,-
BRDA:115,0,0,-
BRDA:115,0,2,-
BRDA:115,e0,1,-
BRDA:115,e0,3,-
BRDA:117,0,0,699
BRDA:117,e0,1,0
BRDA:120,0,0,615
BRDA:120,e0,1,0
BRDA:121,0,0,0
BRDA:121,0,1,615
BRDA:122,0,0,-
BRDA:122,0,2,-
BRDA:122,e0,1,-
BRDA:122,e0,3,-
BRDA:125,0,0,615
BRDA:125,e0,1,0
BRDA:126,0,0,38
BRDA:126,0,1,577
BRDA:131,0,0,615
BRDA:131,0,1,0
BRDA:131,0,2,615
BRDA:131,0,3,0
BRDA:133,0,0,220
BRDA:133,0,1,109
BRDA:136,0,0,220
BRDA:136,0,1,0
BRDA:136,0,2,0
BRDA:136,0,3,220
BRDA:137,0,0,0
BRDA:137,0,1,220
BRDA:139,0,0,-
BRDA:139,e0,1,-
BRDA:140,0,0,-
BRDA:140,0,2,-
BRDA:140,e0,1,-
BRDA:140,e0,3,-
BRDA:143,0,0,220
BRDA:143,0,2,220
BRDA:143,e0,1,0
BRDA:143,e0,3,0
BRDA:144,0,0,0
BRDA:144,0,1,220
BRDA:146,0,0,-
BRDA:146,e0,1,-
BRDA:147,0,0,-
BRDA:147,0,2,-
BRDA:147,0,4,-
BRDA:147,e0,1,-
BRDA:147,e0,3,-
BRDA:147,e0,5,-
BRDA:148,0,0,-
BRDA:148,0,2,-
BRDA:148,e0,1,-
BRDA:148,e0,3,-
BRDA:149,0,0,-
BRDA:149,0,2,-
BRDA:149,e0,1,-
BRDA:149,e0,3,-
BRDA:151,0,0,220
BRDA:151,0,1,0
BRDA:153,0,0,109
BRDA:153,e0,1,0
BRDA:154,0,0,0
BRDA:154,0,1,109
BRDA:156,0,0,-
BRDA:156,e0,1,-
BRDA:157,0,0,-
BRDA:157,e0,1,-
BRDA:158,0,0,-
BRDA:158,0,2,-
BRDA:158,0,4,-
BRDA:158,e0,1,-
BRDA:158,e0,3,-
BRDA:158,e0,5,-
BRDA:159,0,0,-
BRDA:159,e0,1,-
BRDA:163,0,0,109
BRDA:163,0,1,0
BRDA:164,0,0,109
BRDA:164,0,1,0
BRDA:164,0,2,0
BRDA:164,0,3,109
BRDA:165,0,0,0
BRDA:165,0,1,109
BRDA:167,0,0,-
BRDA:167,0,2,-
BRDA:167,e0,1,-
BRDA:167,e0,3,-
BRDA:169,0,0,-
BRDA:169,e0,1,-
BRDA:173,0,0,109
BRDA:173,e0,1,0
BRDA:174,0,0,615
BRDA:174,0,1,109
BRDA:179,0,0,0
BRDA:179,0,1,615
BRDA:181,0,0,615
BRDA:181,e0,1,0
BRDA:182,0,0,-
BRDA:182,0,2,-
BRDA:182,e0,1,-
BRDA:182,e0,3,-
BRDA:183,0,0,615
BRDA:183,0,1,0
BRDA:184,0,0,615
BRDA:184,e0,1,0
BRDA:185,0,0,615
BRDA:185,e0,1,0
BRDA:188,0,0,220
BRDA:188,0,1,109
BRDA:194,0,0,220
BRDA:194,0,1,0
BRDA:195,0,0,220
BRDA:195,0,1,0
BRDA:195,0,2,220
BRDA:195,0,3,0
BRDA:196,0,0,0
BRDA:196,0,1,220
BRDA:196,0,2,0
BRDA:196,0,3,220
BRDA:198,0,0,-
BRDA:198,e0,1,-
BRDA:199,0,0,-
BRDA:199,e0,1,-
BRDA:200,0,0,-
BRDA:200,0,2,-
BRDA:200,e0,1,-
BRDA:200,e0,3,-
BRDA:217,0,0,109
BRDA:217,e0,1,0
BRDA:218,0,0,0
BRDA:218,0,1,109
BRDA:220,0,0,-
BRDA:220,e0,1,-
BRDA:221,0,0,-
BRDA:221,e0,1,-
BRDA:222,0,0,-
BRDA:222,0,2,-
BRDA:222,0,4,-
BRDA:222,e0,1,-
BRDA:222,e0,3,-
BRDA:222,e0,5,-
BRDA:223,0,0,-
BRDA:223,e0,1,-
BRDA:227,0,0,109
BRDA:227,e0,1,0
BRDA:233,0,0,2
BRDA:233,0,1,1
BRDA:235,0,0,3
BRDA:235,e0,1,0
BRDA:236,0,0,2
BRDA:236,0,2,2
BRDA:236,e0,1,0
BRDA:236,e0,3,0
BRDA:237,0,0,1
BRDA:237,0,1,2
BRDA:239,0,0,1
BRDA:239,e0,1,0
BRDA:240,0,0,0
BRDA:240,0,1,1
BRDA:241,0,0,-
BRDA:241,0,2,-
BRDA:241,e0,1,-
BRDA:241,e0,3,-
BRDA:244,0,0,1
BRDA:244,e0,1,0
BRDA:245,0,0,0
BRDA:245,0,1,1
BRDA:246,0,0,-
BRDA:246,0,2,-
BRDA:246,e0,1,-
BRDA:246,e0,3,-
BRDA:252,0,0,1
BRDA:252,e0,1,0
BRF:298
BRH:110
DA:16,110
DA:18,110
DA:19,110
DA:20,110
DA:21,110
DA:23,98
DA:24,98
DA:25,196
DA:26,392
DA:27,294
DA:28,196
DA:29,392
DA:30,196
DA:31,392
DA:32,196
DA:33,294
DA:34,655
DA:35,557
DA:37,98
DA:38,98
DA:39,0
DA:41,109
DA:43,109
DA:44,109
DA:46,109
DA:47,2705
DA:48,2596
DA:49,5192
DA:50,5192
DA:52,0
DA:53,0
DA:54,0
DA:56,2596
DA:57,212
DA:59,2596
DA:60,2596
DA:61,51
DA:62,51
DA:66,329
DA:67,220
DA:69,0
DA:70,0
DA:71,0
DA:73,220
DA:76,2705
DA:77,2596
DA:78,2596
DA:79,1981
DA:81,1314
DA:82,1398
DA:83,699
DA:85,0
DA:86,0
DA:87,0
DA:88,0
DA:90,699
DA:94,109
DA:95,109
DA:96,109
DA:97,109
DA:98,109
DA:100,2705
DA:101,2596
DA:102,1981
DA:104,615
DA:105,615
DA:106,615
DA:107,1314
DA:109,699
DA:110,1398
DA:111,699
DA:113,0
DA:114,0
DA:115,0
DA:117,699
DA:120,615
DA:121,615
DA:122,0
DA:124,615
DA:125,615
DA:126,615
DA:127,615
DA:128,38
DA:129,38
DA:131,615
DA:133,329
DA:135,220
DA:136,440
DA:137,220
DA:139,0
DA:140,0
DA:143,220
DA:144,220
DA:146,0
DA:147,0
DA:148,0
DA:149,0
DA:151,220
DA:153,109
DA:154,109
DA:156,0
DA:157,0
DA:158,0
DA:159,0
DA:161,109
DA:163,218
DA:164,218
DA:165,218
DA:167,0
DA:169,0
DA:172,109
DA:173,109
DA:174,724
DA:176,615
DA:178,615
DA:179,615
DA:181,615
DA:182,0
DA:183,615
DA:184,615
DA:185,2460
DA:188,329
DA:189,220
DA:190,220
DA:192,220
DA:193,220
DA:194,220
DA:195,660
DA:196,440
DA:198,0
DA:199,0
DA:200,0
DA:205,109
DA:207,109
DA:211,109
DA:214,109
DA:215,109
DA:217,109
DA:218,109
DA:220,0
DA:221,0
DA:222,0
DA:223,0
DA:226,327
DA:227,327
DA:228,109
DA:230,3
DA:233,3
DA:235,3
DA:236,2
DA:237,3
DA:239,1
DA:240,1
DA:241,0
DA:243,1
DA:244,1
DA:245,1
DA:246,0
DA:250,3
DA:251,1
DA:252,2
DA:253,1
LF:162
LH:125
end_of_record
TN:
SF:src/diagnostic.cpp
FN:5,123,_ZN10tensorkiln15error_code_nameENS_9ErrorCodeE
FNDA:35,_ZN10tensorkiln15error_code_nameENS_9ErrorCodeE
FNF:1
FNH:1
BRDA:6,0,0,1
BRDA:6,0,1,0
BRDA:6,0,2,0
BRDA:6,0,3,0
BRDA:6,0,4,1
BRDA:6,0,5,0
BRDA:6,0,6,0
BRDA:6,0,7,0
BRDA:6,0,8,0
BRDA:6,0,9,0
BRDA:6,0,10,0
BRDA:6,0,11,0
BRDA:6,0,12,0
BRDA:6,0,13,0
BRDA:6,0,14,0
BRDA:6,0,15,0
BRDA:6,0,16,0
BRDA:6,0,17,0
BRDA:6,0,18,0
BRDA:6,0,19,1
BRDA:6,0,20,1
BRDA:6,0,21,0
BRDA:6,0,22,0
BRDA:6,0,23,0
BRDA:6,0,24,0
BRDA:6,0,25,1
BRDA:6,0,26,0
BRDA:6,0,27,0
BRDA:6,0,28,1
BRDA:6,0,29,0
BRDA:6,0,30,1
BRDA:6,0,31,1
BRDA:6,0,32,1
BRDA:6,0,33,1
BRDA:6,0,34,1
BRDA:6,0,35,1
BRDA:6,0,36,1
BRDA:6,0,37,1
BRDA:6,0,38,1
BRDA:6,0,39,1
BRDA:6,0,40,1
BRDA:6,0,41,2
BRDA:6,0,42,1
BRDA:6,0,43,1
BRDA:6,0,44,1
BRDA:6,0,45,1
BRDA:6,0,46,1
BRDA:6,0,47,1
BRDA:6,0,48,1
BRDA:6,0,49,1
BRDA:6,0,50,1
BRDA:6,0,51,1
BRDA:6,0,52,1
BRDA:6,0,53,1
BRDA:6,0,54,1
BRDA:6,0,55,1
BRDA:6,0,56,2
BRDA:6,0,57,0
BRF:58
BRH:33
DA:5,35
DA:6,35
DA:7,1
DA:8,1
DA:9,0
DA:10,0
DA:11,0
DA:12,0
DA:13,0
DA:14,0
DA:15,1
DA:16,1
DA:17,0
DA:18,0
DA:19,0
DA:20,0
DA:21,0
DA:22,0
DA:23,0
DA:24,0
DA:25,0
DA:26,0
DA:27,0
DA:28,0
DA:29,0
DA:30,0
DA:31,0
DA:32,0
DA:33,0
DA:34,0
DA:35,0
DA:36,0
DA:37,0
DA:38,0
DA:39,0
DA:40,0
DA:41,0
DA:42,0
DA:43,0
DA:44,0
DA:45,1
DA:46,1
DA:47,1
DA:48,1
DA:49,0
DA:50,0
DA:51,0
DA:52,0
DA:53,0
DA:54,0
DA:55,0
DA:56,0
DA:57,1
DA:58,1
DA:59,0
DA:60,0
DA:61,0
DA:62,0
DA:63,1
DA:64,1
DA:65,0
DA:66,0
DA:67,1
DA:68,1
DA:69,1
DA:70,1
DA:71,1
DA:72,1
DA:73,1
DA:74,1
DA:75,1
DA:76,1
DA:77,1
DA:78,1
DA:79,1
DA:80,1
DA:81,1
DA:82,1
DA:83,1
DA:84,1
DA:85,1
DA:86,1
DA:87,1
DA:88,1
DA:89,2
DA:90,2
DA:91,1
DA:92,1
DA:93,1
DA:94,1
DA:95,1
DA:96,1
DA:97,1
DA:98,1
DA:99,1
DA:100,1
DA:101,1
DA:102,1
DA:103,1
DA:104,1
DA:105,1
DA:106,1
DA:107,1
DA:108,1
DA:109,1
DA:110,1
DA:111,1
DA:112,1
DA:113,1
DA:114,1
DA:115,1
DA:116,1
DA:117,1
DA:118,1
DA:119,2
DA:120,2
DA:122,0
LF:117
LH:68
end_of_record
TN:
SF:src/execution.cpp
FN:26,37,_ZN10tensorkiln12_GLOBAL__N_127gradual_underflow_is_activeEv
FN:39,44,_ZN10tensorkiln12_GLOBAL__N_128binary64_precision_is_activeEv
FN:46,56,_ZN10tensorkiln12_GLOBAL__N_128binary32_rounding_is_nearestEv
FN:58,68,_ZN10tensorkiln12_GLOBAL__N_116find_input_indexERKNS_13ExecutionPlanESt17basic_string_viewIcSt11char_traitsIcEE
FN:70,75,_ZN10tensorkiln12_GLOBAL__N_115next_generationEm
FN:87,137,_ZN10tensorkiln6detail20ExecutionSessionDataC2ERKNS_13ExecutionPlanENS_23ExecutionSessionOptionsE
FN:139,149,_ZN10tensorkiln6detail20ExecutionSessionData15writable_outputENS_7ValueIdE
FN:151,171,_ZNK10tensorkiln6detail20ExecutionSessionData19write_set_is_intactERKNS_9PlanValueE
FN:173,193,_ZN10tensorkiln6detail20ExecutionSessionData12inject_faultERKNS_9PlanValueE
FN:211,228,_ZN10tensorkiln25execution_run_status_nameENS_18ExecutionRunStatusE
FN:230,235,_ZNK10tensorkiln19ExecutionResultView7currentEv
FN:237,245,_ZNK10tensorkiln19ExecutionResultView6outputESt17basic_string_viewIcSt11char_traitsIcEE
FN:247,252,_ZN10tensorkiln16ExecutionSession6createERKNS_13ExecutionPlanENS_23ExecutionSessionOptionsE
FN:254,260,_ZN10tensorkiln16ExecutionSessionC2ESt10unique_ptrINS_6detail20ExecutionSessionDataESt14default_deleteIS3_EE
FN:262,270,_ZN10tensorkiln16ExecutionSessionC2EOS0_
FN:272,272,_ZN10tensorkiln16ExecutionSessionD2Ev
FN:274,278,_ZNK10tensorkiln16ExecutionSession4planEv
FN:280,283,_ZNK10tensorkiln16ExecutionSession15workspace_bytesEv
FN:285,288,_ZNK10tensorkiln16ExecutionSession20audits_kernel_writesEv
FN:290,413,_ZN10tensorkiln16ExecutionSession4bindESt4spanIKNS_21ExecutionInputBindingELm18446744073709551615EE
FN:415,458,_ZN10tensorkiln16ExecutionSession3runEv
FN:460,465,_ZNK10tensorkiln16ExecutionSession6resultEv
FN:467,471,_ZNK10tensorkiln16ExecutionSession17result_is_currentEm
FN:473,500,_ZNK10tensorkiln16ExecutionSession6outputESt17basic_string_viewIcSt11char_traitsIcEEm
FN:504,510,_ZN10tensorkiln6detail28set_execution_fault_for_testERNS_16ExecutionSessionENS0_18ExecutionFaultKindE
FNDA:1398,_ZN10tensorkiln12_GLOBAL__N_115next_generationEm
FNDA:2182,_ZN10tensorkiln12_GLOBAL__N_116find_input_indexERKNS_13ExecutionPlanESt17basic_string_viewIcSt11char_traitsIcEE
FNDA:693,_ZN10tensorkiln12_GLOBAL__N_127gradual_underflow_is_activeEv
FNDA:694,_ZN10tensorkiln12_GLOBAL__N_128binary32_rounding_is_nearestEv
FNDA:693,_ZN10tensorkiln12_GLOBAL__N_128binary64_precision_is_activeEv
FNDA:698,_ZN10tensorkiln16ExecutionSession3runEv
FNDA:699,_ZN10tensorkiln16ExecutionSession4bindESt4spanIKNS_21ExecutionInputBindingELm18446744073709551615EE
FNDA:243,_ZN10tensorkiln16ExecutionSession6createERKNS_13ExecutionPlanENS_23ExecutionSessionOptionsE
FNDA:1,_ZN10tensorkiln16ExecutionSessionC2EOS0_
FNDA:243,_ZN10tensorkiln16ExecutionSessionC2ESt10unique_ptrINS_6detail20ExecutionSessionDataESt14default_deleteIS3_EE
FNDA:244,_ZN10tensorkiln16ExecutionSessionD2Ev
FNDA:1,_ZN10tensorkiln25execution_run_status_nameENS_18ExecutionRunStatusE
FNDA:2049,_ZN10tensorkiln6detail20ExecutionSessionData12inject_faultERKNS_9PlanValueE
FNDA:2049,_ZN10tensorkiln6detail20ExecutionSessionData15writable_outputENS_7ValueIdE
FNDA:243,_ZN10tensorkiln6detail20ExecutionSessionDataC2ERKNS_13ExecutionPlanENS_23ExecutionSessionOptionsE
FNDA:2,_ZN10tensorkiln6detail28set_execution_fault_for_testERNS_16ExecutionSessionENS0_18ExecutionFaultKindE
FNDA:1,_ZNK10tensorkiln16ExecutionSession15workspace_bytesEv
FNDA:2236,_ZNK10tensorkiln16ExecutionSession17result_is_currentEm
FNDA:228,_ZNK10tensorkiln16ExecutionSession20audits_kernel_writesEv
FNDA:0,_ZNK10tensorkiln16ExecutionSession4planEv
FNDA:2230,_ZNK10tensorkiln16ExecutionSession6outputESt17basic_string_viewIcSt11char_traitsIcEEm
FNDA:694,_ZNK10tensorkiln16ExecutionSession6resultEv
FNDA:2231,_ZNK10tensorkiln19ExecutionResultView6outputESt17basic_string_viewIcSt11char_traitsIcEE
FNDA:7,_ZNK10tensorkiln19ExecutionResultView7currentEv
FNDA:2049,_ZNK10tensorkiln6detail20ExecutionSessionData19write_set_is_intactERKNS_9PlanValueE
FNF:25
FNH:24
BRDA:35,0,0,693
BRDA:35,0,1,0
BRDA:35,0,2,693
BRDA:35,0,3,0
BRDA:53,0,0,693
BRDA:53,0,1,1
BRDA:53,0,2,693
BRDA:53,0,3,0
BRDA:53,0,4,693
BRDA:53,0,5,0
BRDA:61,0,0,2968
BRDA:61,0,1,1
BRDA:63,0,0,2967
BRDA:63,0,1,1
BRDA:63,0,2,2181
BRDA:63,0,3,786
BRDA:63,0,4,2181
BRDA:63,0,5,787
BRDA:73,0,0,1398
BRDA:73,0,1,0
BRDA:91,0,0,243
BRDA:91,e0,1,0
BRDA:92,0,0,243
BRDA:92,e0,1,0
BRDA:93,0,0,243
BRDA:93,e0,1,0
BRDA:95,0,0,230
BRDA:95,0,1,13
BRDA:95,0,2,243
BRDA:95,e0,3,0
BRDA:98,0,0,0
BRDA:98,0,1,243
BRDA:101,0,0,1153
BRDA:101,0,1,243
BRDA:104,0,0,0
BRDA:104,0,1,1153
BRDA:105,0,0,0
BRDA:105,0,1,1153
BRDA:109,0,0,377
BRDA:109,0,1,75
BRDA:109,0,2,701
BRDA:109,0,3,0
BRDA:116,0,0,0
BRDA:116,0,1,75
BRDA:117,0,0,0
BRDA:117,0,1,75
BRDA:125,0,0,0
BRDA:125,0,1,701
BRDA:126,0,0,0
BRDA:126,0,1,701
BRDA:127,0,0,0
BRDA:127,0,1,701
BRDA:129,0,0,0
BRDA:129,0,1,701
BRDA:136,0,0,0
BRDA:136,0,1,243
BRDA:141,0,0,0
BRDA:141,0,1,2049
BRDA:143,0,0,0
BRDA:143,0,1,2049
BRDA:144,0,0,0
BRDA:144,0,1,2049
BRDA:146,0,0,0
BRDA:146,0,1,2049
BRDA:153,0,0,24
BRDA:153,0,1,2025
BRDA:157,0,0,0
BRDA:157,0,1,2025
BRDA:161,0,0,0
BRDA:161,0,1,2025
BRDA:162,0,0,0
BRDA:162,0,1,2025
BRDA:164,0,0,378462
BRDA:164,0,1,2023
BRDA:165,0,0,287006
BRDA:165,0,1,91456
BRDA:165,0,2,234806
BRDA:165,0,3,52200
BRDA:165,0,4,2
BRDA:165,0,5,378460
BRDA:166,0,0,2
BRDA:166,0,1,326260
BRDA:174,0,0,2047
BRDA:174,0,1,2
BRDA:178,0,0,0
BRDA:178,0,1,2
BRDA:179,0,0,0
BRDA:179,0,1,2
BRDA:186,0,0,2
BRDA:186,0,1,0
BRDA:188,0,0,-
BRDA:188,0,1,-
BRDA:213,0,0,0
BRDA:213,0,1,0
BRDA:213,0,2,1
BRDA:213,0,3,0
BRDA:213,0,4,0
BRDA:213,0,5,0
BRDA:213,0,6,0
BRDA:233,0,0,6
BRDA:233,0,1,1
BRDA:233,0,2,6
BRDA:233,0,3,0
BRDA:233,0,4,4
BRDA:233,0,5,2
BRDA:241,0,0,2230
BRDA:241,0,1,1
BRDA:241,0,2,0
BRDA:241,0,3,2230
BRDA:241,0,4,1
BRDA:241,0,5,2230
BRDA:251,0,0,243
BRDA:251,e0,1,0
BRDA:257,0,0,0
BRDA:257,0,1,243
BRDA:258,0,0,0
BRDA:258,0,1,243
BRDA:264,0,0,1
BRDA:264,0,1,0
BRDA:267,0,0,0
BRDA:267,0,1,1
BRDA:275,0,0,-
BRDA:275,0,1,-
BRDA:276,0,0,-
BRDA:276,0,1,-
BRDA:281,0,0,0
BRDA:281,0,1,1
BRDA:286,0,0,0
BRDA:286,0,1,228
BRDA:292,0,0,0
BRDA:292,0,1,699
BRDA:296,0,0,699
BRDA:296,e0,1,0
BRDA:299,0,0,1
BRDA:299,0,1,698
BRDA:300,0,0,1
BRDA:300,e0,1,0
BRDA:302,0,0,1
BRDA:302,0,2,1
BRDA:302,0,4,1
BRDA:302,e0,1,0
BRDA:302,e0,3,0
BRDA:302,e0,5,0
BRDA:305,0,0,1
BRDA:305,e0,1,0
BRDA:308,0,0,1092
BRDA:308,0,1,697
BRDA:309,0,0,1
BRDA:309,0,1,1091
BRDA:310,0,0,1
BRDA:310,e0,1,0
BRDA:312,0,0,1
BRDA:312,0,2,1
BRDA:312,e0,1,0
BRDA:312,e0,3,0
BRDA:314,0,0,1
BRDA:314,e0,1,0
BRDA:318,0,0,1090
BRDA:318,0,1,696
BRDA:321,0,0,0
BRDA:321,0,1,1090
BRDA:322,0,0,1
BRDA:322,0,1,1089
BRDA:323,0,0,1
BRDA:323,e0,1,0
BRDA:326,0,0,1
BRDA:326,e0,1,0
BRDA:327,0,0,1
BRDA:327,e0,1,0
BRDA:333,0,0,3351
BRDA:333,0,1,695
BRDA:335,0,0,1089
BRDA:335,0,1,2262
BRDA:335,0,2,1
BRDA:335,0,3,1088
BRDA:335,0,4,1
BRDA:335,0,5,3350
BRDA:338,0,0,1
BRDA:338,e0,1,0
BRDA:339,0,0,1
BRDA:339,e0,1,0
BRDA:343,0,0,3347
BRDA:343,0,1,694
BRDA:345,0,0,2261
BRDA:345,0,1,1086
BRDA:348,0,0,0
BRDA:348,0,1,1086
BRDA:353,0,0,1
BRDA:353,0,1,1085
BRDA:354,0,0,1
BRDA:354,e0,1,0
BRDA:356,0,0,1
BRDA:356,0,2,1
BRDA:356,0,4,1
BRDA:356,e0,1,0
BRDA:356,e0,3,0
BRDA:356,e0,5,0
BRDA:357,0,0,1
BRDA:357,0,2,1
BRDA:357,e0,1,0
BRDA:357,e0,3,0
BRDA:358,0,0,1
BRDA:358,e0,1,0
BRDA:359,0,0,1
BRDA:359,e0,1,0
BRDA:364,0,0,693
BRDA:364,0,1,1
BRDA:368,0,0,0
BRDA:368,0,1,693
BRDA:369,0,0,-
BRDA:369,e0,1,-
BRDA:372,0,0,-
BRDA:372,e0,1,-
BRDA:375,0,0,3338
BRDA:375,0,1,691
BRDA:376,0,0,2256
BRDA:376,0,1,1082
BRDA:379,0,0,0
BRDA:379,0,1,1082
BRDA:386,0,0,0
BRDA:386,0,1,1082
BRDA:387,0,0,-
BRDA:387,e0,1,-
BRDA:389,0,0,-
BRDA:389,0,2,-
BRDA:389,e0,1,-
BRDA:389,e0,3,-
BRDA:391,0,0,-
BRDA:391,e0,1,-
BRDA:394,0,0,373
BRDA:394,0,1,709
BRDA:394,0,2,2
BRDA:394,0,3,371
BRDA:395,0,0,2
BRDA:395,e0,1,0
BRDA:397,0,0,2
BRDA:397,0,2,2
BRDA:397,e0,1,0
BRDA:397,e0,3,0
BRDA:399,0,0,2
BRDA:399,e0,1,0
BRDA:404,0,0,3338
BRDA:404,0,1,692
BRDA:405,0,0,1081
BRDA:405,0,1,2257
BRDA:406,0,0,0
BRDA:406,0,1,1081
BRDA:412,0,0,692
BRDA:412,e0,1,0
BRDA:416,0,0,0
BRDA:416,0,1,698
BRDA:419,0,0,3
BRDA:419,0,1,695
BRDA:422,0,0,0
BRDA:422,0,1,695
BRDA:425,0,0,694
BRDA:425,0,1,1
BRDA:425,0,2,2
BRDA:425,0,3,693
BRDA:426,0,0,1
BRDA:426,0,1,693
BRDA:429,0,0,0
BRDA:429,0,1,693
BRDA:432,0,0,0
BRDA:432,0,1,693
BRDA:436,0,0,2049
BRDA:436,0,1,691
BRDA:437,0,0,2025
BRDA:437,0,1,24
BRDA:439,0,0,0
BRDA:439,0,1,2025
BRDA:447,0,0,0
BRDA:447,0,1,2049
BRDA:449,0,0,2
BRDA:449,0,1,2047
BRDA:452,0,0,0
BRDA:452,0,1,2047
BRDA:461,0,0,694
BRDA:461,0,1,0
BRDA:461,0,2,4
BRDA:461,0,3,690
BRDA:461,0,4,4
BRDA:461,0,5,690
BRDA:469,0,0,2236
BRDA:469,0,1,0
BRDA:469,0,2,2233
BRDA:469,0,3,3
BRDA:470,0,0,2233
BRDA:470,0,1,0
BRDA:476,0,0,1
BRDA:476,0,1,2229
BRDA:479,0,0,0
BRDA:479,0,1,2229
BRDA:480,0,0,4539
BRDA:480,0,1,0
BRDA:481,0,0,2310
BRDA:481,0,1,2229
BRDA:486,0,0,0
BRDA:486,0,1,2229
BRDA:491,0,0,0
BRDA:491,0,1,2229
BRDA:493,0,0,0
BRDA:493,0,1,2229
BRDA:506,0,0,0
BRDA:506,0,1,2
BRDA:507,0,0,2
BRDA:507,0,1,0
BRDA:507,0,2,0
BRDA:507,0,3,2
BRF:309
BRH:193
DA:26,693
DA:27,693
DA:29,693
DA:30,693
DA:31,693
DA:33,693
DA:34,693
DA:35,1386
DA:36,1386
DA:39,693
DA:40,693
DA:41,693
DA:42,693
DA:43,693
DA:46,694
DA:47,694
DA:48,694
DA:49,694
DA:50,694
DA:51,694
DA:52,694
DA:53,1387
DA:54,693
DA:55,1387
DA:58,2182
DA:60,2182
DA:61,2969
DA:62,2968
DA:63,2968
DA:64,2181
DA:67,1
DA:70,1398
DA:72,1398
DA:73,1398
DA:74,1398
DA:87,243
DA:89,243
DA:90,243
DA:91,486
DA:92,486
DA:93,243
DA:94,243
DA:95,716
DA:96,473
DA:97,243
DA:98,243
DA:100,243
DA:101,1396
DA:103,1153
DA:104,1153
DA:105,1153
DA:107,1153
DA:109,1153
DA:110,377
DA:111,377
DA:112,377
DA:113,75
DA:115,75
DA:116,75
DA:117,75
DA:118,75
DA:119,75
DA:121,701
DA:122,701
DA:124,701
DA:125,701
DA:126,701
DA:127,701
DA:128,701
DA:129,701
DA:130,1402
DA:131,701
DA:132,701
DA:136,243
DA:137,243
DA:139,2049
DA:140,2049
DA:141,2049
DA:142,2049
DA:143,2049
DA:144,2049
DA:145,2049
DA:146,2049
DA:148,2049
DA:151,2049
DA:153,2049
DA:154,24
DA:156,2025
DA:157,2025
DA:159,2025
DA:160,2025
DA:161,2025
DA:162,2025
DA:163,2025
DA:164,380485
DA:165,704724
DA:166,326262
DA:167,2
DA:170,2023
DA:173,2049
DA:174,2049
DA:175,2047
DA:177,2
DA:178,2
DA:179,2
DA:180,0
DA:182,2
DA:184,2
DA:185,2
DA:186,2
DA:187,2
DA:188,0
DA:189,0
DA:191,0
DA:211,1
DA:213,1
DA:214,0
DA:215,0
DA:216,0
DA:217,0
DA:218,1
DA:219,1
DA:220,0
DA:221,0
DA:222,0
DA:223,0
DA:224,0
DA:225,0
DA:227,0
DA:230,7
DA:232,7
DA:233,13
DA:234,6
DA:235,7
DA:237,2231
DA:240,2231
DA:241,2231
DA:242,1
DA:244,2230
DA:245,2231
DA:247,243
DA:249,243
DA:251,243
DA:254,243
DA:255,243
DA:256,243
DA:257,243
DA:258,243
DA:259,243
DA:260,243
DA:262,1
DA:263,1
DA:264,1
DA:265,1
DA:266,1
DA:267,1
DA:268,1
DA:270,1
DA:272,244
DA:274,0
DA:275,0
DA:276,0
DA:277,0
DA:280,1
DA:281,1
DA:282,1
DA:285,228
DA:286,228
DA:287,228
DA:290,699
DA:292,699
DA:293,699
DA:294,699
DA:295,699
DA:296,699
DA:297,699
DA:299,699
DA:300,2
DA:302,2
DA:304,2
DA:305,1
DA:308,1789
DA:309,1092
DA:310,2
DA:312,2
DA:314,1
DA:318,1786
DA:320,1090
DA:321,1090
DA:322,1090
DA:323,3
DA:326,3
DA:327,1
DA:329,1089
DA:332,696
DA:333,4046
DA:334,3351
DA:335,3351
DA:336,1
DA:338,1
DA:339,1
DA:343,4041
DA:344,3347
DA:345,3347
DA:346,2261
DA:348,1086
DA:350,1086
DA:352,1086
DA:353,1086
DA:354,2
DA:356,2
DA:357,4
DA:358,2
DA:359,1
DA:363,694
DA:364,694
DA:366,693
DA:367,693
DA:368,693
DA:369,0
DA:372,0
DA:374,693
DA:375,4029
DA:376,3338
DA:377,2256
DA:379,1082
DA:381,1082
DA:383,1082
DA:384,1082
DA:385,1082
DA:386,1082
DA:387,0
DA:389,0
DA:391,0
DA:393,1082
DA:394,1082
DA:395,4
DA:397,4
DA:399,2
DA:404,4030
DA:405,3338
DA:406,1081
DA:407,1081
DA:408,1081
DA:411,692
DA:412,692
DA:415,698
DA:416,698
DA:417,698
DA:418,698
DA:419,698
DA:420,3
DA:422,695
DA:423,0
DA:425,1389
DA:426,694
DA:427,2
DA:429,693
DA:430,0
DA:432,693
DA:433,0
DA:436,2740
DA:437,2049
DA:438,2025
DA:439,2025
DA:440,2025
DA:441,2025
DA:443,2049
DA:444,2049
DA:445,2049
DA:446,2049
DA:447,2049
DA:448,2049
DA:449,2049
DA:450,2
DA:452,2047
DA:453,0
DA:456,691
DA:457,691
DA:460,694
DA:461,694
DA:462,4
DA:464,690
DA:467,2236
DA:469,4469
DA:470,4469
DA:473,2230
DA:476,2230
DA:477,1
DA:479,2229
DA:480,4539
DA:481,4539
DA:482,2310
DA:485,2229
DA:486,2229
DA:487,0
DA:490,2229
DA:491,2229
DA:492,2229
DA:493,2229
DA:494,4458
DA:497,4458
DA:499,0
DA:504,2
DA:506,2
DA:507,2
DA:509,2
DA:510,2
LF:308
LH:278
end_of_record
TN:
SF:src/execution_kernels.cpp
FN:17,24,_ZN10tensorkiln6detail12_GLOBAL__N_117round_to_binary64Ed
FN:26,32,_ZN10tensorkiln6detail12_GLOBAL__N_18value_atESt4spanIKNS_9PlanValueELm18446744073709551615EENS_7ValueIdE
FN:34,41,_ZN10tensorkiln6detail12_GLOBAL__N_17data_atESt4spanIKPKfLm18446744073709551615EENS_7ValueIdE
FN:43,49,_ZN10tensorkiln6detail12_GLOBAL__N_16extentERKNS_9PlanValueEm
FN:51,64,_ZN10tensorkiln6detail12_GLOBAL__N_17unravelEmRKNS_9PlanValueE
FN:66,83,_ZN10tensorkiln6detail12_GLOBAL__N_116broadcast_offsetERKNS_9PlanValueES4_RKSt5arrayImLm4EE
FN:85,105,_ZN10tensorkiln6detail12_GLOBAL__N_119matrix_batch_offsetERKNS_9PlanValueES4_RKSt5arrayImLm4EE
FN:107,126,_ZN10tensorkiln6detail12_GLOBAL__N_122execute_add_contiguousERKNS_13ExecutionStepESt4spanIKNS_9PlanValueELm18446744073709551615EES5_IKPKfLm18446744073709551615EEPf
FN:128,150,_ZN10tensorkiln6detail12_GLOBAL__N_121execute_add_broadcastERKNS_13ExecutionStepESt4spanIKNS_9PlanValueELm18446744073709551615EES5_IKPKfLm18446744073709551615EEPf
FN:152,187,_ZN10tensorkiln6detail12_GLOBAL__N_120execute_matmul_rank2ERKNS_13ExecutionStepESt4spanIKNS_9PlanValueELm18446744073709551615EES5_IKPKfLm18446744073709551615EEPf
FN:189,241,_ZN10tensorkiln6detail12_GLOBAL__N_122execute_matmul_batchedERKNS_13ExecutionStepESt4spanIKNS_9PlanValueELm18446744073709551615EES5_IKPKfLm18446744073709551615EEPf
FN:243,257,_ZN10tensorkiln6detail12_GLOBAL__N_112execute_reluERKNS_13ExecutionStepESt4spanIKNS_9PlanValueELm18446744073709551615EES5_IKPKfLm18446744073709551615EEPf
FN:259,261,_ZN10tensorkiln6detail12_GLOBAL__N_119canonical_quiet_nanEv
FN:263,361,_ZN10tensorkiln6detail12_GLOBAL__N_125execute_softmax_last_axisERKNS_13ExecutionStepESt4spanIKNS_9PlanValueELm18446744073709551615EES5_IKPKfLm18446744073709551615EEPf
FN:365,379,_ZN10tensorkiln6detail28prepare_dense_kernel_runtimeESt4spanIKNS_13ExecutionStepELm18446744073709551615EE
FN:381,406,_ZN10tensorkiln6detail20execute_dense_kernelERKNS_13ExecutionStepESt4spanIKNS_9PlanValueELm18446744073709551615EES4_IKPKfLm18446744073709551615EEPf
FNDA:589,_ZN10tensorkiln6detail12_GLOBAL__N_112execute_reluERKNS_13ExecutionStepESt4spanIKNS_9PlanValueELm18446744073709551615EES5_IKPKfLm18446744073709551615EEPf
FNDA:4794,_ZN10tensorkiln6detail12_GLOBAL__N_116broadcast_offsetERKNS_9PlanValueES4_RKSt5arrayImLm4EE
FNDA:7458,_ZN10tensorkiln6detail12_GLOBAL__N_117round_to_binary64Ed
FNDA:24,_ZN10tensorkiln6detail12_GLOBAL__N_119canonical_quiet_nanEv
FNDA:1902,_ZN10tensorkiln6detail12_GLOBAL__N_119matrix_batch_offsetERKNS_9PlanValueES4_RKSt5arrayImLm4EE
FNDA:103,_ZN10tensorkiln6detail12_GLOBAL__N_120execute_matmul_rank2ERKNS_13ExecutionStepESt4spanIKNS_9PlanValueELm18446744073709551615EES5_IKPKfLm18446744073709551615EEPf
FNDA:390,_ZN10tensorkiln6detail12_GLOBAL__N_121execute_add_broadcastERKNS_13ExecutionStepESt4spanIKNS_9PlanValueELm18446744073709551615EES5_IKPKfLm18446744073709551615EEPf
FNDA:577,_ZN10tensorkiln6detail12_GLOBAL__N_122execute_add_contiguousERKNS_13ExecutionStepESt4spanIKNS_9PlanValueELm18446744073709551615EES5_IKPKfLm18446744073709551615EEPf
FNDA:98,_ZN10tensorkiln6detail12_GLOBAL__N_122execute_matmul_batchedERKNS_13ExecutionStepESt4spanIKNS_9PlanValueELm18446744073709551615EES5_IKPKfLm18446744073709551615EEPf
FNDA:292,_ZN10tensorkiln6detail12_GLOBAL__N_125execute_softmax_last_axisERKNS_13ExecutionStepESt4spanIKNS_9PlanValueELm18446744073709551615EES5_IKPKfLm18446744073709551615EEPf
FNDA:26558,_ZN10tensorkiln6detail12_GLOBAL__N_16extentERKNS_9PlanValueEm
FNDA:3217,_ZN10tensorkiln6detail12_GLOBAL__N_17data_atESt4spanIKPKfLm18446744073709551615EENS_7ValueIdE
FNDA:3348,_ZN10tensorkiln6detail12_GLOBAL__N_17unravelEmRKNS_9PlanValueE
FNDA:4677,_ZN10tensorkiln6detail12_GLOBAL__N_18value_atESt4spanIKNS_9PlanValueELm18446744073709551615EENS_7ValueIdE
FNDA:2049,_ZN10tensorkiln6detail20execute_dense_kernelERKNS_13ExecutionStepESt4spanIKNS_9PlanValueELm18446744073709551615EES4_IKPKfLm18446744073709551615EEPf
FNDA:243,_ZN10tensorkiln6detail28prepare_dense_kernel_runtimeESt4spanIKNS_13ExecutionStepELm18446744073709551615EE
FNF:16
FNH:16
BRDA:29,0,0,0
BRDA:29,0,1,4677
BRDA:30,0,0,0
BRDA:30,0,1,4677
BRDA:38,0,0,0
BRDA:38,0,1,3217
BRDA:39,0,0,0
BRDA:39,0,1,3217
BRDA:45,0,0,0
BRDA:45,0,1,26558
BRDA:47,0,0,0
BRDA:47,0,1,26558
BRDA:53,0,0,0
BRDA:53,0,1,3348
BRDA:57,0,0,10433
BRDA:57,0,1,3348
BRDA:58,0,0,0
BRDA:58,0,1,10433
BRDA:62,0,0,0
BRDA:62,0,1,3348
BRDA:69,0,0,0
BRDA:69,0,1,4794
BRDA:75,0,0,9027
BRDA:75,0,1,4794
BRDA:77,0,0,7605
BRDA:77,0,1,1422
BRDA:78,0,0,0
BRDA:78,0,1,9027
BRDA:81,0,0,0
BRDA:81,0,1,4794
BRDA:88,0,0,0
BRDA:88,0,1,1902
BRDA:89,0,0,0
BRDA:89,0,1,1902
BRDA:92,0,0,0
BRDA:92,0,1,1902
BRDA:98,0,0,3802
BRDA:98,0,1,1902
BRDA:100,0,0,1357
BRDA:100,0,1,2445
BRDA:101,0,0,0
BRDA:101,0,1,3802
BRDA:111,0,0,0
BRDA:111,0,1,577
BRDA:116,0,0,0
BRDA:116,0,1,577
BRDA:117,0,0,0
BRDA:117,0,1,577
BRDA:121,0,0,2140
BRDA:121,0,1,577
BRDA:132,0,0,0
BRDA:132,0,1,390
BRDA:140,0,0,2397
BRDA:140,0,1,390
BRDA:156,0,0,0
BRDA:156,0,1,103
BRDA:161,0,0,0
BRDA:161,0,1,103
BRDA:162,0,0,0
BRDA:162,0,1,103
BRDA:163,0,0,0
BRDA:163,0,1,103
BRDA:170,0,0,0
BRDA:170,0,1,103
BRDA:171,0,0,211
BRDA:171,0,1,103
BRDA:172,0,0,436
BRDA:172,0,1,211
BRDA:174,0,0,1062
BRDA:174,0,1,436
BRDA:193,0,0,0
BRDA:193,0,1,98
BRDA:207,0,0,0
BRDA:207,0,1,98
BRDA:211,0,0,951
BRDA:211,0,1,98
BRDA:222,0,0,1830
BRDA:222,0,1,951
BRDA:229,0,0,0
BRDA:229,0,1,1830
BRDA:230,0,0,0
BRDA:230,0,1,1830
BRDA:247,0,0,0
BRDA:247,0,1,589
BRDA:250,0,0,2635
BRDA:250,0,1,589
BRDA:255,0,0,2
BRDA:255,0,1,2633
BRDA:255,0,2,1246
BRDA:255,0,3,1387
BRDA:267,0,0,0
BRDA:267,0,1,292
BRDA:271,0,0,0
BRDA:271,0,1,292
BRDA:272,0,0,0
BRDA:272,0,1,292
BRDA:274,0,0,0
BRDA:274,0,1,292
BRDA:276,0,0,0
BRDA:276,0,1,292
BRDA:277,0,0,0
BRDA:277,0,1,292
BRDA:282,0,0,0
BRDA:282,0,1,292
BRDA:284,0,0,1167
BRDA:284,0,1,292
BRDA:290,0,0,4602
BRDA:290,0,1,1167
BRDA:295,0,0,3
BRDA:295,0,1,4599
BRDA:297,0,0,33
BRDA:297,0,1,4566
BRDA:297,0,2,9
BRDA:297,0,3,24
BRDA:297,0,4,9
BRDA:297,0,5,4590
BRDA:299,0,0,2241
BRDA:299,0,1,2349
BRDA:304,0,0,3
BRDA:304,0,1,1164
BRDA:305,0,0,12
BRDA:305,0,1,3
BRDA:313,0,0,3
BRDA:313,0,1,1161
BRDA:316,0,0,12
BRDA:316,0,1,3
BRDA:322,0,0,9
BRDA:322,0,1,3
BRDA:322,0,2,6
BRDA:322,0,3,3
[...]
FNDA:2,_ZN10tensorkiln12_GLOBAL__N_118matmul_inner_errorEll
FNDA:801,_ZN10tensorkiln18infer_matmul_shapeERKNS_5ShapeES2_NS_11ShapeLimitsE
FNDA:11539,_ZN10tensorkiln21infer_broadcast_shapeERKNS_5ShapeES2_NS_11ShapeLimitsE
FNF:6
FNH:6
BRDA:19,0,0,448
BRDA:19,0,1,4764
BRDA:29,0,0,7
BRDA:29,e0,1,0
BRDA:31,0,0,7
BRDA:31,0,2,7
BRDA:31,0,4,7
BRDA:31,0,6,7
BRDA:31,0,8,7
BRDA:31,e0,1,0
BRDA:31,e0,3,0
BRDA:31,e0,5,0
BRDA:31,e0,7,0
BRDA:31,e0,9,0
BRDA:32,0,0,7
BRDA:32,0,2,7
BRDA:32,0,4,7
BRDA:32,0,6,7
BRDA:32,e0,1,0
BRDA:32,e0,3,0
BRDA:32,e0,5,0
BRDA:32,e0,7,0
BRDA:33,0,0,7
BRDA:33,0,2,7
BRDA:33,0,4,7
BRDA:33,e0,1,0
BRDA:33,e0,3,0
BRDA:33,e0,5,0
BRDA:34,0,0,7
BRDA:34,0,2,7
BRDA:34,e0,1,0
BRDA:34,e0,3,0
BRDA:35,0,0,7
BRDA:35,e0,1,0
BRDA:41,0,0,3
BRDA:41,e0,1,0
BRDA:43,0,0,3
BRDA:43,0,2,3
BRDA:43,0,4,3
BRDA:43,0,6,3
BRDA:43,0,8,3
BRDA:43,e0,1,0
BRDA:43,e0,3,0
BRDA:43,e0,5,0
BRDA:43,e0,7,0
BRDA:43,e0,9,0
BRDA:50,0,0,2
BRDA:50,e0,1,0
BRDA:52,0,0,2
BRDA:52,e0,1,0
BRDA:53,0,0,2
BRDA:53,0,2,2
BRDA:53,e0,1,0
BRDA:53,e0,3,0
BRDA:54,0,0,2
BRDA:54,e0,1,0
BRDA:65,0,0,2606
BRDA:65,0,1,11535
BRDA:70,0,0,330
BRDA:70,0,1,2276
BRDA:70,0,2,21
BRDA:70,0,3,309
BRDA:72,0,0,305
BRDA:72,0,1,4
BRDA:75,0,0,4
BRDA:75,e0,1,0
BRDA:76,0,0,4
BRDA:76,e0,1,0
BRDA:81,0,0,11535
BRDA:81,e0,1,0
BRDA:86,0,0,799
BRDA:86,0,1,2
BRDA:86,0,2,0
BRDA:86,0,3,799
BRDA:86,0,4,2
BRDA:86,0,5,799
BRDA:87,0,0,2
BRDA:87,0,2,2
BRDA:87,e0,1,0
BRDA:87,e0,3,0
BRDA:89,0,0,798
BRDA:89,0,1,1
BRDA:89,0,2,0
BRDA:89,0,3,798
BRDA:89,0,4,1
BRDA:89,0,5,798
BRDA:90,0,0,1
BRDA:90,0,2,1
BRDA:90,e0,1,0
BRDA:90,e0,3,0
BRDA:97,0,0,2
BRDA:97,0,1,796
BRDA:98,0,0,2
BRDA:98,0,2,2
BRDA:98,e0,1,0
BRDA:98,e0,3,0
BRDA:108,0,0,168
BRDA:108,0,1,793
BRDA:111,0,0,161
BRDA:111,0,1,7
BRDA:115,0,0,164
BRDA:115,0,1,4
BRDA:119,0,0,89
BRDA:119,0,1,79
BRDA:119,0,2,46
BRDA:119,0,3,43
BRDA:121,0,0,40
BRDA:121,0,1,3
BRDA:124,0,0,3
BRDA:124,e0,1,0
BRDA:126,0,0,3
BRDA:126,e0,1,0
BRDA:133,0,0,793
BRDA:133,e0,1,0
BRF:114
BRH:73
DA:17,5212
DA:19,5212
DA:20,448
DA:22,4764
DA:25,7
DA:29,7
DA:31,28
DA:32,28
DA:33,28
DA:34,28
DA:35,14
DA:36,14
DA:39,3
DA:41,3
DA:43,12
DA:45,6
DA:48,2
DA:50,2
DA:52,4
DA:53,8
DA:54,4
DA:55,4
DA:60,11539
DA:62,11539
DA:63,11539
DA:65,14141
DA:66,2606
DA:67,2606
DA:68,2606
DA:70,2606
DA:71,2297
DA:72,309
DA:73,305
DA:75,8
DA:76,4
DA:81,11535
DA:84,801
DA:86,801
DA:87,2
DA:89,799
DA:90,1
DA:93,798
DA:94,798
DA:95,798
DA:96,798
DA:97,798
DA:98,2
DA:101,796
DA:102,796
DA:104,796
DA:105,796
DA:106,796
DA:108,961
DA:110,168
DA:111,168
DA:112,168
DA:114,168
DA:115,168
DA:116,168
DA:117,168
DA:119,168
DA:120,125
DA:121,43
DA:122,40
DA:124,6
DA:126,3
DA:130,793
DA:131,793
DA:133,793
LF:69
LH:69
end_of_record
TN:
SF:src/structural_canonicalization.cpp
FN:41,41,_ZN10tensorkiln12_GLOBAL__N_1eqERKNS0_12CanonicalKeyES3_
FN:44,52,_ZN10tensorkiln12_GLOBAL__N_1ltERKNS0_12CanonicalKeyES3_
FN:55,70,_ZN10tensorkiln12_GLOBAL__N_119canonical_operationERKSt7variantIJNS_7InputOpENS_10ConstantOpENS_5AddOpENS_8MatMulOpENS_6ReluOpENS_9SoftmaxOpEEE
FN:72,99,_ZN10tensorkiln12_GLOBAL__N_18make_keyERKNS_4NodeESt4spanIKNS_7ValueIdELm18446744073709551615EE
FN:101,144,_ZN10tensorkiln12_GLOBAL__N_124validate_output_contractERKNS_13VerifiedGraphES3_St4spanIKSt8optionalINS_7ValueIdEELm18446744073709551615EE
FN:146,222,_ZN10tensorkiln12_GLOBAL__N_123validate_source_mappingERKNS_13VerifiedGraphES3_St4spanIKSt8optionalINS_7ValueIdEELm18446744073709551615EES4_IKNS0_17SourceDispositionELm18446744073709551615EES4_IKmLm18446744073709551615EE
FN:226,231,_ZN10tensorkiln32StructuralCanonicalizationResultC2ENS_13VerifiedGraphENS_15GraphProvenanceENS_31StructuralCanonicalizationStatsE
FN:233,249,_ZNK10tensorkiln32StructuralCanonicalizationResult4dumpB5cxx11Ev
FN:251,501,_ZN10tensorkiln26StructuralCanonicalization3runERKNS_13VerifiedGraphE
FN:503,529,_ZN10tensorkiln26StructuralCanonicalization3runERKNS_13VerifiedGraphERKNS_15GraphProvenanceE
FNDA:15233,_ZN10tensorkiln12_GLOBAL__N_119canonical_operationERKSt7variantIJNS_7InputOpENS_10ConstantOpENS_5AddOpENS_8MatMulOpENS_6ReluOpENS_9SoftmaxOpEEE
FNDA:279,_ZN10tensorkiln12_GLOBAL__N_123validate_source_mappingERKNS_13VerifiedGraphES3_St4spanIKSt8optionalINS_7ValueIdEELm18446744073709551615EES4_IKNS0_17SourceDispositionELm18446744073709551615EES4_IKmLm18446744073709551615EE
FNDA:279,_ZN10tensorkiln12_GLOBAL__N_124validate_output_contractERKNS_13VerifiedGraphES3_St4spanIKSt8optionalINS_7ValueIdEELm18446744073709551615EE
FNDA:15233,_ZN10tensorkiln12_GLOBAL__N_18make_keyERKNS_4NodeESt4spanIKNS_7ValueIdELm18446744073709551615EE
FNDA:3196,_ZN10tensorkiln12_GLOBAL__N_1eqERKNS0_12CanonicalKeyES3_
FNDA:46926,_ZN10tensorkiln12_GLOBAL__N_1ltERKNS0_12CanonicalKeyES3_
FNDA:279,_ZN10tensorkiln26StructuralCanonicalization3runERKNS_13VerifiedGraphE
FNDA:6,_ZN10tensorkiln26StructuralCanonicalization3runERKNS_13VerifiedGraphERKNS_15GraphProvenanceE
FNDA:283,_ZN10tensorkiln32StructuralCanonicalizationResultC2ENS_13VerifiedGraphENS_15GraphProvenanceENS_31StructuralCanonicalizationStatsE
FNDA:262,_ZNK10tensorkiln32StructuralCanonicalizationResult4dumpB5cxx11Ev
FNF:10
FNH:10
BRDA:41,0,0,0
BRDA:41,0,1,3196
BRDA:41,0,2,0
BRDA:41,0,3,3196
BRDA:41,0,4,0
BRDA:41,0,5,3196
BRDA:41,0,6,0
BRDA:41,0,7,3196
BRDA:41,0,8,0
BRDA:41,0,9,3196
BRDA:41,0,10,0
BRDA:41,0,11,3196
BRDA:41,0,12,0
BRDA:41,0,13,3196
BRDA:57,0,0,6518
BRDA:57,0,1,8715
BRDA:60,0,0,911
BRDA:60,0,1,7804
BRDA:63,0,0,6730
BRDA:63,0,1,1074
BRDA:66,0,0,5
BRDA:66,0,1,1069
BRDA:76,0,0,1069
BRDA:76,0,1,14164
BRDA:81,0,0,14164
BRDA:81,e0,1,0
BRDA:82,0,0,21593
BRDA:82,0,1,14164
BRDA:83,0,0,21593
BRDA:83,e0,1,0
BRDA:90,0,0,14164
BRDA:90,0,2,0
BRDA:90,0,3,0
BRDA:90,e0,1,0
BRDA:92,0,0,5
BRDA:92,0,1,14159
BRDA:104,0,0,0
BRDA:104,0,1,279
BRDA:105,0,0,-
BRDA:105,0,2,-
BRDA:105,e0,1,-
BRDA:105,e0,3,-
BRDA:110,0,0,279
BRDA:110,e0,1,0
BRDA:112,0,0,279
BRDA:112,e0,1,0
BRDA:113,0,0,2722
BRDA:113,0,1,279
BRDA:120,0,0,2722
BRDA:120,0,1,0
BRDA:122,0,0,2722
BRDA:122,0,1,0
BRDA:123,0,0,2722
BRDA:123,0,1,0
BRDA:124,0,0,2722
BRDA:124,0,1,0
BRDA:124,0,2,2722
BRDA:124,0,3,0
BRDA:125,0,0,0
BRDA:125,0,1,2722
BRDA:125,0,2,0
BRDA:125,0,3,2722
BRDA:126,0,0,-
BRDA:126,e0,1,-
BRDA:127,0,0,-
BRDA:127,e0,1,-
BRDA:128,0,0,-
BRDA:128,e0,1,-
BRDA:134,0,0,775
BRDA:134,0,1,1947
BRDA:134,0,2,775
BRDA:134,0,3,0
BRDA:134,0,4,775
BRDA:134,0,5,1947
BRDA:134,0,6,0
BRDA:134,0,7,2722
BRDA:136,0,0,0
BRDA:136,0,1,775
BRDA:137,0,0,-
BRDA:137,0,2,-
BRDA:137,e0,1,-
BRDA:137,e0,3,-
BRDA:152,0,0,5645
BRDA:152,0,1,279
BRDA:155,0,0,0
BRDA:155,0,1,5645
BRDA:156,0,0,5645
BRDA:156,e0,1,0
BRDA:157,0,0,-
BRDA:157,e0,1,-
BRDA:158,0,0,5645
BRDA:158,0,1,0
BRDA:162,0,0,10254
BRDA:162,0,1,279
BRDA:164,0,0,0
BRDA:164,0,1,10254
BRDA:165,0,0,-
BRDA:165,e0,1,-
BRDA:166,0,0,-
BRDA:166,e0,1,-
BRDA:167,0,0,-
BRDA:167,e0,1,-
BRDA:173,0,0,10254
BRDA:173,0,1,0
BRDA:173,0,2,10254
BRDA:173,0,3,0
BRDA:174,0,0,0
BRDA:174,0,1,10254
BRDA:174,0,2,0
BRDA:174,0,3,10254
BRDA:176,0,0,-
BRDA:176,e0,1,-
BRDA:177,0,0,-
BRDA:177,e0,1,-
BRDA:178,0,0,-
BRDA:178,e0,1,-
BRDA:181,0,0,5645
BRDA:181,0,1,4609
BRDA:186,0,0,4609
BRDA:186,e0,1,0
BRDA:187,0,0,6369
BRDA:187,0,1,4609
BRDA:190,0,0,6369
BRDA:190,0,1,0
BRDA:190,0,2,0
BRDA:190,0,3,6369
BRDA:191,0,0,0
BRDA:191,0,1,6369
BRDA:192,0,0,-
BRDA:192,0,2,-
BRDA:192,e0,1,-
BRDA:192,e0,3,-
BRDA:195,0,0,6369
BRDA:195,e0,1,0
BRDA:198,0,0,3196
BRDA:198,0,1,1413
BRDA:201,0,0,3196
BRDA:201,e0,1,0
BRDA:204,0,0,3196
BRDA:204,e0,1,0
BRDA:205,0,0,3196
BRDA:205,0,1,0
BRDA:205,0,2,3196
BRDA:205,0,3,0
BRDA:205,0,4,0
BRDA:205,0,5,3196
BRDA:206,0,0,0
BRDA:206,0,1,3196
BRDA:207,0,0,-
BRDA:207,0,2,-
BRDA:207,e0,1,-
BRDA:207,e0,3,-
BRDA:211,0,0,0
BRDA:211,0,1,3196
BRDA:211,0,2,0
BRDA:211,0,3,3196
BRDA:213,0,0,1413
BRDA:213,0,1,0
BRDA:214,0,0,1413
BRDA:214,0,1,0
BRDA:214,0,2,1413
BRDA:214,0,3,0
BRDA:215,0,0,0
BRDA:215,0,1,1413
BRDA:216,0,0,0
BRDA:216,0,1,1413
BRDA:217,0,0,-
BRDA:217,0,2,-
BRDA:217,e0,1,-
BRDA:217,e0,3,-
BRDA:220,0,0,1413
BRDA:220,0,1,0
BRDA:220,0,2,3196
BRDA:234,0,0,262
BRDA:234,e0,1,0
BRDA:235,0,0,262
BRDA:235,0,2,262
BRDA:235,e0,1,0
BRDA:235,e0,3,0
BRDA:236,0,0,262
BRDA:236,0,2,262
BRDA:236,e0,1,0
BRDA:236,e0,3,0
BRDA:237,0,0,262
BRDA:237,0,2,262
BRDA:237,0,4,262
BRDA:237,e0,1,0
BRDA:237,e0,3,0
BRDA:237,e0,5,0
BRDA:238,0,0,262
BRDA:238,e0,1,0
BRDA:239,0,0,262
BRDA:239,e0,1,0
BRDA:240,0,0,262
BRDA:240,e0,1,0
BRDA:241,0,0,262
BRDA:241,0,2,262
BRDA:241,e0,1,0
BRDA:241,e0,3,0
BRDA:242,0,0,262
BRDA:242,e0,1,0
BRDA:243,0,0,262
BRDA:243,0,2,262
BRDA:243,e0,1,0
BRDA:243,e0,3,0
BRDA:244,0,0,4403
BRDA:244,0,1,262
BRDA:245,0,0,4403
BRDA:245,e0,1,0
BRDA:247,0,0,262
BRDA:247,e0,1,0
BRDA:254,0,0,279
BRDA:254,e0,1,0
BRDA:256,0,0,10254
BRDA:256,0,1,279
BRDA:259,0,0,10254
BRDA:259,0,1,0
BRDA:259,0,2,10254
BRDA:259,0,3,0
BRDA:259,0,4,0
BRDA:259,0,5,10254
BRDA:259,0,6,0
BRDA:259,0,7,10254
BRDA:262,0,0,-
BRDA:262,e0,1,-
BRDA:263,0,0,-
BRDA:263,e0,1,-
BRDA:264,0,0,-
BRDA:264,0,2,-
BRDA:264,e0,1,-
BRDA:264,e0,3,-
BRDA:267,0,0,2722
BRDA:267,0,1,279
BRDA:270,0,0,2722
BRDA:270,0,1,0
BRDA:270,0,2,0
BRDA:270,0,3,2722
BRDA:270,0,4,0
BRDA:270,0,5,2722
BRDA:273,0,0,-
BRDA:273,e0,1,-
BRDA:274,0,0,-
BRDA:274,0,2,-
BRDA:274,e0,1,-
BRDA:274,e0,3,-
BRDA:275,0,0,-
BRDA:275,e0,1,-
BRDA:280,0,0,279
BRDA:280,e0,1,0
BRDA:281,0,0,279
BRDA:281,e0,1,0
BRDA:283,0,0,279
BRDA:283,e0,1,0
BRDA:285,0,0,279
BRDA:285,e0,1,0
BRDA:287,0,0,279
BRDA:287,e0,1,0
BRDA:289,0,0,279
BRDA:289,e0,1,0
BRDA:291,0,0,279
BRDA:291,e0,1,0
BRDA:293,0,0,279
BRDA:293,e0,1,0
BRDA:300,0,0,10254
BRDA:300,0,1,279
BRDA:303,0,0,10254
BRDA:303,e0,1,0
BRDA:304,0,0,13094
BRDA:304,0,1,10254
BRDA:307,0,0,13094
BRDA:307,0,1,0
BRDA:307,0,2,13094
BRDA:307,0,3,0
BRDA:308,0,0,13094
BRDA:308,0,1,0
BRDA:308,0,2,0
BRDA:308,0,3,13094
BRDA:309,0,0,0
BRDA:309,0,1,13094
BRDA:311,0,0,-
BRDA:311,e0,1,-
BRDA:312,0,0,-
BRDA:312,0,2,-
BRDA:312,e0,1,-
BRDA:312,e0,3,-
BRDA:313,0,0,-
BRDA:313,e0,1,-
BRDA:314,0,0,-
BRDA:314,0,2,-
BRDA:314,e0,1,-
BRDA:314,e0,3,-
BRDA:316,0,0,13094
BRDA:316,e0,1,0
BRDA:322,0,0,5273
BRDA:322,0,1,4981
BRDA:322,0,2,5273
BRDA:322,0,3,0
BRDA:322,0,4,5273
BRDA:322,0,5,4981
BRDA:327,0,0,0
BRDA:327,0,1,5273
BRDA:329,0,0,-
BRDA:329,0,2,-
BRDA:329,e0,1,-
BRDA:329,e0,3,-
BRDA:331,0,0,-
BRDA:331,e0,1,-
BRDA:333,0,0,1414
BRDA:333,0,1,3859
BRDA:335,0,0,194
BRDA:335,0,1,1220
BRDA:335,0,2,1413
BRDA:335,0,3,1
BRDA:336,0,0,193
BRDA:336,0,1,1
BRDA:339,0,0,1413
BRDA:339,e0,1,0
BRDA:340,0,0,193
BRDA:340,0,1,1220
BRDA:349,0,0,8841
BRDA:349,e0,1,0
BRDA:350,0,0,7772
BRDA:350,0,1,1069
BRDA:351,0,0,7772
BRDA:351,e0,1,0
BRDA:352,0,0,4542
BRDA:352,0,1,3230
BRDA:357,0,0,0
BRDA:357,0,1,4542
BRDA:359,0,0,-
BRDA:359,0,2,-
BRDA:359,e0,1,-
BRDA:359,e0,3,-
BRDA:361,0,0,-
BRDA:361,e0,1,-
BRDA:363,0,0,0
BRDA:363,0,1,4542
BRDA:365,0,0,-
BRDA:365,0,2,-
BRDA:365,e0,1,-
BRDA:365,e0,3,-
BRDA:366,0,0,-
BRDA:366,e0,1,-
BRDA:368,0,0,1411
BRDA:368,0,1,3131
BRDA:368,0,2,3196
BRDA:368,0,3,1346
BRDA:369,0,0,65
BRDA:369,0,1,1346
BRDA:372,0,0,3196
BRDA:372,e0,1,0
BRDA:373,0,0,65
BRDA:373,0,1,3131
BRDA:382,0,0,1347
BRDA:382,0,1,4298
BRDA:386,0,0,5645
BRDA:386,e0,1,0
BRDA:387,0,0,0
BRDA:387,0,1,5645
BRDA:389,0,0,-
BRDA:389,0,2,-
BRDA:389,e0,1,-
BRDA:389,e0,3,-
BRDA:394,0,0,0
BRDA:394,0,1,5645
BRDA:396,0,0,-
BRDA:396,0,2,-
BRDA:396,e0,1,-
BRDA:396,e0,3,-
BRDA:397,0,0,-
BRDA:397,e0,1,-
BRDA:401,0,0,5645
BRDA:401,e0,1,0
BRDA:402,0,0,5645
BRDA:402,e0,1,0
BRDA:403,0,0,5645
BRDA:403,e0,1,0
BRDA:404,0,0,2425
BRDA:404,0,1,3220
BRDA:404,0,2,5645
BRDA:404,e0,3,0
BRDA:407,0,0,1689
BRDA:407,0,1,3956
BRDA:407,0,2,5645
BRDA:407,e0,3,0
BRDA:408,0,0,5645
BRDA:408,e0,1,0
BRDA:409,0,0,4576
BRDA:409,0,1,1069
BRDA:412,0,0,4576
BRDA:412,e0,1,0
BRDA:414,0,0,5645
BRDA:414,0,1,0
BRDA:414,0,2,5645
BRDA:414,0,3,0
BRDA:414,0,4,3196
BRDA:414,0,5,5645
BRDA:414,0,6,0
BRDA:414,0,7,4609
BRDA:416,0,0,2722
BRDA:416,0,1,279
BRDA:419,0,0,2722
BRDA:419,0,1,0
BRDA:419,0,2,0
BRDA:419,0,3,2722
BRDA:420,0,0,0
BRDA:420,0,1,2722
BRDA:422,0,0,-
BRDA:422,e0,1,-
BRDA:423,0,0,-
BRDA:423,e0,1,-
BRDA:424,0,0,-
BRDA:424,e0,1,-
BRDA:427,0,0,2722
BRDA:427,0,2,2722
BRDA:427,e0,1,0
BRDA:427,e0,3,0
BRDA:428,0,0,0
BRDA:428,0,1,2722
BRDA:430,0,0,-
BRDA:430,e0,1,-
BRDA:431,0,0,-
BRDA:431,0,2,-
BRDA:431,0,4,-
BRDA:431,e0,1,-
BRDA:431,e0,3,-
BRDA:431,e0,5,-
BRDA:432,0,0,-
BRDA:432,0,2,-
BRDA:432,e0,1,-
BRDA:432,e0,3,-
BRDA:433,0,0,-
BRDA:433,0,2,-
BRDA:433,e0,1,-
BRDA:433,e0,3,-
BRDA:435,0,0,2722
BRDA:435,0,1,0
BRDA:437,0,0,279
BRDA:437,e0,1,0
BRDA:438,0,0,0
BRDA:438,0,1,279
BRDA:440,0,0,-
BRDA:440,e0,1,-
BRDA:441,0,0,-
BRDA:441,e0,1,-
BRDA:442,0,0,-
BRDA:442,0,2,-
BRDA:442,0,4,-
BRDA:442,e0,1,-
BRDA:442,e0,3,-
BRDA:442,e0,5,-
BRDA:443,0,0,-
BRDA:443,e0,1,-
BRDA:453,0,0,279
BRDA:453,0,1,0
BRDA:454,0,0,279
BRDA:454,0,1,0
BRDA:455,0,0,279
BRDA:455,0,1,0
BRDA:455,0,2,0
BRDA:455,0,3,279
BRDA:456,0,0,0
BRDA:456,0,1,279
BRDA:458,0,0,-
BRDA:458,0,2,-
BRDA:458,e0,1,-
BRDA:458,e0,3,-
BRDA:459,0,0,-
BRDA:459,e0,1,-
BRDA:462,0,0,0
BRDA:462,0,1,279
BRDA:463,0,0,279
BRDA:463,e0,1,0
BRDA:464,0,0,-
BRDA:464,0,2,-
BRDA:464,e0,1,-
BRDA:464,e0,3,-
BRDA:465,0,0,279
BRDA:465,0,1,0
BRDA:466,0,0,279
BRDA:466,0,2,0
BRDA:466,0,3,279
BRDA:466,e0,1,0
BRDA:467,0,0,-
BRDA:467,0,2,-
BRDA:467,e0,1,-
BRDA:467,e0,3,-
BRDA:468,0,0,279
BRDA:468,0,1,0
BRDA:471,0,0,5645
BRDA:471,0,1,279
BRDA:474,0,0,0
BRDA:474,0,1,279
BRDA:476,0,0,-
BRDA:476,0,2,-
BRDA:476,e0,1,-
BRDA:476,e0,3,-
BRDA:477,0,0,-
BRDA:477,e0,1,-
BRDA:481,0,0,279
BRDA:481,e0,1,0
BRDA:482,0,0,0
BRDA:482,0,1,279
BRDA:484,0,0,-
BRDA:484,e0,1,-
BRDA:485,0,0,-
BRDA:485,e0,1,-
BRDA:486,0,0,-
BRDA:486,0,2,-
BRDA:486,0,4,-
BRDA:486,e0,1,-
BRDA:486,e0,3,-
BRDA:486,e0,5,-
BRDA:487,0,0,-
BRDA:487,e0,1,-
BRDA:500,0,0,279
BRDA:500,e0,1,0
BRDA:506,0,0,2
BRDA:506,0,1,4
BRDA:507,0,0,6
BRDA:507,e0,1,0
BRDA:508,0,0,2
BRDA:508,0,2,2
BRDA:508,e0,1,0
BRDA:508,e0,3,0
BRDA:509,0,0,4
BRDA:509,0,1,2
BRDA:511,0,0,4
BRDA:511,e0,1,0
BRDA:512,0,0,0
BRDA:512,0,1,4
BRDA:514,0,0,-
BRDA:514,0,2,-
BRDA:514,e0,1,-
BRDA:514,e0,3,-
BRDA:519,0,0,4
BRDA:519,e0,1,0
BRDA:520,0,0,0
BRDA:520,0,1,4
BRDA:522,0,0,-
BRDA:522,0,2,-
BRDA:522,e0,1,-
BRDA:522,e0,3,-
BRDA:528,0,0,4
BRDA:528,e0,1,0
BRF:545
BRH:229
DA:33,3196
DA:34,3196
DA:35,3196
DA:36,3196
DA:37,3196
DA:38,3196
DA:39,3196
DA:41,3196
DA:44,46926
DA:46,93852
DA:47,46926
DA:48,46926
DA:49,46926
DA:50,46926
DA:51,93852
DA:55,15233
DA:57,15233
DA:58,6518
DA:60,8715
DA:61,911
DA:63,7804
DA:64,6730
DA:66,1074
DA:67,5
DA:69,1069
DA:72,15233
DA:75,15233
DA:76,15233
DA:77,1069
DA:80,14164
DA:81,14164
DA:82,35757
DA:83,21593
DA:86,14164
DA:87,14164
DA:89,14164
DA:90,56656
DA:91,14164
DA:92,14164
DA:93,14164
DA:94,14164
DA:96,14164
DA:97,14164
DA:98,14164
DA:99,14164
DA:101,279
DA:104,279
DA:105,0
DA:106,0
DA:110,279
DA:112,279
DA:113,3001
DA:114,2722
DA:115,2722
DA:117,2722
DA:119,2722
DA:120,5444
DA:121,2722
DA:122,2722
DA:123,2722
DA:124,8166
DA:125,5444
DA:126,0
DA:127,0
DA:128,0
DA:131,2722
DA:132,2722
DA:133,2722
DA:134,6219
DA:135,2722
DA:136,775
DA:137,0
DA:138,0
DA:140,2722
DA:141,2722
DA:143,279
DA:144,279
DA:146,279
DA:151,5924
DA:152,5924
DA:154,5645
DA:155,5645
DA:156,5645
DA:157,0
DA:158,5645
DA:161,10533
DA:162,10533
DA:163,10254
DA:164,10254
DA:165,0
DA:166,0
DA:167,0
DA:169,10254
DA:171,10254
DA:172,10254
DA:173,20508
DA:174,30762
DA:175,20508
DA:176,0
DA:177,0
DA:178,0
DA:181,10254
DA:182,8841
DA:185,4609
DA:186,4609
DA:187,10978
DA:189,6369
DA:190,12738
DA:191,6369
DA:192,0
DA:193,0
DA:195,6369
DA:198,4609
DA:201,3196
DA:203,3196
DA:204,6392
DA:205,6392
DA:206,3196
DA:207,0
DA:208,0
DA:210,3196
DA:211,6392
DA:213,2826
DA:214,4239
DA:215,1413
DA:216,2826
DA:217,0
DA:218,0
DA:220,4609
DA:221,279
DA:226,283
DA:228,283
DA:229,283
DA:230,283
DA:231,283
DA:233,262
DA:234,262
DA:235,524
DA:236,1048
DA:237,786
DA:238,524
DA:239,1048
DA:240,524
DA:241,786
DA:242,524
DA:243,786
DA:244,4665
DA:245,4403
DA:247,262
DA:248,262
DA:249,0
DA:251,279
DA:253,279
DA:254,279
DA:256,10533
DA:257,10254
DA:258,10254
DA:259,20508
DA:260,10254
DA:262,0
DA:263,0
DA:264,0
DA:267,3001
DA:269,2722
DA:270,5444
DA:271,2722
DA:273,0
DA:274,0
DA:275,0
DA:277,2722
DA:280,279
DA:281,558
DA:283,279
DA:284,279
DA:285,279
DA:286,279
DA:287,279
DA:288,279
DA:289,279
DA:290,279
DA:291,279
DA:292,279
DA:293,279
DA:294,279
DA:296,279
DA:297,279
DA:298,279
DA:300,10533
DA:301,10254
DA:302,10254
DA:303,10254
DA:304,23348
DA:306,13094
DA:307,39282
DA:308,39282
DA:309,13094
DA:311,0
DA:312,0
DA:313,0
DA:314,0
DA:316,13094
DA:319,10254
DA:320,10254
DA:322,15527
DA:323,5273
DA:324,5273
DA:326,5273
DA:327,5273
DA:329,0
DA:331,0
DA:333,5273
DA:334,1414
DA:335,1608
DA:336,194
DA:337,1413
DA:338,1413
DA:339,1413
DA:340,1413
DA:341,193
DA:343,1413
DA:344,1413
DA:349,8841
DA:350,8841
DA:351,7772
DA:352,7772
DA:353,4542
DA:354,4542
DA:356,4542
DA:357,4542
DA:359,0
DA:361,0
DA:363,4542
DA:365,0
DA:366,0
DA:368,5953
DA:369,1411
DA:370,3196
DA:371,3196
DA:372,3196
DA:373,3196
DA:374,65
DA:376,3196
DA:377,3196
DA:382,5645
DA:383,1347
DA:386,5645
DA:387,5645
DA:389,0
DA:391,5645
DA:393,5645
DA:394,5645
DA:396,0
DA:397,0
DA:400,5645
DA:401,5645
DA:402,16935
DA:403,5645
DA:404,5645
DA:405,5645
DA:407,5645
DA:408,5645
DA:409,5645
DA:412,4576
DA:414,13450
DA:416,3001
DA:418,2722
DA:419,5444
DA:420,2722
DA:422,0
DA:423,0
DA:424,0
DA:427,2722
DA:428,2722
DA:430,0
DA:431,0
DA:432,0
DA:433,0
DA:435,2722
DA:437,279
DA:438,279
DA:440,0
DA:441,0
DA:442,0
DA:443,0
DA:445,279
DA:448,279
DA:450,279
DA:451,279
DA:453,558
DA:454,558
DA:455,837
DA:456,279
DA:458,0
DA:459,0
DA:462,279
DA:463,279
DA:464,0
DA:465,279
DA:466,279
DA:467,0
DA:468,279
DA:470,279
DA:471,5924
DA:472,5645
DA:474,279
DA:476,0
DA:477,0
DA:481,279
DA:482,279
DA:484,0
DA:485,0
DA:486,0
DA:487,0
DA:497,279
DA:499,837
DA:500,837
DA:501,279
DA:503,6
DA:506,6
DA:507,6
DA:508,2
DA:509,6
DA:511,4
DA:512,4
DA:514,0
DA:517,4
DA:519,4
DA:520,4
DA:522,0
DA:526,12
DA:527,4
DA:528,8
DA:529,4
LF:333
LH:270
end_of_record
TN:
SF:src/tensor_type.cpp
FN:14,21,_ZN10tensorkiln12_GLOBAL__N_122unsupported_type_errorENS_11ElementTypeE
FN:23,28,_ZN10tensorkiln12_GLOBAL__N_119byte_overflow_errorEv
FN:30,37,_ZN10tensorkiln12_GLOBAL__N_116byte_limit_errorEmm
FN:41,45,_ZN10tensorkiln10TensorTypeC2ENS_5ShapeENS_11ElementTypeEm
FN:47,76,_ZN10tensorkiln10TensorType6createENS_5ShapeENS_11ElementTypeENS_12TensorLimitsE
FN:78,80,_ZNK10tensorkiln10TensorType9to_stringB5cxx11Ev
FN:82,88,_ZN10tensorkiln17element_type_nameENS_11ElementTypeE
FNDA:17306,_ZN10tensorkiln10TensorType6createENS_5ShapeENS_11ElementTypeENS_12TensorLimitsE
FNDA:17238,_ZN10tensorkiln10TensorTypeC2ENS_5ShapeENS_11ElementTypeEm
FNDA:66,_ZN10tensorkiln12_GLOBAL__N_116byte_limit_errorEmm
FNDA:1,_ZN10tensorkiln12_GLOBAL__N_119byte_overflow_errorEv
FNDA:1,_ZN10tensorkiln12_GLOBAL__N_122unsupported_type_errorENS_11ElementTypeE
FNDA:30324,_ZN10tensorkiln17element_type_nameENS_11ElementTypeE
FNDA:30323,_ZNK10tensorkiln10TensorType9to_stringB5cxx11Ev
FNF:7
FNH:7
BRDA:16,0,0,1
BRDA:16,e0,1,0
BRDA:24,0,0,1
BRDA:24,e0,1,0
BRDA:32,0,0,66
BRDA:32,e0,1,0
BRDA:34,0,0,66
BRDA:34,0,2,66
BRDA:34,0,4,66
BRDA:34,e0,1,0
BRDA:34,e0,3,0
BRDA:34,e0,5,0
BRDA:35,0,0,66
BRDA:35,e0,1,0
BRDA:51,0,0,17305
BRDA:51,0,1,1
BRDA:57,0,0,1
BRDA:57,0,2,1
BRDA:57,e0,1,0
BRDA:57,e0,3,0
BRDA:60,0,0,1
BRDA:60,0,1,17304
BRDA:61,0,0,1
BRDA:61,0,2,1
BRDA:61,e0,1,0
BRDA:61,e0,3,0
BRDA:65,0,0,0
BRDA:65,0,1,17304
BRDA:67,0,0,-
BRDA:67,0,2,-
BRDA:67,e0,1,-
BRDA:67,e0,3,-
BRDA:69,0,0,66
BRDA:69,0,1,17238
BRDA:71,0,0,66
BRDA:71,0,2,66
BRDA:71,e0,1,0
BRDA:71,e0,3,0
BRDA:75,0,0,17238
BRDA:75,e0,1,0
BRDA:79,0,0,30323
BRDA:79,0,2,30323
BRDA:79,0,4,30323
BRDA:79,e0,1,0
BRDA:79,e0,3,0
BRDA:79,e0,5,0
BRDA:83,0,0,30323
BRDA:83,0,1,1
BRF:48
BRH:26
DA:14,1
DA:16,1
DA:19,2
DA:20,2
DA:23,1
DA:24,3
DA:27,2
DA:30,66
DA:32,66
DA:34,132
DA:35,132
DA:36,132
DA:41,17238
DA:42,17238
DA:43,17238
DA:44,17238
DA:45,17238
DA:47,17306
DA:50,17306
DA:51,17306
DA:52,17305
DA:53,17305
DA:54,17305
DA:55,1
DA:57,1
DA:60,17305
DA:61,1
DA:63,17304
DA:65,17304
DA:66,17304
DA:67,0
DA:69,17304
DA:71,66
DA:75,17238
DA:78,30323
DA:79,60646
DA:82,30324
DA:83,30324
DA:84,30323
DA:85,30323
DA:87,1
LF:41
LH:40
end_of_record
